Log file open, 10/24/22 10:32:32
LogWindows: Failed to load 'aqProf.dll' (GetLastError=126)
LogWindows: File 'aqProf.dll' does not exist
LogWindows: Failed to load 'VtuneApi.dll' (GetLastError=126)
LogWindows: File 'VtuneApi.dll' does not exist
LogWindows: Failed to load 'VtuneApi32e.dll' (GetLastError=126)
LogWindows: File 'VtuneApi32e.dll' does not exist
LogConsoleResponse: Display: Failed to find resolution value strings in scalability ini. Falling back to default.
LogConsoleResponse: Display: Failed to find resolution value strings in scalability ini. Falling back to default.
LogInit: Display: Running engine for game: BAT9
LogPlatformFile: Not using cached read wrapper
LogTaskGraph: Started task graph with 5 named threads and 20 total threads with 3 sets of task threads.
LogStats: Stats thread started at 0.370999
LogICUInternationalization: ICU TimeZone Detection - Raw Offset: +0:00, Platform Override: ''
LogInit: Display: Loading text-based GConfig....
LogPluginManager: Mounting plugin MeshPainting
LogPluginManager: Mounting plugin XGEController
LogPluginManager: Mounting plugin Paper2D
LogPluginManager: Mounting plugin LightPropagationVolume
LogPluginManager: Mounting plugin AISupport
LogPluginManager: Mounting plugin EnvironmentQueryEditor
LogPluginManager: Mounting plugin OodleData
LogPluginManager: Mounting plugin OodleNetwork
LogPluginManager: Mounting plugin LiveLink
LogPluginManager: Mounting plugin CameraShakePreviewer
LogPluginManager: Mounting plugin GameplayCameras
LogPluginManager: Mounting plugin AnimationSharing
LogPluginManager: Mounting plugin CLionSourceCodeAccess
LogPluginManager: Mounting plugin CodeLiteSourceCodeAccess
LogPluginManager: Mounting plugin GitSourceControl
LogPluginManager: Mounting plugin KDevelopSourceCodeAccess
LogPluginManager: Mounting plugin NullSourceCodeAccess
LogPluginManager: Mounting plugin PixWinPlugin
LogPluginManager: Mounting plugin PerforceSourceControl
LogPluginManager: Mounting plugin PlasticSourceControl
LogPluginManager: Mounting plugin PluginUtils
LogPluginManager: Mounting plugin RiderSourceCodeAccess
LogPluginManager: Mounting plugin PropertyAccessNode
LogPluginManager: Mounting plugin SubversionSourceControl
LogPluginManager: Mounting plugin TextureFormatOodle
LogPluginManager: Mounting plugin UObjectPlugin
LogPluginManager: Mounting plugin VisualStudioSourceCodeAccess
LogPluginManager: Mounting plugin VisualStudioCodeSourceCodeAccess
LogPluginManager: Mounting plugin XCodeSourceCodeAccess
LogPluginManager: Mounting plugin DatasmithContent
LogPluginManager: Mounting plugin AssetManagerEditor
LogPluginManager: Mounting plugin CryptoKeys
LogPluginManager: Mounting plugin CurveEditorTools
LogPluginManager: Mounting plugin DataValidation
LogPluginManager: Mounting plugin FacialAnimation
LogPluginManager: Mounting plugin VariantManagerContent
LogPluginManager: Mounting plugin GameplayTagsEditor
LogPluginManager: Mounting plugin GeometryMode
LogPluginManager: Mounting plugin MacGraphicsSwitching
LogPluginManager: Mounting plugin MaterialAnalyzer
LogPluginManager: Mounting plugin MobileLauncherProfileWizard
LogPluginManager: Mounting plugin PluginBrowser
LogPluginManager: Mounting plugin SpeedTreeImporter
LogPluginManager: Mounting plugin AlembicImporter
LogPluginManager: Mounting plugin AutomationUtils
LogPluginManager: Mounting plugin Niagara
LogPluginManager: Mounting plugin BackChannel
LogPluginManager: Mounting plugin ChaosCloth
LogPluginManager: Mounting plugin ChaosClothEditor
LogPluginManager: Mounting plugin ChaosNiagara
LogPluginManager: Mounting plugin ChaosSolverPlugin
LogPluginManager: Mounting plugin CharacterAI
LogPluginManager: Mounting plugin GeometryCache
LogPluginManager: Mounting plugin GeometryProcessing
LogPluginManager: Mounting plugin GeometryCollectionPlugin
LogPluginManager: Mounting plugin ChaosEditor
LogPluginManager: Mounting plugin MotoSynth
LogPluginManager: Mounting plugin OpenImageDenoise
LogPluginManager: Mounting plugin PlanarCut
LogPluginManager: Mounting plugin PlatformCrypto
LogPluginManager: Mounting plugin ProxyLODPlugin
LogPluginManager: Mounting plugin PythonScriptPlugin
LogPluginManager: Mounting plugin SkeletalReduction
LogPluginManager: Mounting plugin LuminPlatformFeatures
LogPluginManager: Mounting plugin MagicLeap
LogPluginManager: Mounting plugin MagicLeapLightEstimation
LogPluginManager: Mounting plugin MagicLeapMedia
LogPluginManager: Mounting plugin MagicLeapPassableWorld
LogPluginManager: Mounting plugin MLSDK
LogPluginManager: Mounting plugin AndroidMedia
LogPluginManager: Mounting plugin AvfMedia
LogPluginManager: Mounting plugin ImgMedia
LogPluginManager: Mounting plugin MediaCompositing
LogPluginManager: Mounting plugin MediaPlayerEditor
LogPluginManager: Mounting plugin WebMMedia
LogPluginManager: Mounting plugin WmfMedia
LogPluginManager: Mounting plugin TcpMessaging
LogPluginManager: Mounting plugin UdpMessaging
LogPluginManager: Mounting plugin LauncherChunkInstaller
LogPluginManager: Mounting plugin ActorLayerUtilities
LogPluginManager: Mounting plugin AndroidMoviePlayer
LogPluginManager: Mounting plugin AndroidDeviceProfileSelector
LogPluginManager: Mounting plugin AndroidPermission
LogPluginManager: Mounting plugin AppleImageUtils
LogPluginManager: Mounting plugin AppleMoviePlayer
LogPluginManager: Mounting plugin AssetTags
LogPluginManager: Mounting plugin ArchVisCharacter
LogPluginManager: Mounting plugin AudioCapture
LogPluginManager: Mounting plugin AudioSynesthesia
LogPluginManager: Mounting plugin CableComponent
LogPluginManager: Mounting plugin CustomMeshComponent
LogPluginManager: Mounting plugin EditableMesh
LogPluginManager: Mounting plugin ChunkDownloader
LogPluginManager: Mounting plugin ExampleDeviceProfileSelector
LogPluginManager: Mounting plugin GoogleCloudMessaging
LogPluginManager: Mounting plugin GooglePAD
LogPluginManager: Mounting plugin OnlineSubsystem
LogPluginManager: Mounting plugin OnlineSubsystemNull
LogPluginManager: Mounting plugin OnlineSubsystemUtils
LogPluginManager: Mounting plugin ScreenshotTools
LogPluginManager: Mounting plugin IOSDeviceProfileSelector
LogPluginManager: Mounting plugin LinuxDeviceProfileSelector
LogPluginManager: Mounting plugin LocationServicesBPLibrary
LogPluginManager: Mounting plugin MobilePatchingUtils
LogPluginManager: Mounting plugin OpenXR
LogPluginManager: Mounting plugin OpenXREyeTracker
LogPluginManager: Mounting plugin OpenXRHandTracking
LogPluginManager: Mounting plugin PhysXVehicles
LogPluginManager: Mounting plugin PostSplashScreen
LogPluginManager: Mounting plugin PropertyAccessEditor
LogPluginManager: Mounting plugin ProceduralMeshComponent
LogPluginManager: Mounting plugin RuntimePhysXCooking
LogPluginManager: Mounting plugin SignificanceManager
LogPluginManager: Mounting plugin SoundFields
LogPluginManager: Mounting plugin Synthesis
LogPluginManager: Mounting plugin WebMMoviePlayer
LogPluginManager: Mounting plugin WindowsMoviePlayer
LogPluginManager: Mounting plugin Takes
LogPluginManager: Mounting plugin ActorSequence
LogPluginManager: Mounting plugin LevelSequenceEditor
LogPluginManager: Mounting plugin MatineeToLevelSequence
LogPluginManager: Mounting plugin TemplateSequence
LogPluginManager: Mounting plugin ContentBrowserAssetDataSource
LogPluginManager: Mounting plugin ContentBrowserClassDataSource
LogPluginManager: Mounting plugin ContentBrowserFileDataSource
LogPluginManager: Mounting plugin OnlineSubsystemGooglePlay
LogPluginManager: Mounting plugin OnlineSubsystemIOS
LogPluginManager: Mounting plugin OculusVR
LogPluginManager: Mounting plugin SteamVR
PixWinPlugin: PIX capture plugin failed to initialize! Check that the process is launched from PIX.
LogInit: Using libcurl 7.55.1-DEV
LogInit:  - built for x86_64-pc-win32
LogInit:  - supports SSL with OpenSSL/1.1.1
LogInit:  - supports HTTP deflate (compression) using libz 1.2.8
LogInit:  - other features:
LogInit:      CURL_VERSION_SSL
LogInit:      CURL_VERSION_LIBZ
LogInit:      CURL_VERSION_IPV6
LogInit:      CURL_VERSION_ASYNCHDNS
LogInit:      CURL_VERSION_LARGEFILE
LogInit:      CURL_VERSION_IDN
LogInit:  CurlRequestOptions (configurable via config and command line):
LogInit:  - bVerifyPeer = true  - Libcurl will verify peer certificate
LogInit:  - bUseHttpProxy = false  - Libcurl will NOT use HTTP proxy
LogInit:  - bDontReuseConnections = false  - Libcurl will reuse connections
LogInit:  - MaxHostConnections = 16  - Libcurl will limit the number of connections to a host
LogInit:  - LocalHostAddr = Default
LogInit:  - BufferSize = 65536
LogOnline: OSS: Creating online subsystem instance for: NULL
LogInit: WinSock: version 1.1 (2.2), MaxSocks=32767, MaxUdp=65467
LogOnline: OSS: TryLoadSubsystemAndSetDefault: Loaded subsystem for module [NULL]
LogOculusPluginWrapper: OculusPlugin initialized successfully
LogHMD: Failed initializing OVRPlugin 1.59.0
LogInit: Build: ++UE4+Release-4.27-CL-18319896
LogInit: Engine Version: 4.27.2-18319896+++UE4+Release-4.27
LogInit: Compatible Engine Version: 4.27.0-17155196+++UE4+Release-4.27
LogInit: Net CL: 17155196
LogInit: OS: Windows 10 (Release 2009) (), CPU: Intel(R) Core(TM) i7-7800X CPU @ 3.50GHz, GPU: NVIDIA GeForce GTX 1080 Ti
LogInit: Compiled (64-bit): Nov 30 2021 07:12:08
LogInit: Compiled with Visual C++: 19.24.28315.00
LogInit: Build Configuration: Development
LogInit: Branch Name: ++UE4+Release-4.27
LogInit: Command Line: 
LogInit: Base Directory: C:/Program Files/Epic Games/UE_4.27/Engine/Binaries/Win64/
LogInit: Allocator: TBB
LogInit: Installed Engine Build: 1
LogDevObjectVersion: Number of dev versions registered: 29
LogDevObjectVersion:   Dev-Blueprints (B0D832E4-1F89-4F0D-ACCF-7EB736FD4AA2): 10
LogDevObjectVersion:   Dev-Build (E1C64328-A22C-4D53-A36C-8E866417BD8C): 0
LogDevObjectVersion:   Dev-Core (375EC13C-06E4-48FB-B500-84F0262A717E): 4
LogDevObjectVersion:   Dev-Editor (E4B068ED-F494-42E9-A231-DA0B2E46BB41): 40
LogDevObjectVersion:   Dev-Framework (CFFC743F-43B0-4480-9391-14DF171D2073): 37
LogDevObjectVersion:   Dev-Mobile (B02B49B5-BB20-44E9-A304-32B752E40360): 3
LogDevObjectVersion:   Dev-Networking (A4E4105C-59A1-49B5-A7C5-40C4547EDFEE): 0
LogDevObjectVersion:   Dev-Online (39C831C9-5AE6-47DC-9A44-9C173E1C8E7C): 0
LogDevObjectVersion:   Dev-Physics (78F01B33-EBEA-4F98-B9B4-84EACCB95AA2): 14
LogDevObjectVersion:   Dev-Platform (6631380F-2D4D-43E0-8009-CF276956A95A): 0
LogDevObjectVersion:   Dev-Rendering (12F88B9F-8875-4AFC-A67C-D90C383ABD29): 45
LogDevObjectVersion:   Dev-Sequencer (7B5AE74C-D270-4C10-A958-57980B212A5A): 13
LogDevObjectVersion:   Dev-VR (D7296918-1DD6-4BDD-9DE2-64A83CC13884): 3
LogDevObjectVersion:   Dev-LoadTimes (C2A15278-BFE7-4AFE-6C17-90FF531DF755): 1
LogDevObjectVersion:   Private-Geometry (6EACA3D4-40EC-4CC1-B786-8BED09428FC5): 3
LogDevObjectVersion:   Dev-AnimPhys (29E575DD-E0A3-4627-9D10-D276232CDCEA): 17
LogDevObjectVersion:   Dev-Anim (AF43A65D-7FD3-4947-9873-3E8ED9C1BB05): 15
LogDevObjectVersion:   Dev-ReflectionCapture (6B266CEC-1EC7-4B8F-A30B-E4D90942FC07): 1
LogDevObjectVersion:   Dev-Automation (0DF73D61-A23F-47EA-B727-89E90C41499A): 1
LogDevObjectVersion:   FortniteMain (601D1886-AC64-4F84-AA16-D3DE0DEAC7D6): 47
LogDevObjectVersion:   FortniteRelease (E7086368-6B23-4C58-8439-1B7016265E91): 1
LogDevObjectVersion:   Dev-Enterprise (9DFFBCD6-494F-0158-E221-12823C92A888): 10
LogDevObjectVersion:   Dev-Niagara (F2AED0AC-9AFE-416F-8664-AA7FFA26D6FC): 1
LogDevObjectVersion:   Dev-Destruction (174F1F0B-B4C6-45A5-B13F-2EE8D0FB917D): 10
LogDevObjectVersion:   Dev-Physics-Ext (35F94A83-E258-406C-A318-09F59610247C): 41
LogDevObjectVersion:   Dev-PhysicsMaterial-Chaos (B68FC16E-8B1B-42E2-B453-215C058844FE): 1
LogDevObjectVersion:   Dev-CineCamera (B2E18506-4273-CFC2-A54E-F4BB758BBA07): 1
LogDevObjectVersion:   Dev-VirtualProduction (64F58936-FD1B-42BA-BA96-7289D5D0FA4E): 1
LogDevObjectVersion:   Dev-MediaFramework (6F0ED827-A609-4895-9C91-998D90180EA4): 2
LogInit: Presizing for max 25165824 objects, including 0 objects not considered by GC, pre-allocating 0 bytes for permanent pool.
LogConfig: Applying CVar settings from Section [/Script/Engine.StreamingSettings] File [U:/Beta-Arcade/BAT9/Saved/Config/Windows/Engine.ini]
LogConfig: Setting CVar [[s.MinBulkDataSizeForAsyncLoading:131072]]
LogConfig: Setting CVar [[s.AsyncLoadingThreadEnabled:0]]
LogConfig: Setting CVar [[s.EventDrivenLoaderEnabled:1]]
LogConfig: Setting CVar [[s.WarnIfTimeLimitExceeded:0]]
LogConfig: Setting CVar [[s.TimeLimitExceededMultiplier:1.5]]
LogConfig: Setting CVar [[s.TimeLimitExceededMinTime:0.005]]
LogConfig: Setting CVar [[s.UseBackgroundLevelStreaming:1]]
LogConfig: Setting CVar [[s.PriorityAsyncLoadingExtraTime:15.0]]
LogConfig: Setting CVar [[s.LevelStreamingActorsUpdateTimeLimit:5.0]]
LogConfig: Setting CVar [[s.PriorityLevelStreamingActorsUpdateExtraTime:5.0]]
LogConfig: Setting CVar [[s.LevelStreamingComponentsRegistrationGranularity:10]]
LogConfig: Setting CVar [[s.UnregisterComponentsTimeLimit:1.0]]
LogConfig: Setting CVar [[s.LevelStreamingComponentsUnregistrationGranularity:5]]
LogConfig: Setting CVar [[s.FlushStreamingOnExit:1]]
LogInit: Object subsystem initialized
LogConfig: Setting CVar [[con.DebugEarlyDefault:1]]
LogConfig: Setting CVar [[r.setres:1280x720]]
[2022.10.24-09.32.34:217][  0]LogConfig: Setting CVar [[r.VSync:0]]
[2022.10.24-09.32.34:217][  0]LogConfig: Setting CVar [[r.RHICmdBypass:0]]
[2022.10.24-09.32.34:217][  0]LogConfig: Applying CVar settings from Section [/Script/Engine.RendererSettings] File [U:/Beta-Arcade/BAT9/Saved/Config/Windows/Engine.ini]
[2022.10.24-09.32.34:217][  0]LogConfig: Setting CVar [[r.GPUCrashDebugging:0]]
[2022.10.24-09.32.34:217][  0]LogConfig: Applying CVar settings from Section [/Script/Engine.RendererOverrideSettings] File [U:/Beta-Arcade/BAT9/Saved/Config/Windows/Engine.ini]
[2022.10.24-09.32.34:217][  0]LogConfig: Applying CVar settings from Section [/Script/Engine.StreamingSettings] File [U:/Beta-Arcade/BAT9/Saved/Config/Windows/Engine.ini]
[2022.10.24-09.32.34:217][  0]LogConfig: Setting CVar [[s.MinBulkDataSizeForAsyncLoading:131072]]
[2022.10.24-09.32.34:217][  0]LogConfig: Setting CVar [[s.AsyncLoadingThreadEnabled:0]]
[2022.10.24-09.32.34:217][  0]LogConfig: Setting CVar [[s.EventDrivenLoaderEnabled:1]]
[2022.10.24-09.32.34:217][  0]LogConfig: Setting CVar [[s.WarnIfTimeLimitExceeded:0]]
[2022.10.24-09.32.34:217][  0]LogConfig: Setting CVar [[s.TimeLimitExceededMultiplier:1.5]]
[2022.10.24-09.32.34:217][  0]LogConfig: Setting CVar [[s.TimeLimitExceededMinTime:0.005]]
[2022.10.24-09.32.34:217][  0]LogConfig: Setting CVar [[s.UseBackgroundLevelStreaming:1]]
[2022.10.24-09.32.34:217][  0]LogConfig: Setting CVar [[s.PriorityAsyncLoadingExtraTime:15.0]]
[2022.10.24-09.32.34:217][  0]LogConfig: Setting CVar [[s.LevelStreamingActorsUpdateTimeLimit:5.0]]
[2022.10.24-09.32.34:217][  0]LogConfig: Setting CVar [[s.PriorityLevelStreamingActorsUpdateExtraTime:5.0]]
[2022.10.24-09.32.34:217][  0]LogConfig: Setting CVar [[s.LevelStreamingComponentsRegistrationGranularity:10]]
[2022.10.24-09.32.34:217][  0]LogConfig: Setting CVar [[s.UnregisterComponentsTimeLimit:1.0]]
[2022.10.24-09.32.34:217][  0]LogConfig: Setting CVar [[s.LevelStreamingComponentsUnregistrationGranularity:5]]
[2022.10.24-09.32.34:217][  0]LogConfig: Setting CVar [[s.FlushStreamingOnExit:1]]
[2022.10.24-09.32.34:217][  0]LogConfig: Applying CVar settings from Section [/Script/Engine.GarbageCollectionSettings] File [U:/Beta-Arcade/BAT9/Saved/Config/Windows/Engine.ini]
[2022.10.24-09.32.34:217][  0]LogConfig: Setting CVar [[gc.MaxObjectsNotConsideredByGC:1]]
[2022.10.24-09.32.34:217][  0]LogConfig: Setting CVar [[gc.SizeOfPermanentObjectPool:0]]
[2022.10.24-09.32.34:217][  0]LogConfig: Setting CVar [[gc.FlushStreamingOnGC:0]]
[2022.10.24-09.32.34:217][  0]LogConfig: Setting CVar [[gc.NumRetriesBeforeForcingGC:10]]
[2022.10.24-09.32.34:217][  0]LogConfig: Setting CVar [[gc.AllowParallelGC:1]]
[2022.10.24-09.32.34:217][  0]LogConfig: Setting CVar [[gc.TimeBetweenPurgingPendingKillObjects:61.1]]
[2022.10.24-09.32.34:217][  0]LogConfig: Setting CVar [[gc.MaxObjectsInEditor:25165824]]
[2022.10.24-09.32.34:217][  0]LogConfig: Setting CVar [[gc.IncrementalBeginDestroyEnabled:1]]
[2022.10.24-09.32.34:217][  0]LogConfig: Setting CVar [[gc.CreateGCClusters:1]]
[2022.10.24-09.32.34:217][  0]LogConfig: Setting CVar [[gc.MinGCClusterSize:5]]
[2022.10.24-09.32.34:218][  0]LogConfig: Setting CVar [[gc.ActorClusteringEnabled:0]]
[2022.10.24-09.32.34:218][  0]LogConfig: Setting CVar [[gc.BlueprintClusteringEnabled:0]]
[2022.10.24-09.32.34:218][  0]LogConfig: Setting CVar [[gc.UseDisregardForGCOnDedicatedServers:0]]
[2022.10.24-09.32.34:218][  0]LogConfig: Setting CVar [[gc.MultithreadedDestructionEnabled:1]]
[2022.10.24-09.32.34:218][  0]LogConfig: Applying CVar settings from Section [/Script/Engine.NetworkSettings] File [U:/Beta-Arcade/BAT9/Saved/Config/Windows/Engine.ini]
[2022.10.24-09.32.34:218][  0]LogConfig: Applying CVar settings from Section [/Script/UnrealEd.CookerSettings] File [U:/Beta-Arcade/BAT9/Saved/Config/Windows/Engine.ini]
[2022.10.24-09.32.34:230][  0]LogConfig: Applying CVar settings from Section [ViewDistanceQuality@3] File [U:/Beta-Arcade/BAT9/Saved/Config/Windows/Scalability.ini]
[2022.10.24-09.32.34:230][  0]LogConfig: Setting CVar [[r.SkeletalMeshLODBias:0]]
[2022.10.24-09.32.34:230][  0]LogConfig: Setting CVar [[r.ViewDistanceScale:1.0]]
[2022.10.24-09.32.34:230][  0]LogConfig: Applying CVar settings from Section [AntiAliasingQuality@3] File [U:/Beta-Arcade/BAT9/Saved/Config/Windows/Scalability.ini]
[2022.10.24-09.32.34:230][  0]LogConfig: Setting CVar [[r.PostProcessAAQuality:4]]
[2022.10.24-09.32.34:230][  0]LogConfig: Applying CVar settings from Section [ShadowQuality@3] File [U:/Beta-Arcade/BAT9/Saved/Config/Windows/Scalability.ini]
[2022.10.24-09.32.34:230][  0]LogConfig: Setting CVar [[r.LightFunctionQuality:1]]
[2022.10.24-09.32.34:230][  0]LogConfig: Setting CVar [[r.ShadowQuality:5]]
[2022.10.24-09.32.34:230][  0]LogConfig: Setting CVar [[r.Shadow.CSM.MaxCascades:10]]
[2022.10.24-09.32.34:230][  0]LogConfig: Setting CVar [[r.Shadow.MaxResolution:2048]]
[2022.10.24-09.32.34:230][  0]LogConfig: Setting CVar [[r.Shadow.MaxCSMResolution:2048]]
[2022.10.24-09.32.34:230][  0]LogConfig: Setting CVar [[r.Shadow.RadiusThreshold:0.01]]
[2022.10.24-09.32.34:230][  0]LogConfig: Setting CVar [[r.Shadow.DistanceScale:1.0]]
[2022.10.24-09.32.34:230][  0]LogConfig: Setting CVar [[r.Shadow.CSM.TransitionScale:1.0]]
[2022.10.24-09.32.34:230][  0]LogConfig: Setting CVar [[r.Shadow.PreShadowResolutionFactor:1.0]]
[2022.10.24-09.32.34:230][  0]LogConfig: Setting CVar [[r.DistanceFieldShadowing:1]]
[2022.10.24-09.32.34:230][  0]LogConfig: Setting CVar [[r.DistanceFieldAO:1]]
[2022.10.24-09.32.34:230][  0]LogConfig: Setting CVar [[r.AOQuality:2]]
[2022.10.24-09.32.34:230][  0]LogConfig: Setting CVar [[r.VolumetricFog:1]]
[2022.10.24-09.32.34:230][  0]LogConfig: Setting CVar [[r.VolumetricFog.GridPixelSize:8]]
[2022.10.24-09.32.34:230][  0]LogConfig: Setting CVar [[r.VolumetricFog.GridSizeZ:128]]
[2022.10.24-09.32.34:230][  0]LogConfig: Setting CVar [[r.VolumetricFog.HistoryMissSupersampleCount:4]]
[2022.10.24-09.32.34:230][  0]LogConfig: Setting CVar [[r.LightMaxDrawDistanceScale:1]]
[2022.10.24-09.32.34:230][  0]LogConfig: Setting CVar [[r.CapsuleShadows:1]]
[2022.10.24-09.32.34:230][  0]LogConfig: Applying CVar settings from Section [PostProcessQuality@3] File [U:/Beta-Arcade/BAT9/Saved/Config/Windows/Scalability.ini]
[2022.10.24-09.32.34:230][  0]LogConfig: Setting CVar [[r.MotionBlurQuality:4]]
[2022.10.24-09.32.34:230][  0]LogConfig: Setting CVar [[r.AmbientOcclusionMipLevelFactor:0.4]]
[2022.10.24-09.32.34:230][  0]LogConfig: Setting CVar [[r.AmbientOcclusionMaxQuality:100]]
[2022.10.24-09.32.34:230][  0]LogConfig: Setting CVar [[r.AmbientOcclusionLevels:-1]]
[2022.10.24-09.32.34:230][  0]LogConfig: Setting CVar [[r.AmbientOcclusionRadiusScale:1.0]]
[2022.10.24-09.32.34:230][  0]LogConfig: Setting CVar [[r.DepthOfFieldQuality:2]]
[2022.10.24-09.32.34:230][  0]LogConfig: Setting CVar [[r.RenderTargetPoolMin:400]]
[2022.10.24-09.32.34:230][  0]LogConfig: Setting CVar [[r.LensFlareQuality:2]]
[2022.10.24-09.32.34:230][  0]LogConfig: Setting CVar [[r.SceneColorFringeQuality:1]]
[2022.10.24-09.32.34:230][  0]LogConfig: Setting CVar [[r.EyeAdaptationQuality:2]]
[2022.10.24-09.32.34:230][  0]LogConfig: Setting CVar [[r.BloomQuality:5]]
[2022.10.24-09.32.34:230][  0]LogConfig: Setting CVar [[r.FastBlurThreshold:100]]
[2022.10.24-09.32.34:230][  0]LogConfig: Setting CVar [[r.Upscale.Quality:3]]
[2022.10.24-09.32.34:230][  0]LogConfig: Setting CVar [[r.Tonemapper.GrainQuantization:1]]
[2022.10.24-09.32.34:230][  0]LogConfig: Setting CVar [[r.LightShaftQuality:1]]
[2022.10.24-09.32.34:230][  0]LogConfig: Setting CVar [[r.Filter.SizeScale:1]]
[2022.10.24-09.32.34:230][  0]LogConfig: Setting CVar [[r.Tonemapper.Quality:5]]
[2022.10.24-09.32.34:231][  0]LogConfig: Setting CVar [[r.DOF.Gather.AccumulatorQuality:1        ; higher gathering accumulator quality]]
[2022.10.24-09.32.34:231][  0]LogConfig: Setting CVar [[r.DOF.Gather.PostfilterMethod:1          ; Median3x3 postfilering method]]
[2022.10.24-09.32.34:231][  0]LogConfig: Setting CVar [[r.DOF.Gather.EnableBokehSettings:0       ; no bokeh simulation when gathering]]
[2022.10.24-09.32.34:231][  0]LogConfig: Setting CVar [[r.DOF.Gather.RingCount:4                 ; medium number of samples when gathering]]
[2022.10.24-09.32.34:231][  0]LogConfig: Setting CVar [[r.DOF.Scatter.ForegroundCompositing:1    ; additive foreground scattering]]
[2022.10.24-09.32.34:231][  0]LogConfig: Setting CVar [[r.DOF.Scatter.BackgroundCompositing:2    ; additive background scattering]]
[2022.10.24-09.32.34:231][  0]LogConfig: Setting CVar [[r.DOF.Scatter.EnableBokehSettings:1      ; bokeh simulation when scattering]]
[2022.10.24-09.32.34:231][  0]LogConfig: Setting CVar [[r.DOF.Scatter.MaxSpriteRatio:0.1         ; only a maximum of 10% of scattered bokeh]]
[2022.10.24-09.32.34:231][  0]LogConfig: Setting CVar [[r.DOF.Recombine.Quality:1                ; cheap slight out of focus]]
[2022.10.24-09.32.34:231][  0]LogConfig: Setting CVar [[r.DOF.Recombine.EnableBokehSettings:0    ; no bokeh simulation on slight out of focus]]
[2022.10.24-09.32.34:231][  0]LogConfig: Setting CVar [[r.DOF.TemporalAAQuality:1                ; more stable temporal accumulation]]
[2022.10.24-09.32.34:231][  0]LogConfig: Setting CVar [[r.DOF.Kernel.MaxForegroundRadius:0.025]]
[2022.10.24-09.32.34:231][  0]LogConfig: Setting CVar [[r.DOF.Kernel.MaxBackgroundRadius:0.025]]
[2022.10.24-09.32.34:231][  0]LogConfig: Applying CVar settings from Section [TextureQuality@3] File [U:/Beta-Arcade/BAT9/Saved/Config/Windows/Scalability.ini]
[2022.10.24-09.32.34:231][  0]LogConfig: Setting CVar [[r.Streaming.MipBias:0]]
[2022.10.24-09.32.34:231][  0]LogConfig: Setting CVar [[r.Streaming.AmortizeCPUToGPUCopy:0]]
[2022.10.24-09.32.34:231][  0]LogConfig: Setting CVar [[r.Streaming.MaxNumTexturesToStreamPerFrame:0]]
[2022.10.24-09.32.34:231][  0]LogConfig: Setting CVar [[r.Streaming.Boost:1]]
[2022.10.24-09.32.34:231][  0]LogConfig: Setting CVar [[r.MaxAnisotropy:8]]
[2022.10.24-09.32.34:231][  0]LogConfig: Setting CVar [[r.VT.MaxAnisotropy:8]]
[2022.10.24-09.32.34:231][  0]LogConfig: Setting CVar [[r.Streaming.LimitPoolSizeToVRAM:0]]
[2022.10.24-09.32.34:231][  0]LogConfig: Setting CVar [[r.Streaming.PoolSize:1000]]
[2022.10.24-09.32.34:231][  0]LogConfig: Setting CVar [[r.Streaming.MaxEffectiveScreenSize:0]]
[2022.10.24-09.32.34:231][  0]LogConfig: Applying CVar settings from Section [EffectsQuality@3] File [U:/Beta-Arcade/BAT9/Saved/Config/Windows/Scalability.ini]
[2022.10.24-09.32.34:231][  0]LogConfig: Setting CVar [[r.TranslucencyLightingVolumeDim:64]]
[2022.10.24-09.32.34:231][  0]LogConfig: Setting CVar [[r.RefractionQuality:2]]
[2022.10.24-09.32.34:231][  0]LogConfig: Setting CVar [[r.SSR.Quality:3]]
[2022.10.24-09.32.34:231][  0]LogConfig: Setting CVar [[r.SSR.HalfResSceneColor:0]]
[2022.10.24-09.32.34:231][  0]LogConfig: Setting CVar [[r.SceneColorFormat:4]]
[2022.10.24-09.32.34:231][  0]LogConfig: Setting CVar [[r.DetailMode:2]]
[2022.10.24-09.32.34:231][  0]LogConfig: Setting CVar [[r.TranslucencyVolumeBlur:1]]
[2022.10.24-09.32.34:231][  0]LogConfig: Setting CVar [[r.MaterialQualityLevel:1 ; High quality]]
[2022.10.24-09.32.34:231][  0]LogConfig: Setting CVar [[r.AnisotropicMaterials:1]]
[2022.10.24-09.32.34:231][  0]LogConfig: Setting CVar [[r.SSS.Scale:1]]
[2022.10.24-09.32.34:231][  0]LogConfig: Setting CVar [[r.SSS.SampleSet:2]]
[2022.10.24-09.32.34:231][  0]LogConfig: Setting CVar [[r.SSS.Quality:1]]
[2022.10.24-09.32.34:231][  0]LogConfig: Setting CVar [[r.SSS.HalfRes:0]]
[2022.10.24-09.32.34:231][  0]LogConfig: Setting CVar [[r.SSGI.Quality:3]]
[2022.10.24-09.32.34:231][  0]LogConfig: Setting CVar [[r.EmitterSpawnRateScale:1.0]]
[2022.10.24-09.32.34:231][  0]LogConfig: Setting CVar [[r.ParticleLightQuality:2]]
[2022.10.24-09.32.34:231][  0]LogConfig: Setting CVar [[r.SkyAtmosphere.AerialPerspectiveLUT.FastApplyOnOpaque:1 ; Always have FastSkyLUT 1 in this case to avoid wrong sky]]
[2022.10.24-09.32.34:231][  0]LogConfig: Setting CVar [[r.SkyAtmosphere.AerialPerspectiveLUT.SampleCountMaxPerSlice:4]]
[2022.10.24-09.32.34:231][  0]LogConfig: Setting CVar [[r.SkyAtmosphere.AerialPerspectiveLUT.DepthResolution:16.0]]
[2022.10.24-09.32.34:231][  0]LogConfig: Setting CVar [[r.SkyAtmosphere.FastSkyLUT:1]]
[2022.10.24-09.32.34:231][  0]LogConfig: Setting CVar [[r.SkyAtmosphere.FastSkyLUT.SampleCountMin:4.0]]
[2022.10.24-09.32.34:231][  0]LogConfig: Setting CVar [[r.SkyAtmosphere.FastSkyLUT.SampleCountMax:128.0]]
[2022.10.24-09.32.34:231][  0]LogConfig: Setting CVar [[r.SkyAtmosphere.SampleCountMin:4.0]]
[2022.10.24-09.32.34:231][  0]LogConfig: Setting CVar [[r.SkyAtmosphere.SampleCountMax:128.0]]
[2022.10.24-09.32.34:231][  0]LogConfig: Setting CVar [[r.SkyAtmosphere.TransmittanceLUT.UseSmallFormat:0]]
[2022.10.24-09.32.34:231][  0]LogConfig: Setting CVar [[r.SkyAtmosphere.TransmittanceLUT.SampleCount:10.0]]
[2022.10.24-09.32.34:231][  0]LogConfig: Setting CVar [[r.SkyAtmosphere.MultiScatteringLUT.SampleCount:15.0]]
[2022.10.24-09.32.34:231][  0]LogConfig: Setting CVar [[r.SkyLight.RealTimeReflectionCapture:1]]
[2022.10.24-09.32.34:231][  0]LogConfig: Applying CVar settings from Section [FoliageQuality@3] File [U:/Beta-Arcade/BAT9/Saved/Config/Windows/Scalability.ini]
[2022.10.24-09.32.34:231][  0]LogConfig: Setting CVar [[foliage.DensityScale:1.0]]
[2022.10.24-09.32.34:231][  0]LogConfig: Setting CVar [[grass.DensityScale:1.0]]
[2022.10.24-09.32.34:231][  0]LogConfig: Applying CVar settings from Section [ShadingQuality@3] File [U:/Beta-Arcade/BAT9/Saved/Config/Windows/Scalability.ini]
[2022.10.24-09.32.34:231][  0]LogConfig: Setting CVar [[r.HairStrands.SkyLighting.IntegrationType:2]]
[2022.10.24-09.32.34:231][  0]LogConfig: Setting CVar [[r.HairStrands.SkyAO.SampleCount:4]]
[2022.10.24-09.32.34:231][  0]LogConfig: Setting CVar [[r.HairStrands.Visibility.MSAA.SamplePerPixel:4]]
[2022.10.24-09.32.34:231][  0]LogInit: Selected Device Profile: [Windows]
[2022.10.24-09.32.34:231][  0]LogInit: Applying CVar settings loaded from the selected device profile: [Windows]
[2022.10.24-09.32.34:231][  0]LogHAL: Display: Platform has ~ 32 GB [34074247168 / 34359738368 / 32], which maps to Largest [LargestMinGB=32, LargerMinGB=12, DefaultMinGB=8, SmallerMinGB=6, SmallestMinGB=0)
[2022.10.24-09.32.34:231][  0]LogInit: Going up to parent DeviceProfile []
[2022.10.24-09.32.34:231][  0]LogConfig: Applying CVar settings from Section [ViewDistanceQuality@3] File [U:/Beta-Arcade/BAT9/Saved/Config/Windows/Scalability.ini]
[2022.10.24-09.32.34:231][  0]LogConfig: Setting CVar [[r.SkeletalMeshLODBias:0]]
[2022.10.24-09.32.34:231][  0]LogConfig: Setting CVar [[r.ViewDistanceScale:1.0]]
[2022.10.24-09.32.34:231][  0]LogConfig: Applying CVar settings from Section [AntiAliasingQuality@3] File [U:/Beta-Arcade/BAT9/Saved/Config/Windows/Scalability.ini]
[2022.10.24-09.32.34:231][  0]LogConfig: Setting CVar [[r.PostProcessAAQuality:4]]
[2022.10.24-09.32.34:231][  0]LogConfig: Applying CVar settings from Section [ShadowQuality@3] File [U:/Beta-Arcade/BAT9/Saved/Config/Windows/Scalability.ini]
[2022.10.24-09.32.34:231][  0]LogConfig: Setting CVar [[r.LightFunctionQuality:1]]
[2022.10.24-09.32.34:231][  0]LogConfig: Setting CVar [[r.ShadowQuality:5]]
[2022.10.24-09.32.34:231][  0]LogConfig: Setting CVar [[r.Shadow.CSM.MaxCascades:10]]
[2022.10.24-09.32.34:231][  0]LogConfig: Setting CVar [[r.Shadow.MaxResolution:2048]]
[2022.10.24-09.32.34:231][  0]LogConfig: Setting CVar [[r.Shadow.MaxCSMResolution:2048]]
[2022.10.24-09.32.34:231][  0]LogConfig: Setting CVar [[r.Shadow.RadiusThreshold:0.01]]
[2022.10.24-09.32.34:231][  0]LogConfig: Setting CVar [[r.Shadow.DistanceScale:1.0]]
[2022.10.24-09.32.34:231][  0]LogConfig: Setting CVar [[r.Shadow.CSM.TransitionScale:1.0]]
[2022.10.24-09.32.34:231][  0]LogConfig: Setting CVar [[r.Shadow.PreShadowResolutionFactor:1.0]]
[2022.10.24-09.32.34:231][  0]LogConfig: Setting CVar [[r.DistanceFieldShadowing:1]]
[2022.10.24-09.32.34:231][  0]LogConfig: Setting CVar [[r.DistanceFieldAO:1]]
[2022.10.24-09.32.34:231][  0]LogConfig: Setting CVar [[r.AOQuality:2]]
[2022.10.24-09.32.34:231][  0]LogConfig: Setting CVar [[r.VolumetricFog:1]]
[2022.10.24-09.32.34:231][  0]LogConfig: Setting CVar [[r.VolumetricFog.GridPixelSize:8]]
[2022.10.24-09.32.34:231][  0]LogConfig: Setting CVar [[r.VolumetricFog.GridSizeZ:128]]
[2022.10.24-09.32.34:231][  0]LogConfig: Setting CVar [[r.VolumetricFog.HistoryMissSupersampleCount:4]]
[2022.10.24-09.32.34:231][  0]LogConfig: Setting CVar [[r.LightMaxDrawDistanceScale:1]]
[2022.10.24-09.32.34:231][  0]LogConfig: Setting CVar [[r.CapsuleShadows:1]]
[2022.10.24-09.32.34:231][  0]LogConfig: Applying CVar settings from Section [PostProcessQuality@3] File [U:/Beta-Arcade/BAT9/Saved/Config/Windows/Scalability.ini]
[2022.10.24-09.32.34:231][  0]LogConfig: Setting CVar [[r.MotionBlurQuality:4]]
[2022.10.24-09.32.34:231][  0]LogConfig: Setting CVar [[r.AmbientOcclusionMipLevelFactor:0.4]]
[2022.10.24-09.32.34:231][  0]LogConfig: Setting CVar [[r.AmbientOcclusionMaxQuality:100]]
[2022.10.24-09.32.34:232][  0]LogConfig: Setting CVar [[r.AmbientOcclusionLevels:-1]]
[2022.10.24-09.32.34:232][  0]LogConfig: Setting CVar [[r.AmbientOcclusionRadiusScale:1.0]]
[2022.10.24-09.32.34:232][  0]LogConfig: Setting CVar [[r.DepthOfFieldQuality:2]]
[2022.10.24-09.32.34:232][  0]LogConfig: Setting CVar [[r.RenderTargetPoolMin:400]]
[2022.10.24-09.32.34:232][  0]LogConfig: Setting CVar [[r.LensFlareQuality:2]]
[2022.10.24-09.32.34:232][  0]LogConfig: Setting CVar [[r.SceneColorFringeQuality:1]]
[2022.10.24-09.32.34:232][  0]LogConfig: Setting CVar [[r.EyeAdaptationQuality:2]]
[2022.10.24-09.32.34:232][  0]LogConfig: Setting CVar [[r.BloomQuality:5]]
[2022.10.24-09.32.34:232][  0]LogConfig: Setting CVar [[r.FastBlurThreshold:100]]
[2022.10.24-09.32.34:232][  0]LogConfig: Setting CVar [[r.Upscale.Quality:3]]
[2022.10.24-09.32.34:232][  0]LogConfig: Setting CVar [[r.Tonemapper.GrainQuantization:1]]
[2022.10.24-09.32.34:232][  0]LogConfig: Setting CVar [[r.LightShaftQuality:1]]
[2022.10.24-09.32.34:232][  0]LogConfig: Setting CVar [[r.Filter.SizeScale:1]]
[2022.10.24-09.32.34:232][  0]LogConfig: Setting CVar [[r.Tonemapper.Quality:5]]
[2022.10.24-09.32.34:232][  0]LogConfig: Setting CVar [[r.DOF.Gather.AccumulatorQuality:1        ; higher gathering accumulator quality]]
[2022.10.24-09.32.34:232][  0]LogConfig: Setting CVar [[r.DOF.Gather.PostfilterMethod:1          ; Median3x3 postfilering method]]
[2022.10.24-09.32.34:232][  0]LogConfig: Setting CVar [[r.DOF.Gather.EnableBokehSettings:0       ; no bokeh simulation when gathering]]
[2022.10.24-09.32.34:232][  0]LogConfig: Setting CVar [[r.DOF.Gather.RingCount:4                 ; medium number of samples when gathering]]
[2022.10.24-09.32.34:232][  0]LogConfig: Setting CVar [[r.DOF.Scatter.ForegroundCompositing:1    ; additive foreground scattering]]
[2022.10.24-09.32.34:232][  0]LogConfig: Setting CVar [[r.DOF.Scatter.BackgroundCompositing:2    ; additive background scattering]]
[2022.10.24-09.32.34:232][  0]LogConfig: Setting CVar [[r.DOF.Scatter.EnableBokehSettings:1      ; bokeh simulation when scattering]]
[2022.10.24-09.32.34:232][  0]LogConfig: Setting CVar [[r.DOF.Scatter.MaxSpriteRatio:0.1         ; only a maximum of 10% of scattered bokeh]]
[2022.10.24-09.32.34:232][  0]LogConfig: Setting CVar [[r.DOF.Recombine.Quality:1                ; cheap slight out of focus]]
[2022.10.24-09.32.34:232][  0]LogConfig: Setting CVar [[r.DOF.Recombine.EnableBokehSettings:0    ; no bokeh simulation on slight out of focus]]
[2022.10.24-09.32.34:232][  0]LogConfig: Setting CVar [[r.DOF.TemporalAAQuality:1                ; more stable temporal accumulation]]
[2022.10.24-09.32.34:232][  0]LogConfig: Setting CVar [[r.DOF.Kernel.MaxForegroundRadius:0.025]]
[2022.10.24-09.32.34:232][  0]LogConfig: Setting CVar [[r.DOF.Kernel.MaxBackgroundRadius:0.025]]
[2022.10.24-09.32.34:232][  0]LogConfig: Applying CVar settings from Section [TextureQuality@3] File [U:/Beta-Arcade/BAT9/Saved/Config/Windows/Scalability.ini]
[2022.10.24-09.32.34:232][  0]LogConfig: Setting CVar [[r.Streaming.MipBias:0]]
[2022.10.24-09.32.34:232][  0]LogConfig: Setting CVar [[r.Streaming.AmortizeCPUToGPUCopy:0]]
[2022.10.24-09.32.34:232][  0]LogConfig: Setting CVar [[r.Streaming.MaxNumTexturesToStreamPerFrame:0]]
[2022.10.24-09.32.34:232][  0]LogConfig: Setting CVar [[r.Streaming.Boost:1]]
[2022.10.24-09.32.34:232][  0]LogConfig: Setting CVar [[r.MaxAnisotropy:8]]
[2022.10.24-09.32.34:232][  0]LogConfig: Setting CVar [[r.VT.MaxAnisotropy:8]]
[2022.10.24-09.32.34:232][  0]LogConfig: Setting CVar [[r.Streaming.LimitPoolSizeToVRAM:0]]
[2022.10.24-09.32.34:232][  0]LogConfig: Setting CVar [[r.Streaming.PoolSize:1000]]
[2022.10.24-09.32.34:232][  0]LogConfig: Setting CVar [[r.Streaming.MaxEffectiveScreenSize:0]]
[2022.10.24-09.32.34:232][  0]LogConfig: Applying CVar settings from Section [EffectsQuality@3] File [U:/Beta-Arcade/BAT9/Saved/Config/Windows/Scalability.ini]
[2022.10.24-09.32.34:232][  0]LogConfig: Setting CVar [[r.TranslucencyLightingVolumeDim:64]]
[2022.10.24-09.32.34:232][  0]LogConfig: Setting CVar [[r.RefractionQuality:2]]
[2022.10.24-09.32.34:232][  0]LogConfig: Setting CVar [[r.SSR.Quality:3]]
[2022.10.24-09.32.34:232][  0]LogConfig: Setting CVar [[r.SSR.HalfResSceneColor:0]]
[2022.10.24-09.32.34:232][  0]LogConfig: Setting CVar [[r.SceneColorFormat:4]]
[2022.10.24-09.32.34:232][  0]LogConfig: Setting CVar [[r.DetailMode:2]]
[2022.10.24-09.32.34:232][  0]LogConfig: Setting CVar [[r.TranslucencyVolumeBlur:1]]
[2022.10.24-09.32.34:232][  0]LogConfig: Setting CVar [[r.MaterialQualityLevel:1 ; High quality]]
[2022.10.24-09.32.34:232][  0]LogConfig: Setting CVar [[r.AnisotropicMaterials:1]]
[2022.10.24-09.32.34:232][  0]LogConfig: Setting CVar [[r.SSS.Scale:1]]
[2022.10.24-09.32.34:232][  0]LogConfig: Setting CVar [[r.SSS.SampleSet:2]]
[2022.10.24-09.32.34:232][  0]LogConfig: Setting CVar [[r.SSS.Quality:1]]
[2022.10.24-09.32.34:232][  0]LogConfig: Setting CVar [[r.SSS.HalfRes:0]]
[2022.10.24-09.32.34:232][  0]LogConfig: Setting CVar [[r.SSGI.Quality:3]]
[2022.10.24-09.32.34:232][  0]LogConfig: Setting CVar [[r.EmitterSpawnRateScale:1.0]]
[2022.10.24-09.32.34:232][  0]LogConfig: Setting CVar [[r.ParticleLightQuality:2]]
[2022.10.24-09.32.34:232][  0]LogConfig: Setting CVar [[r.SkyAtmosphere.AerialPerspectiveLUT.FastApplyOnOpaque:1 ; Always have FastSkyLUT 1 in this case to avoid wrong sky]]
[2022.10.24-09.32.34:232][  0]LogConfig: Setting CVar [[r.SkyAtmosphere.AerialPerspectiveLUT.SampleCountMaxPerSlice:4]]
[2022.10.24-09.32.34:232][  0]LogConfig: Setting CVar [[r.SkyAtmosphere.AerialPerspectiveLUT.DepthResolution:16.0]]
[2022.10.24-09.32.34:232][  0]LogConfig: Setting CVar [[r.SkyAtmosphere.FastSkyLUT:1]]
[2022.10.24-09.32.34:232][  0]LogConfig: Setting CVar [[r.SkyAtmosphere.FastSkyLUT.SampleCountMin:4.0]]
[2022.10.24-09.32.34:232][  0]LogConfig: Setting CVar [[r.SkyAtmosphere.FastSkyLUT.SampleCountMax:128.0]]
[2022.10.24-09.32.34:232][  0]LogConfig: Setting CVar [[r.SkyAtmosphere.SampleCountMin:4.0]]
[2022.10.24-09.32.34:232][  0]LogConfig: Setting CVar [[r.SkyAtmosphere.SampleCountMax:128.0]]
[2022.10.24-09.32.34:232][  0]LogConfig: Setting CVar [[r.SkyAtmosphere.TransmittanceLUT.UseSmallFormat:0]]
[2022.10.24-09.32.34:232][  0]LogConfig: Setting CVar [[r.SkyAtmosphere.TransmittanceLUT.SampleCount:10.0]]
[2022.10.24-09.32.34:232][  0]LogConfig: Setting CVar [[r.SkyAtmosphere.MultiScatteringLUT.SampleCount:15.0]]
[2022.10.24-09.32.34:232][  0]LogConfig: Setting CVar [[r.SkyLight.RealTimeReflectionCapture:1]]
[2022.10.24-09.32.34:232][  0]LogConfig: Applying CVar settings from Section [FoliageQuality@3] File [U:/Beta-Arcade/BAT9/Saved/Config/Windows/Scalability.ini]
[2022.10.24-09.32.34:232][  0]LogConfig: Setting CVar [[foliage.DensityScale:1.0]]
[2022.10.24-09.32.34:232][  0]LogConfig: Setting CVar [[grass.DensityScale:1.0]]
[2022.10.24-09.32.34:232][  0]LogConfig: Applying CVar settings from Section [ShadingQuality@3] File [U:/Beta-Arcade/BAT9/Saved/Config/Windows/Scalability.ini]
[2022.10.24-09.32.34:232][  0]LogConfig: Setting CVar [[r.HairStrands.SkyLighting.IntegrationType:2]]
[2022.10.24-09.32.34:232][  0]LogConfig: Setting CVar [[r.HairStrands.SkyAO.SampleCount:4]]
[2022.10.24-09.32.34:232][  0]LogConfig: Setting CVar [[r.HairStrands.Visibility.MSAA.SamplePerPixel:4]]
[2022.10.24-09.32.34:232][  0]LogConfig: Applying CVar settings from Section [Startup] File [../../../Engine/Config/ConsoleVariables.ini]
[2022.10.24-09.32.34:233][  0]LogConfig: Setting CVar [[net.UseAdaptiveNetUpdateFrequency:0]]
[2022.10.24-09.32.34:233][  0]LogConfig: Setting CVar [[p.chaos.AllowCreatePhysxBodies:1]]
[2022.10.24-09.32.34:233][  0]LogConfig: Setting CVar [[fx.SkipVectorVMBackendOptimizations:1]]
[2022.10.24-09.32.34:233][  0]LogConfig: Applying CVar settings from Section [ConsoleVariables] File [U:/Beta-Arcade/BAT9/Saved/Config/Windows/Engine.ini]
[2022.10.24-09.32.34:233][  0]LogConfig: Applying CVar settings from Section [ConsoleVariables] File [U:/Beta-Arcade/BAT9/Saved/Config/Windows/Editor.ini]
[2022.10.24-09.32.34:233][  0]LogInit: Computer: TU39284
[2022.10.24-09.32.34:233][  0]LogInit: User: v8071865
[2022.10.24-09.32.34:233][  0]LogInit: CPU Page size=4096, Cores=6
[2022.10.24-09.32.34:233][  0]LogInit: High frequency timer resolution =10.000000 MHz
[2022.10.24-09.32.34:233][  0]LogMemory: Memory total: Physical=31.7GB (32GB approx)
[2022.10.24-09.32.34:233][  0]LogMemory: Platform Memory Stats for Windows
[2022.10.24-09.32.34:233][  0]LogMemory: Process Physical Memory: 145.25 MB used, 145.26 MB peak
[2022.10.24-09.32.34:233][  0]LogMemory: Process Virtual Memory: 114.76 MB used, 114.76 MB peak
[2022.10.24-09.32.34:233][  0]LogMemory: Physical Memory: 9134.91 MB used,  23360.83 MB free, 32495.73 MB total
[2022.10.24-09.32.34:233][  0]LogMemory: Virtual Memory: 134190824.00 MB used,  26901.58 MB free, 134217728.00 MB total
[2022.10.24-09.32.34:239][  0]LogWindows: WindowsPlatformFeatures enabled
[2022.10.24-09.32.34:313][  0]LogInit: Physics initialised using underlying interface: PhysX
[2022.10.24-09.32.34:315][  0]LogInit: Using OS detected language (en-GB).
[2022.10.24-09.32.34:315][  0]LogInit: Using OS detected locale (en-GB).
[2022.10.24-09.32.34:320][  0]LogTextLocalizationManager: No specific localization for 'en-GB' exists, so the 'en' localization will be used.
[2022.10.24-09.32.34:503][  0]LogInit: Setting process to per monitor DPI aware
[2022.10.24-09.32.34:522][  0]LogWindowsTextInputMethodSystem: Display: IME system deactivated.
[2022.10.24-09.32.34:546][  0]LogSlate: New Slate User Created.  User Index 0, Is Virtual User: 0
[2022.10.24-09.32.34:546][  0]LogSlate: Slate User Registered.  User Index 0, Is Virtual User: 0
[2022.10.24-09.32.34:709][  0]LogD3D11RHI: Loaded GFSDK_Aftermath_Lib.x64.dll
[2022.10.24-09.32.34:713][  0]LogHMD: Failed to initialize OpenVR with code 110
[2022.10.24-09.32.34:713][  0]LogD3D11RHI: D3D11 min allowed feature level: 11_0
[2022.10.24-09.32.34:713][  0]LogD3D11RHI: D3D11 max allowed feature level: 11_0
[2022.10.24-09.32.34:713][  0]LogD3D11RHI: D3D11 adapters:
[2022.10.24-09.32.34:835][  0]LogD3D11RHI:    0. 'NVIDIA GeForce GTX 1080 Ti' (Feature Level 11_0)
[2022.10.24-09.32.34:835][  0]LogD3D11RHI:       11128/0/16247 MB DedicatedVideo/DedicatedSystem/SharedSystem, Outputs:2, VendorId:0x10de
[2022.10.24-09.32.34:838][  0]LogD3D11RHI:    1. 'Microsoft Basic Render Driver' (Feature Level 11_0)
[2022.10.24-09.32.34:838][  0]LogD3D11RHI:       0/0/16247 MB DedicatedVideo/DedicatedSystem/SharedSystem, Outputs:0, VendorId:0x1414
[2022.10.24-09.32.34:838][  0]LogD3D11RHI: Chosen D3D11 Adapter:
[2022.10.24-09.32.34:838][  0]LogD3D11RHI:     Description : NVIDIA GeForce GTX 1080 Ti
[2022.10.24-09.32.34:838][  0]LogD3D11RHI:     VendorId    : 10de
[2022.10.24-09.32.34:838][  0]LogD3D11RHI:     DeviceId    : 1b06
[2022.10.24-09.32.34:838][  0]LogD3D11RHI:     SubSysId    : 374c1458
[2022.10.24-09.32.34:838][  0]LogD3D11RHI:     Revision    : 00a1
[2022.10.24-09.32.34:838][  0]LogD3D11RHI:     DedicatedVideoMemory : 11668553728 bytes
[2022.10.24-09.32.34:838][  0]LogD3D11RHI:     DedicatedSystemMemory : 0 bytes
[2022.10.24-09.32.34:838][  0]LogD3D11RHI:     SharedSystemMemory : 17037123584 bytes
[2022.10.24-09.32.34:838][  0]LogD3D11RHI:     AdapterLuid : 0 224347
[2022.10.24-09.32.34:843][  0]LogD3D11RHI: Creating new Direct3DDevice
[2022.10.24-09.32.34:843][  0]LogD3D11RHI:     GPU DeviceId: 0x1b06 (for the marketing name, search the web for "GPU Device Id")
[2022.10.24-09.32.34:843][  0]LogWindows: EnumDisplayDevices:
[2022.10.24-09.32.34:843][  0]LogWindows:    0. 'NVIDIA GeForce GTX 1080 Ti' (P:0 D:1)
[2022.10.24-09.32.34:844][  0]LogWindows:    1. 'NVIDIA GeForce GTX 1080 Ti' (P:1 D:1)
[2022.10.24-09.32.34:844][  0]LogWindows:    2. 'NVIDIA GeForce GTX 1080 Ti' (P:0 D:0)
[2022.10.24-09.32.34:844][  0]LogWindows:    3. 'NVIDIA GeForce GTX 1080 Ti' (P:0 D:0)
[2022.10.24-09.32.34:845][  0]LogWindows: DebugString: FoundDriverCount:4 
[2022.10.24-09.32.34:845][  0]LogD3D11RHI:     Adapter Name: NVIDIA GeForce GTX 1080 Ti
[2022.10.24-09.32.34:845][  0]LogD3D11RHI:   Driver Version: 516.59 (internal:31.0.15.1659, unified:516.59)
[2022.10.24-09.32.34:845][  0]LogD3D11RHI:      Driver Date: 6-23-2022
[2022.10.24-09.32.34:845][  0]LogRHI: Texture pool is 7789 MB (70% of 11128 MB)
[2022.10.24-09.32.34:845][  0]LogD3D11RHI: Creating D3DDevice using adapter:
[2022.10.24-09.32.34:845][  0]LogD3D11RHI:     Description : NVIDIA GeForce GTX 1080 Ti
[2022.10.24-09.32.34:845][  0]LogD3D11RHI:     VendorId    : 10de
[2022.10.24-09.32.34:845][  0]LogD3D11RHI:     DeviceId    : 1b06
[2022.10.24-09.32.34:845][  0]LogD3D11RHI:     SubSysId    : 374c1458
[2022.10.24-09.32.34:845][  0]LogD3D11RHI:     Revision    : 00a1
[2022.10.24-09.32.34:845][  0]LogD3D11RHI:     DedicatedVideoMemory : 11668553728 bytes
[2022.10.24-09.32.34:845][  0]LogD3D11RHI:     DedicatedSystemMemory : 0 bytes
[2022.10.24-09.32.34:845][  0]LogD3D11RHI:     SharedSystemMemory : 17037123584 bytes
[2022.10.24-09.32.34:845][  0]LogD3D11RHI:     AdapterLuid : 0 224347
[2022.10.24-09.32.34:904][  0]LogD3D11RHI: RHI has support for 64 bit atomics
[2022.10.24-09.32.34:904][  0]LogD3D11RHI: Async texture creation enabled
[2022.10.24-09.32.34:904][  0]LogD3D11RHI: Array index from any shader is supported
[2022.10.24-09.32.34:919][  0]LogD3D11RHI: GPU Timing Frequency: 1000.000000 (Debug: 2 1)
[2022.10.24-09.32.34:967][  0]LogRHI: GeForceNow SDK initialized: 1
[2022.10.24-09.32.35:333][  0]LogTargetPlatformManager: Display: Loaded TargetPlatform 'AllDesktop'
[2022.10.24-09.32.35:362][  0]LogTargetPlatformManager: Display: Loaded TargetPlatform 'Android'
[2022.10.24-09.32.35:362][  0]LogTargetPlatformManager: Display: Loaded TargetPlatform 'Android_ASTC'
[2022.10.24-09.32.35:362][  0]LogTargetPlatformManager: Display: Loaded TargetPlatform 'Android_DXT'
[2022.10.24-09.32.35:362][  0]LogTargetPlatformManager: Display: Loaded TargetPlatform 'Android_ETC2'
[2022.10.24-09.32.35:362][  0]LogTargetPlatformManager: Display: Loaded TargetPlatform 'AndroidClient'
[2022.10.24-09.32.35:362][  0]LogTargetPlatformManager: Display: Loaded TargetPlatform 'Android_ASTCClient'
[2022.10.24-09.32.35:362][  0]LogTargetPlatformManager: Display: Loaded TargetPlatform 'Android_DXTClient'
[2022.10.24-09.32.35:362][  0]LogTargetPlatformManager: Display: Loaded TargetPlatform 'Android_ETC2Client'
[2022.10.24-09.32.35:362][  0]LogTargetPlatformManager: Display: Loaded TargetPlatform 'Android_Multi'
[2022.10.24-09.32.35:362][  0]LogTargetPlatformManager: Display: Loaded TargetPlatform 'Android_MultiClient'
[2022.10.24-09.32.35:389][  0]LogTargetPlatformManager: Display: Loaded TargetPlatform 'IOSClient'
[2022.10.24-09.32.35:389][  0]LogTargetPlatformManager: Display: Loaded TargetPlatform 'IOS'
[2022.10.24-09.32.35:409][  0]LogTargetPlatformManager: Display: Loaded TargetPlatform 'Linux'
[2022.10.24-09.32.35:415][  0]LogTargetPlatformManager: Display: Loaded TargetPlatform 'LinuxNoEditor'
[2022.10.24-09.32.35:420][  0]LogTargetPlatformManager: Display: Loaded TargetPlatform 'LinuxClient'
[2022.10.24-09.32.35:425][  0]LogTargetPlatformManager: Display: Loaded TargetPlatform 'LinuxServer'
[2022.10.24-09.32.35:441][  0]LogTargetPlatformManager: Display: Loaded TargetPlatform 'LinuxAArch64NoEditor'
[2022.10.24-09.32.35:446][  0]LogTargetPlatformManager: Display: Loaded TargetPlatform 'LinuxAArch64Client'
[2022.10.24-09.32.35:451][  0]LogTargetPlatformManager: Display: Loaded TargetPlatform 'LinuxAArch64Server'
[2022.10.24-09.32.35:482][  0]LogTargetPlatformManager: Display: Loaded TargetPlatform 'Lumin'
[2022.10.24-09.32.35:482][  0]LogTargetPlatformManager: Display: Loaded TargetPlatform 'LuminClient'
[2022.10.24-09.32.35:504][  0]LogTargetPlatformManager: Display: Loaded TargetPlatform 'MacNoEditor'
[2022.10.24-09.32.35:509][  0]LogTargetPlatformManager: Display: Loaded TargetPlatform 'Mac'
[2022.10.24-09.32.35:514][  0]LogTargetPlatformManager: Display: Loaded TargetPlatform 'MacClient'
[2022.10.24-09.32.35:519][  0]LogTargetPlatformManager: Display: Loaded TargetPlatform 'MacServer'
[2022.10.24-09.32.35:530][  0]LogTargetPlatformManager: Display: Loaded TargetPlatform 'TVOSClient'
[2022.10.24-09.32.35:530][  0]LogTargetPlatformManager: Display: Loaded TargetPlatform 'TVOS'
[2022.10.24-09.32.35:546][  0]LogTargetPlatformManager: Display: Loaded TargetPlatform 'WindowsNoEditor'
[2022.10.24-09.32.35:551][  0]LogTargetPlatformManager: Display: Loaded TargetPlatform 'Windows'
[2022.10.24-09.32.35:557][  0]LogTargetPlatformManager: Display: Loaded TargetPlatform 'WindowsClient'
[2022.10.24-09.32.35:562][  0]LogTargetPlatformManager: Display: Loaded TargetPlatform 'WindowsServer'
[2022.10.24-09.32.35:562][  0]LogTargetPlatformManager: Display: Building Assets For Windows
[2022.10.24-09.32.35:572][  0]LogAudioDebug: Display: Lib vorbis DLL was dynamically loaded.
[2022.10.24-09.32.35:611][  0]LogTextureFormatOodle: Display: Oodle Texture 2.9.0 init RDO Off
[2022.10.24-09.32.35:648][  0]LogRendererCore: Ray tracing is disabled. Reason: r.RayTracing=0.
[2022.10.24-09.32.35:648][  0]LogShaderCompilers: Guid format shader working directory is 30 characters bigger than the processId version (U:/Beta-Arcade/BAT9/Intermediate/Shaders/WorkingDirectory/8424/).
[2022.10.24-09.32.35:648][  0]LogShaderCompilers: Cleaned the shader compiler working directory 'C:/Users/v8071865/AppData/Local/Temp/UnrealShaderWorkingDir/A082410D4B00C1435BA75280395F4F19/'.
[2022.10.24-09.32.35:648][  0]LogXGEController: Cannot use XGE Controller as Incredibuild is not installed on this machine.
[2022.10.24-09.32.35:648][  0]LogShaderCompilers: Cannot use XGE Shader Compiler as Incredibuild is not installed on this machine.
[2022.10.24-09.32.35:648][  0]LogShaderCompilers: Display: Using Local Shader Compiler.
[2022.10.24-09.32.36:461][  0]LogDerivedDataCache: Display: Max Cache Size: 512 MB
[2022.10.24-09.32.36:516][  0]LogDerivedDataCache: Loaded boot cache 0.06s 96MB C:/Users/v8071865/AppData/Local/UnrealEngine/4.27/DerivedDataCache/Boot.ddc.
[2022.10.24-09.32.36:516][  0]LogDerivedDataCache: Display: Loaded Boot cache: C:/Users/v8071865/AppData/Local/UnrealEngine/4.27/DerivedDataCache/Boot.ddc
[2022.10.24-09.32.36:516][  0]LogDerivedDataCache: FDerivedDataBackendGraph:  Pak pak cache file U:/Beta-Arcade/BAT9/DerivedDataCache/DDC.ddp not found, will not use a pak cache.
[2022.10.24-09.32.36:516][  0]LogDerivedDataCache: Unable to find inner node Pak for hierarchical cache Hierarchy.
[2022.10.24-09.32.36:516][  0]LogDerivedDataCache: FDerivedDataBackendGraph:  CompressedPak pak cache file U:/Beta-Arcade/BAT9/DerivedDataCache/Compressed.ddp not found, will not use a pak cache.
[2022.10.24-09.32.36:516][  0]LogDerivedDataCache: Unable to find inner node CompressedPak for hierarchical cache Hierarchy.
[2022.10.24-09.32.36:532][  0]LogDerivedDataCache: Display: Pak cache opened for reading ../../../Engine/DerivedDataCache/Compressed.ddp.
[2022.10.24-09.32.36:532][  0]LogDerivedDataCache: FDerivedDataBackendGraph:  EnterprisePak pak cache file ../../../Enterprise/DerivedDataCache/Compressed.ddp not found, will not use a pak cache.
[2022.10.24-09.32.36:532][  0]LogDerivedDataCache: Unable to find inner node EnterprisePak for hierarchical cache Hierarchy.
[2022.10.24-09.32.36:543][  0]LogDerivedDataCache: Speed tests for C:/Users/v8071865/AppData/Local/UnrealEngine/Common/DerivedDataCache took 0.01 seconds
[2022.10.24-09.32.36:543][  0]LogDerivedDataCache: Display: Performance to C:/Users/v8071865/AppData/Local/UnrealEngine/Common/DerivedDataCache: Latency=0.02ms. RandomReadSpeed=603.46MBs, RandomWriteSpeed=109.91MBs. Assigned SpeedClass 'Local'
[2022.10.24-09.32.36:543][  0]LogDerivedDataCache: Using Local data cache path C:/Users/v8071865/AppData/Local/UnrealEngine/Common/DerivedDataCache: Writable
[2022.10.24-09.32.36:543][  0]LogDerivedDataCache: Shared data cache path not found in *engine.ini, will not use an Shared cache.
[2022.10.24-09.32.36:543][  0]LogDerivedDataCache: Unable to find inner node Shared for hierarchical cache Hierarchy.
[2022.10.24-09.32.36:587][  0]LogSlate: Using FreeType 2.10.0
[2022.10.24-09.32.36:588][  0]LogSlate: SlateFontServices - WITH_FREETYPE: 1, WITH_HARFBUZZ: 1
[2022.10.24-09.32.36:612][  0]LogAssetRegistry: FAssetRegistry took 0.0030 seconds to start up
[2022.10.24-09.32.36:863][  0]LogInit: Selected Device Profile: [Windows]
[2022.10.24-09.32.36:863][  0]LogInit: Active device profile: [000001D3F2EEBE00][000001D3EA85A400 49] Windows
[2022.10.24-09.32.36:863][  0]LogInit: Profiles: [000001D3F2EEBE00][000001D3EA85A400 49] Windows, [000001D3F2F03D00][000001D3EA85E540 49] WindowsNoEditor, [000001D3F2EE8600][000001D3EA862680 49] WindowsServer, [000001D3F2F00600][000001D3EA8667C0 49] WindowsClient, [000001D3F2EEBC00][000001D3EA86A900 49] IOS, [000001D3F2F00100][000001D3EA872A80 49] iPadAir, [000001D3F2EE8500][000001D3EA876C00 49] iPadAir2, [000001D3F2EA5100][000001D3EA87EEC0 49] IPadPro, [000001D3F2EA5200][000001D3EA87AF00 49] iPadAir3, [000001D3F2EEBA00][000001D3EA883080 49] iPadAir4, [000001D3F2EA4800][000001D3EA887200 49] iPadMini2, [000001D3F2EE8400][000001D3EA88B380 49] iPadMini3, [000001D3F2EA5700][000001D3EA88F500 49] iPadMini4, [000001D3F2EEB900][000001D3EA893680 49] iPadMini5, [000001D3F2F01200][000001D3EA89B940 49] iPhone6, [000001D3F2F01300][000001D3EA897980 49] iPodTouch6, [000001D3F2EA7A00][000001D3EA8A20C0 49] iPhone7, [000001D3F2EA7900][000001D3EA89E100 49] iPodTouch7, [000001D3F2F00A00][000001D3EA8A6280 49] iPhone5S, [000001D3F2EA4E00][000001D3EA8AA400 49] iPhone6Plus, [000001D3F2F01800][000001D3EA8AE580 49] iPhone6S, [000001D3F2EA7600][000001D3EA8B2700 49] iPhone6SPlus, [000001D3F2F00D00][000001D3EA86E840 49] iPhone7Plus, [000001D3F2EA4900][000001D3EA8B6980 49] iPhoneSE, [000001D3F2F03300][000001D3F15B2AC0 49] iPhone8, [000001D3F2EA7200][000001D3E429AC40 49] iPhone8Plus, [000001D3F2F00200][000001D3E429EDC0 49] iPhoneX, [000001D3F2EA4100][000001D3E42A2F40 49] iPhoneXS, [000001D3F2F01E00][000001D3E42A70C0 49] iPhoneXSMax, [000001D3F2EA6F00][000001D3E42AB240 49] iPhoneXR, [000001D3F2F03700][000001D3E42AF3C0 49] iPhone11, [000001D3F2EA5600][000001D3E42B3540 49] iPhone11Pro, [000001D3F2F02200][000001D3E42B76C0 49] iPhone11ProMax, [000001D3F2EA6B00][000001D3F15B7840 49] iPhoneSE2, [000001D3F2F03600][000001D3F15BF9C0 49] iPhone12Mini, [000001D3F2EA5B00][000001D3F15C3B40 49] iPhone12, [000001D3F2F00500][000001D3F15C6140 49] iPhone12Pro, [000001D3F2EA6800][000001D3F15D22C0 49] iPhone12ProMax, [000001D3F2F03000][000001D3F15D6440 49] iPadPro105, [000001D3F2EA7400][000001D3F15EA5C0 49] iPadPro129, [000001D3F2F02700][000001D3F15EE740 49] iPadPro97, [000001D3F2EA4400][000001D3F162E8C0 49] iPadPro2_129, [000001D3F2F01700][000001D3E4296A00 49] iPad5, [000001D3F2EA6000][000001D3F164AB40 49] iPad6, [000001D3F2F00700][000001D3F164EC80 49] iPad7, [000001D3F2EA6700][000001D3F1652DC0 49] iPad8, [000001D3F2F02000][000001D3F165AF40 49] iPadPro11, [000001D3F2EA6D00][000001D3F16630C0 49] iPadPro2_11, [000001D3F2F03A00][000001D3F1667240 49] iPadPro3_129, [000001D3F2EA6400][000001D3F3D513C0 49] iPadPro4_129, [000001D3F2F02D00][000001D3F418B540 49] AppleTV, [000001D3F2EA4F00][000001D3F41A76C0 49] AppleTV4K, [000001D3F2F02B00][000001D3F41AB840 49] TVOS, [000001D3F2EA5C00][000001D3F41AF9C0 49] Mac, [000001D3F2F02100][000001D3F41B3B40 49] MacClient, [000001D3F2EA7500][000001D3F420A140 49] MacNoEditor, [000001D3F2F00900][000001D3F42722C0 49] MacServer, [000001D3F2EA4C00][000001D3F3D54440 49] Linux, [000001D3F2F01400][000001D3F42F05C0 49] LinuxAArch64, [000001D3F2EA5D00][000001D3F0132740 49] LinuxNoEditor, [000001D3F2F02A00][000001D3F134C8C0 49] LinuxAArch64NoEditor, [000001D3F2EA4600][000001D3F01AAA40 49] LinuxClient, [000001D3F2F03100][000001D3F1656B80 49] LinuxAArch64Client, [000001D3F2EA7E00][000001D3F01AECC0 49] LinuxServer, [000001D3F2F02600][000001D3F41BAE00 49] LinuxAArch64Server, [000001D3F2EA6600][000001D3F41C2F40 49] Android, [000001D3F2F02E00][000001D3F41CF0C0 49] Android_Low, [000001D3F2EA6C00][000001D3F41D3240 49] Android_Mid, [000001D3F2F02C00][000001D3F41D73C0 49] Android_High, [000001D3F2EA6E00][000001D3F4201540 49] Android_Default, [000001D3F2EE8700][000001D3F427F6C0 49] Android_Adreno4xx, [000001D3F2F71400][000001D3F42D3840 49] Android_Adreno5xx_Low, [000001D3F2EE9200][000001D3F42E19C0 49] Android_Adreno5xx, [000001D3F2F72700][000001D3F42E5B40 49] Android_Adreno6xx, [000001D3F2EE9800][000001D3F42E8140 49] Android_Adreno6xx_Vulkan, [000001D3F2F70100][000001D3F42EC2C0 49] Android_Mali_T6xx, [000001D3F2EEA900][000001D3F412C440 49] Android_Mali_T7xx, [000001D3F2F70800][000001D3F132E5C0 49] Android_Mali_T8xx, [000001D3F2EE9900][000001D3F1332740 49] Android_Mali_G71, [000001D3F2F72000][000001D3F13368C0 49] Android_Mali_G72, [000001D3F2EEA200][000001D3F133AA40 49] Android_Mali_G72_Vulkan, [000001D3F2F70200][000001D3F133EBC0 49] Android_Mali_G76, [000001D3F2EE8900][000001D3F1342D40 49] Android_Mali_G76_Vulkan, [000001D3F2F72200][000001D3F41CAE80 49] Android_Mali_G77, [000001D3F2EEB100][000001D3F3EF4FC0 49] Android_Mali_G77_Vulkan, [000001D3F2F72300][000001D3F413D100 49] Android_Mali_G78, [000001D3F2EEB000][000001D3F4149280 49] Android_Mali_G78_Vulkan, [000001D3F2F70C00][000001D3F00BF400 49] Android_Mali_G710, [000001D3F2EEAD00][000001D3F4529580 49] Android_Mali_G710_Vulkan, [000001D3F2F71900][000001D3F4537700 49] Android_Vulkan_SM5, [000001D3F2EEA400][000001D3F453B880 49] Android_PowerVR_G6xxx, [000001D3F2F72C00][000001D3F453FA00 49] Android_PowerVR_GT7xxx, [000001D3F2EA4500][000001D3F4543B80 49] Android_PowerVR_GE8xxx, [000001D3F2F71B00][000001D3F4546180 49] Android_PowerVR_GM9xxx, [000001D3F2EA6300][000001D3F454A300 49] Android_PowerVR_GM9xxx_Vulkan, [000001D3F2F71A00][000001D3F454E480 49] Android_TegraK1, [000001D3F2EA4300][000001D3F4552600 49] Android_Unknown_Vulkan, [000001D3F2F71700][000001D3F455C780 49] Lumin, [000001D3F2EA7B00][000001D3F12E6900 49] Lumin_Desktop, [000001D3F2F71500][000001D3F12EAA80 49] HoloLens, 
[2022.10.24-09.32.37:016][  0]LogMeshReduction: Using QuadricMeshReduction for automatic static mesh reduction
[2022.10.24-09.32.37:016][  0]LogMeshReduction: Using SimplygonMeshReduction for automatic skeletal mesh reduction
[2022.10.24-09.32.37:016][  0]LogMeshReduction: Using ProxyLODMeshReduction for automatic mesh merging
[2022.10.24-09.32.37:016][  0]LogMeshReduction: No distributed automatic mesh merging module available
[2022.10.24-09.32.37:016][  0]LogMeshMerging: No distributed automatic mesh merging module available
[2022.10.24-09.32.37:034][  0]LogNetVersion: BAT9 1.0.0, NetCL: 17155196, EngineNetVer: 17, GameNetVer: 0 (Checksum: 2784987450)
[2022.10.24-09.32.37:434][  0]LogTexture: Default maximum texture size for cubemaps generated from long-lat sources has been changed from 512 to unlimited. In order to preserve old behaiour for '/Engine/MapTemplates/Sky/DaylightAmbientCubemap.DaylightAmbientCubemap', its maximum texture size has been explicitly set to 512.
[2022.10.24-09.32.37:489][  0]LogHMD: PokeAHoleMaterial loaded successfully
[2022.10.24-09.32.37:495][  0]LogUObjectArray: 17178 objects as part of root set at end of initial load.
[2022.10.24-09.32.37:495][  0]LogUObjectAllocator: 4302048 out of 0 bytes used by permanent object pool.
[2022.10.24-09.32.37:495][  0]LogUObjectArray: CloseDisregardForGC: 0/0 objects in disregard for GC pool
[2022.10.24-09.32.37:823][  0]LogNiagaraDebuggerClient: Niagara Debugger Client Initialized | Session: CE2BBC8A4D174F5D87D8278356547C0A | Instance: ACD10E0D4BC3214BCBF018BC4FFD8EEA (TU39284-8424).
[2022.10.24-09.32.37:862][  0]LogPython: Using Python 3.7.7
[2022.10.24-09.32.38:472][  0]LogTcpMessaging: Initializing TcpMessaging bridge
[2022.10.24-09.32.38:477][  0]LogUdpMessaging: Initializing bridge on interface 0.0.0.0:0 to multicast group 230.0.0.1:6666.
[2022.10.24-09.32.38:478][  0]LogDirectoryWatcher: Display: A directory notification failed for 'U:/Beta-Arcade/BAT9/Content/' because it was empty or there was a buffer overflow. Attemping another request...
[2022.10.24-09.32.38:478][  0]LogDirectoryWatcher: Display: A directory notification failed for 'U:/Beta-Arcade/BAT9/Content/' because it was empty or there was a buffer overflow. Attemping another request...
[2022.10.24-09.32.38:661][  0]SourceControl: Source control is disabled
[2022.10.24-09.32.38:661][  0]SourceControl: Source control is disabled
[2022.10.24-09.32.38:665][  0]SourceControl: Source control is disabled
[2022.10.24-09.32.38:669][  0]SourceControl: Source control is disabled
[2022.10.24-09.32.38:681][  0]SourceControl: Source control is disabled
[2022.10.24-09.32.38:689][  0]LogUProjectInfo: Found projects:
[2022.10.24-09.32.38:957][  0]LogOpenImageDenoise: OIDN starting up
[2022.10.24-09.32.39:013][  0]LogAndroidPermission: UAndroidPermissionCallbackProxy::GetInstance
[2022.10.24-09.32.39:039][  0]LogAudioCaptureCore: Display: No Audio Capture implementations found. Audio input will be silent.
[2022.10.24-09.32.39:039][  0]LogAudioCaptureCore: Display: No Audio Capture implementations found. Audio input will be silent.
[2022.10.24-09.32.39:172][  0]LogCollectionManager: Loaded 0 collections in 0.001337 seconds
[2022.10.24-09.32.39:198][  0]LogFileCache: Scanning file cache for directory 'U:/Beta-Arcade/BAT9/Saved/Collections/' took 0.00s
[2022.10.24-09.32.39:198][  0]LogFileCache: Scanning file cache for directory 'U:/Beta-Arcade/BAT9/Content/Developers/v8071865/Collections/' took 0.00s
[2022.10.24-09.32.39:198][  0]LogFileCache: Scanning file cache for directory 'U:/Beta-Arcade/BAT9/Content/Collections/' took 0.00s
[2022.10.24-09.32.39:198][  0]LogOcInput: OculusInput pre-init called
[2022.10.24-09.32.39:433][  0]LogEngine: Initializing Engine...
[2022.10.24-09.32.39:436][  0]LogHMD: Failed to enumerate extensions. Please check that you have a valid OpenXR runtime installed.
[2022.10.24-09.32.39:436][  0]LogHMD: Failed to initialize OpenVR with code 110
[2022.10.24-09.32.39:436][  0]LogMagicLeap: Warning: VR disabled because ZI is not enabled.  To enable, in the editor, Edit -> Project Settings -> Plugins -> Magic Leap Plugin -> Enable Zero Iteration
[2022.10.24-09.32.39:437][  0]LogStats: UGameplayTagsManager::InitializeManager -  0.000 s
[2022.10.24-09.32.39:560][  0]LogInit: Initializing FReadOnlyCVARCache
[2022.10.24-09.32.39:569][  0]LogAIModule: Creating AISystem for world Untitled
[2022.10.24-09.32.39:576][  0]LogAudio: Display: Initializing Audio Device Manager...
[2022.10.24-09.32.39:580][  0]LogAudio: Display: Loading Default Audio Settings Objects...
[2022.10.24-09.32.39:581][  0]LogAudio: Display: No default SoundConcurrencyObject specified (or failed to load).
[2022.10.24-09.32.39:581][  0]LogAudio: Display: Audio Device Manager Initialized
[2022.10.24-09.32.39:581][  0]LogAudio: Display: Creating Audio Device:                 Id: 1, Scope: Shared, Realtime: True
[2022.10.24-09.32.39:582][  0]LogAudioMixer: Display: Audio Mixer Platform Settings:
[2022.10.24-09.32.39:582][  0]LogAudioMixer: Display: 	Sample Rate:						  48000
[2022.10.24-09.32.39:582][  0]LogAudioMixer: Display: 	Callback Buffer Frame Size Requested: 1024
[2022.10.24-09.32.39:582][  0]LogAudioMixer: Display: 	Callback Buffer Frame Size To Use:	  1024
[2022.10.24-09.32.39:582][  0]LogAudioMixer: Display: 	Number of buffers to queue:			  2
[2022.10.24-09.32.39:582][  0]LogAudioMixer: Display: 	Max Channels (voices):				  32
[2022.10.24-09.32.39:582][  0]LogAudioMixer: Display: 	Number of Async Source Workers:		  0
[2022.10.24-09.32.39:582][  0]LogAudio: Display: AudioDevice MaxSources: 32
[2022.10.24-09.32.39:582][  0]LogAudio: Display: Audio Spatialization Plugin: None (built-in).
[2022.10.24-09.32.39:582][  0]LogAudio: Display: Audio Reverb Plugin: None (built-in).
[2022.10.24-09.32.39:582][  0]LogAudio: Display: Audio Occlusion Plugin: None (built-in).
[2022.10.24-09.32.39:582][  0]LogAudioMixer: Display: Initializing audio mixer.
[2022.10.24-09.32.39:600][  0]LogAudioMixer: Display: 0: FrontLeft
[2022.10.24-09.32.39:600][  0]LogAudioMixer: Display: 1: FrontRight
[2022.10.24-09.32.39:634][  0]LogAudioMixer: Display: Using Audio Device Realtek HD Audio 2nd output (Realtek High Definition Audio)
[2022.10.24-09.32.39:635][  0]LogAudioMixer: Display: Initializing Sound Submixes...
[2022.10.24-09.32.39:638][  0]LogAudioMixer: Display: Creating Master Submix 'MasterSubmixDefault'
[2022.10.24-09.32.39:638][  0]LogAudioMixer: Display: Creating Master Submix 'MasterReverbSubmixDefault'
[2022.10.24-09.32.39:639][  0]LogAudioMixer: Display: Creating Master Submix 'MasterEQSubmixDefault'
[2022.10.24-09.32.39:639][  0]LogAudioMixer: FMixerPlatformXAudio2::StartAudioStream() called
[2022.10.24-09.32.39:639][  0]LogAudioMixer: Display: Output buffers initialized: Frames=1024, Channels=2, Samples=2048
[2022.10.24-09.32.39:640][  0]LogAudioMixer: Display: Starting AudioMixerPlatformInterface::RunInternal()
[2022.10.24-09.32.39:640][  0]LogAudioMixer: Display: FMixerPlatformXAudio2::SubmitBuffer() called for the first time
[2022.10.24-09.32.39:640][  0]LogInit: FAudioDevice initialized.
[2022.10.24-09.32.39:640][  0]LogAudio: Display: Audio Device (ID: 1) registered with world 'Untitled'.
[2022.10.24-09.32.39:640][  0]LogNetVersion: Set ProjectVersion to 1.0.0.0. Version Checksum will be recalculated on next use.
[2022.10.24-09.32.39:725][  0]LogDerivedDataCache: Saved boot cache 0.09s 96MB C:/Users/v8071865/AppData/Local/UnrealEngine/4.27/DerivedDataCache/Boot.ddc.
[2022.10.24-09.32.39:726][  0]LogInit: Texture streaming: Enabled
[2022.10.24-09.32.39:740][  0]LogAnalytics: Display: [UEEditor.Rocket.Release] APIServer = https://datarouter.ol.epicgames.com/. AppVersion = 4.27.2-18319896+++UE4+Release-4.27
[2022.10.24-09.32.39:745][  0]LogEngineSessionManager: EngineSessionManager initialized
[2022.10.24-09.32.39:745][  0]LogEditorSessionSummary: Verbose: Initializing EditorSessionSummaryWriter for editor session tracking
[2022.10.24-09.32.39:750][  0]LogEditorSessionSummary: EditorSessionSummaryWriter initialized
[2022.10.24-09.32.39:834][  0]LogInit: Transaction tracking system initialized
[2022.10.24-09.32.39:859][  0]BlueprintLog: New page: Editor Load
[2022.10.24-09.32.39:939][  0]LocalizationService: Localization service is disabled
[2022.10.24-09.32.39:980][  0]TimingProfiler: Initialize
[2022.10.24-09.32.39:980][  0]TimingProfiler: OnSessionChanged
[2022.10.24-09.32.39:980][  0]LoadingProfiler: Initialize
[2022.10.24-09.32.39:980][  0]LoadingProfiler: OnSessionChanged
[2022.10.24-09.32.39:980][  0]NetworkingProfiler: Initialize
[2022.10.24-09.32.39:980][  0]NetworkingProfiler: OnSessionChanged
[2022.10.24-09.32.39:980][  0]MemoryProfiler: Initialize
[2022.10.24-09.32.39:980][  0]MemoryProfiler: OnSessionChanged
[2022.10.24-09.32.40:157][  0]LogCook: Display: CookSettings for Memory: MemoryMaxUsedVirtual 0MiB, MemoryMaxUsedPhysical 16384MiB, MemoryMinFreeVirtual 0MiB, MemoryMinFreePhysical 1024MiB
[2022.10.24-09.32.40:157][  0]LogCook: Display: Mobile HDR setting 1
[2022.10.24-09.32.40:372][  0]LogFileCache: Scanning file cache for directory 'U:/Beta-Arcade/BAT9/Content/' took 0.03s
[2022.10.24-09.32.40:561][  0]LogInit: Display: Engine is initialized. Leaving FEngineLoop::Init()
[2022.10.24-09.32.40:566][  0]SourceControl: Source control is disabled
[2022.10.24-09.32.40:566][  0]LogUnrealEdMisc: Loading editor; pre map load, took 8.961
[2022.10.24-09.32.40:566][  0]Cmd: MAP LOAD FILE="U:/Beta-Arcade/BAT9/Content/TopDownBP/Maps/TopDownExampleMap.umap" TEMPLATE=0 SHOWPROGRESS=1 FEATURELEVEL=3
[2022.10.24-09.32.40:569][  0]LightingResults: New page: Lighting Build
[2022.10.24-09.32.40:570][  0]LogWorld: UWorld::CleanupWorld for Untitled, bSessionEnded=true, bCleanupResources=true
[2022.10.24-09.32.40:570][  0]LogSlate: InvalidateAllWidgets triggered.  All widgets were invalidated
[2022.10.24-09.32.40:570][  0]MapCheck: New page: Map Check
[2022.10.24-09.32.40:570][  0]LightingResults: New page: Lighting Build
[2022.10.24-09.32.40:574][  0]LogAudio: Display: Audio Device unregistered from world 'None'.
[2022.10.24-09.32.40:577][  0]LogUObjectHash: Compacting FUObjectHashTables data took   1.26ms
[2022.10.24-09.32.41:152][  0]LogAudio: Display: Audio Device (ID: 1) registered with world 'TopDownExampleMap'.
[2022.10.24-09.32.41:153][  0]LogAIModule: Creating AISystem for world TopDownExampleMap
[2022.10.24-09.32.41:162][  0]LogEditorServer: Finished looking for orphan Actors (0.000 secs)
[2022.10.24-09.32.41:164][  0]LogNavigationDataBuild: Display:    Building NavData:  Name Default class /Script/NavigationSystem.RecastNavMesh agent radius 35.0.
[2022.10.24-09.32.41:174][  0]LogUObjectHash: Compacting FUObjectHashTables data took   1.65ms
[2022.10.24-09.32.41:174][  0]Cmd: MAP CHECKDEP NOCLEARLOG
[2022.10.24-09.32.41:174][  0]MapCheck: Map check complete: 0 Error(s), 0 Warning(s), took 0.329ms to complete.
[2022.10.24-09.32.41:174][  0]LogFileHelpers: Loading map 'TopDownExampleMap' took 0.608
[2022.10.24-09.32.41:176][  0]LogUnrealEdMisc: Total Editor Startup Time, took 9.572
[2022.10.24-09.32.41:297][  0]LogSlate: Updating window title bar state: overlay mode, drag disabled, window buttons hidden, title bar hidden
[2022.10.24-09.32.41:303][  0]LogSlate: Updating window title bar state: overlay mode, drag disabled, window buttons hidden, title bar hidden
[2022.10.24-09.32.41:308][  0]LogSlate: Updating window title bar state: overlay mode, drag disabled, window buttons hidden, title bar hidden
[2022.10.24-09.32.41:315][  0]LogSlate: Updating window title bar state: overlay mode, drag disabled, window buttons hidden, title bar hidden
[2022.10.24-09.32.41:329][  0]LogNativeClassHierarchy: Verbose: Native class hierarchy populated in 0.0090 seconds. Added 3822 classes and 928 folders.
[2022.10.24-09.32.41:332][  0]LogNativeClassHierarchy: Verbose: Native class hierarchy updated for 'WidgetCarousel' in 0.0003 seconds. Added 0 classes and 0 folders.
[2022.10.24-09.32.41:334][  0]LogPakFile: PakFile PrimaryIndexSize=187
[2022.10.24-09.32.41:334][  0]LogPakFile: PakFile PathHashIndexSize=101
[2022.10.24-09.32.41:334][  0]LogPakFile: PakFile FullDirectoryIndexSize=148
[2022.10.24-09.32.41:334][  0]LogShaderLibrary: Display: ShaderCodeLibraryPakFileMountedCallback: PakFile 'C:/Program Files/Epic Games/UE_4.27/FeaturePacks/FP_FirstPerson.upack' (chunk index -1, root 'root:/') mounted
[2022.10.24-09.32.41:334][  0]LogShaderLibrary: Display: ShaderCodeLibraryPakFileMountedCallback: pending pak file info (ChunkID:-1 Root:root:/ File:C:/Program Files/Epic Games/UE_4.27/FeaturePacks/FP_FirstPerson.upack)
[2022.10.24-09.32.41:334][  0]LogPakFile: OnPakFileMounted2Time == 0.000050
[2022.10.24-09.32.41:335][  0]LogPakFile: PakFile PrimaryIndexSize=189
[2022.10.24-09.32.41:335][  0]LogPakFile: PakFile PathHashIndexSize=101
[2022.10.24-09.32.41:335][  0]LogPakFile: PakFile FullDirectoryIndexSize=152
[2022.10.24-09.32.41:335][  0]LogShaderLibrary: Display: ShaderCodeLibraryPakFileMountedCallback: PakFile 'C:/Program Files/Epic Games/UE_4.27/FeaturePacks/FP_FirstPersonBP.upack' (chunk index -1, root 'root:/') mounted
[2022.10.24-09.32.41:335][  0]LogShaderLibrary: Display: ShaderCodeLibraryPakFileMountedCallback: pending pak file info (ChunkID:-1 Root:root:/ File:C:/Program Files/Epic Games/UE_4.27/FeaturePacks/FP_FirstPersonBP.upack)
[2022.10.24-09.32.41:335][  0]LogPakFile: OnPakFileMounted2Time == 0.000037
[2022.10.24-09.32.41:335][  0]LogPakFile: PakFile PrimaryIndexSize=191
[2022.10.24-09.32.41:335][  0]LogPakFile: PakFile PathHashIndexSize=101
[2022.10.24-09.32.41:335][  0]LogPakFile: PakFile FullDirectoryIndexSize=160
[2022.10.24-09.32.41:335][  0]LogShaderLibrary: Display: ShaderCodeLibraryPakFileMountedCallback: PakFile 'C:/Program Files/Epic Games/UE_4.27/FeaturePacks/MobileStarterContent.upack' (chunk index -1, root 'root:/') mounted
[2022.10.24-09.32.41:335][  0]LogShaderLibrary: Display: ShaderCodeLibraryPakFileMountedCallback: pending pak file info (ChunkID:-1 Root:root:/ File:C:/Program Files/Epic Games/UE_4.27/FeaturePacks/MobileStarterContent.upack)
[2022.10.24-09.32.41:335][  0]LogPakFile: OnPakFileMounted2Time == 0.000032
[2022.10.24-09.32.41:336][  0]LogPakFile: PakFile PrimaryIndexSize=185
[2022.10.24-09.32.41:336][  0]LogPakFile: PakFile PathHashIndexSize=101
[2022.10.24-09.32.41:336][  0]LogPakFile: PakFile FullDirectoryIndexSize=148
[2022.10.24-09.32.41:336][  0]LogShaderLibrary: Display: ShaderCodeLibraryPakFileMountedCallback: PakFile 'C:/Program Files/Epic Games/UE_4.27/FeaturePacks/StarterContent.upack' (chunk index -1, root 'root:/') mounted
[2022.10.24-09.32.41:336][  0]LogShaderLibrary: Display: ShaderCodeLibraryPakFileMountedCallback: pending pak file info (ChunkID:-1 Root:root:/ File:C:/Program Files/Epic Games/UE_4.27/FeaturePacks/StarterContent.upack)
[2022.10.24-09.32.41:336][  0]LogPakFile: OnPakFileMounted2Time == 0.000033
[2022.10.24-09.32.41:337][  0]LogPakFile: PakFile PrimaryIndexSize=190
[2022.10.24-09.32.41:337][  0]LogPakFile: PakFile PathHashIndexSize=101
[2022.10.24-09.32.41:337][  0]LogPakFile: PakFile FullDirectoryIndexSize=154
[2022.10.24-09.32.41:337][  0]LogShaderLibrary: Display: ShaderCodeLibraryPakFileMountedCallback: PakFile 'C:/Program Files/Epic Games/UE_4.27/FeaturePacks/TP_2DSideScroller.upack' (chunk index -1, root 'root:/') mounted
[2022.10.24-09.32.41:337][  0]LogShaderLibrary: Display: ShaderCodeLibraryPakFileMountedCallback: pending pak file info (ChunkID:-1 Root:root:/ File:C:/Program Files/Epic Games/UE_4.27/FeaturePacks/TP_2DSideScroller.upack)
[2022.10.24-09.32.41:337][  0]LogPakFile: OnPakFileMounted2Time == 0.000031
[2022.10.24-09.32.41:337][  0]LogPakFile: PakFile PrimaryIndexSize=192
[2022.10.24-09.32.41:337][  0]LogPakFile: PakFile PathHashIndexSize=101
[2022.10.24-09.32.41:337][  0]LogPakFile: PakFile FullDirectoryIndexSize=158
[2022.10.24-09.32.41:337][  0]LogShaderLibrary: Display: ShaderCodeLibraryPakFileMountedCallback: PakFile 'C:/Program Files/Epic Games/UE_4.27/FeaturePacks/TP_2DSideScrollerBP.upack' (chunk index -1, root 'root:/') mounted
[2022.10.24-09.32.41:337][  0]LogShaderLibrary: Display: ShaderCodeLibraryPakFileMountedCallback: pending pak file info (ChunkID:-1 Root:root:/ File:C:/Program Files/Epic Games/UE_4.27/FeaturePacks/TP_2DSideScrollerBP.upack)
[2022.10.24-09.32.41:337][  0]LogPakFile: OnPakFileMounted2Time == 0.000031
[2022.10.24-09.32.41:338][  0]LogPakFile: PakFile PrimaryIndexSize=182
[2022.10.24-09.32.41:338][  0]LogPakFile: PakFile PathHashIndexSize=101
[2022.10.24-09.32.41:338][  0]LogPakFile: PakFile FullDirectoryIndexSize=138
[2022.10.24-09.32.41:338][  0]LogShaderLibrary: Display: ShaderCodeLibraryPakFileMountedCallback: PakFile 'C:/Program Files/Epic Games/UE_4.27/FeaturePacks/TP_Flying.upack' (chunk index -1, root 'root:/') mounted
[2022.10.24-09.32.41:338][  0]LogShaderLibrary: Display: ShaderCodeLibraryPakFileMountedCallback: pending pak file info (ChunkID:-1 Root:root:/ File:C:/Program Files/Epic Games/UE_4.27/FeaturePacks/TP_Flying.upack)
[2022.10.24-09.32.41:338][  0]LogPakFile: OnPakFileMounted2Time == 0.000031
[2022.10.24-09.32.41:339][  0]LogPakFile: PakFile PrimaryIndexSize=184
[2022.10.24-09.32.41:339][  0]LogPakFile: PakFile PathHashIndexSize=101
[2022.10.24-09.32.41:339][  0]LogPakFile: PakFile FullDirectoryIndexSize=142
[2022.10.24-09.32.41:339][  0]LogShaderLibrary: Display: ShaderCodeLibraryPakFileMountedCallback: PakFile 'C:/Program Files/Epic Games/UE_4.27/FeaturePacks/TP_FlyingBP.upack' (chunk index -1, root 'root:/') mounted
[2022.10.24-09.32.41:339][  0]LogShaderLibrary: Display: ShaderCodeLibraryPakFileMountedCallback: pending pak file info (ChunkID:-1 Root:root:/ File:C:/Program Files/Epic Games/UE_4.27/FeaturePacks/TP_FlyingBP.upack)
[2022.10.24-09.32.41:339][  0]LogPakFile: OnPakFileMounted2Time == 0.000031
[2022.10.24-09.32.41:339][  0]LogPakFile: PakFile PrimaryIndexSize=188
[2022.10.24-09.32.41:339][  0]LogPakFile: PakFile PathHashIndexSize=101
[2022.10.24-09.32.41:339][  0]LogPakFile: PakFile FullDirectoryIndexSize=150
[2022.10.24-09.32.41:339][  0]LogShaderLibrary: Display: ShaderCodeLibraryPakFileMountedCallback: PakFile 'C:/Program Files/Epic Games/UE_4.27/FeaturePacks/TP_HandheldARBP.upack' (chunk index -1, root 'root:/') mounted
[2022.10.24-09.32.41:339][  0]LogShaderLibrary: Display: ShaderCodeLibraryPakFileMountedCallback: pending pak file info (ChunkID:-1 Root:root:/ File:C:/Program Files/Epic Games/UE_4.27/FeaturePacks/TP_HandheldARBP.upack)
[2022.10.24-09.32.41:339][  0]LogPakFile: OnPakFileMounted2Time == 0.000031
[2022.10.24-09.32.41:340][  0]LogPakFile: PakFile PrimaryIndexSize=182
[2022.10.24-09.32.41:340][  0]LogPakFile: PakFile PathHashIndexSize=101
[2022.10.24-09.32.41:340][  0]LogPakFile: PakFile FullDirectoryIndexSize=138
[2022.10.24-09.32.41:340][  0]LogShaderLibrary: Display: ShaderCodeLibraryPakFileMountedCallback: PakFile 'C:/Program Files/Epic Games/UE_4.27/FeaturePacks/TP_Puzzle.upack' (chunk index -1, root 'root:/') mounted
[2022.10.24-09.32.41:340][  0]LogShaderLibrary: Display: ShaderCodeLibraryPakFileMountedCallback: pending pak file info (ChunkID:-1 Root:root:/ File:C:/Program Files/Epic Games/UE_4.27/FeaturePacks/TP_Puzzle.upack)
[2022.10.24-09.32.41:340][  0]LogPakFile: OnPakFileMounted2Time == 0.000031
[2022.10.24-09.32.41:341][  0]LogPakFile: PakFile PrimaryIndexSize=184
[2022.10.24-09.32.41:341][  0]LogPakFile: PakFile PathHashIndexSize=101
[2022.10.24-09.32.41:341][  0]LogPakFile: PakFile FullDirectoryIndexSize=142
[2022.10.24-09.32.41:341][  0]LogShaderLibrary: Display: ShaderCodeLibraryPakFileMountedCallback: PakFile 'C:/Program Files/Epic Games/UE_4.27/FeaturePacks/TP_PuzzleBP.upack' (chunk index -1, root 'root:/') mounted
[2022.10.24-09.32.41:341][  0]LogShaderLibrary: Display: ShaderCodeLibraryPakFileMountedCallback: pending pak file info (ChunkID:-1 Root:root:/ File:C:/Program Files/Epic Games/UE_4.27/FeaturePacks/TP_PuzzleBP.upack)
[2022.10.24-09.32.41:341][  0]LogPakFile: OnPakFileMounted2Time == 0.000032
[2022.10.24-09.32.41:342][  0]LogPakFile: PakFile PrimaryIndexSize=183
[2022.10.24-09.32.41:342][  0]LogPakFile: PakFile PathHashIndexSize=101
[2022.10.24-09.32.41:342][  0]LogPakFile: PakFile FullDirectoryIndexSize=140
[2022.10.24-09.32.41:342][  0]LogShaderLibrary: Display: ShaderCodeLibraryPakFileMountedCallback: PakFile 'C:/Program Files/Epic Games/UE_4.27/FeaturePacks/TP_Rolling.upack' (chunk index -1, root 'root:/') mounted
[2022.10.24-09.32.41:342][  0]LogShaderLibrary: Display: ShaderCodeLibraryPakFileMountedCallback: pending pak file info (ChunkID:-1 Root:root:/ File:C:/Program Files/Epic Games/UE_4.27/FeaturePacks/TP_Rolling.upack)
[2022.10.24-09.32.41:342][  0]LogPakFile: OnPakFileMounted2Time == 0.000031
[2022.10.24-09.32.41:342][  0]LogPakFile: PakFile PrimaryIndexSize=185
[2022.10.24-09.32.41:342][  0]LogPakFile: PakFile PathHashIndexSize=101
[2022.10.24-09.32.41:342][  0]LogPakFile: PakFile FullDirectoryIndexSize=144
[2022.10.24-09.32.41:342][  0]LogShaderLibrary: Display: ShaderCodeLibraryPakFileMountedCallback: PakFile 'C:/Program Files/Epic Games/UE_4.27/FeaturePacks/TP_RollingBP.upack' (chunk index -1, root 'root:/') mounted
[2022.10.24-09.32.41:342][  0]LogShaderLibrary: Display: ShaderCodeLibraryPakFileMountedCallback: pending pak file info (ChunkID:-1 Root:root:/ File:C:/Program Files/Epic Games/UE_4.27/FeaturePacks/TP_RollingBP.upack)
[2022.10.24-09.32.41:342][  0]LogPakFile: OnPakFileMounted2Time == 0.000032
[2022.10.24-09.32.41:343][  0]LogPakFile: PakFile PrimaryIndexSize=188
[2022.10.24-09.32.41:343][  0]LogPakFile: PakFile PathHashIndexSize=101
[2022.10.24-09.32.41:343][  0]LogPakFile: PakFile FullDirectoryIndexSize=150
[2022.10.24-09.32.41:343][  0]LogShaderLibrary: Display: ShaderCodeLibraryPakFileMountedCallback: PakFile 'C:/Program Files/Epic Games/UE_4.27/FeaturePacks/TP_SideScroller.upack' (chunk index -1, root 'root:/') mounted
[2022.10.24-09.32.41:343][  0]LogShaderLibrary: Display: ShaderCodeLibraryPakFileMountedCallback: pending pak file info (ChunkID:-1 Root:root:/ File:C:/Program Files/Epic Games/UE_4.27/FeaturePacks/TP_SideScroller.upack)
[2022.10.24-09.32.41:343][  0]LogPakFile: OnPakFileMounted2Time == 0.000032
[2022.10.24-09.32.41:344][  0]LogPakFile: PakFile PrimaryIndexSize=190
[2022.10.24-09.32.41:344][  0]LogPakFile: PakFile PathHashIndexSize=101
[2022.10.24-09.32.41:344][  0]LogPakFile: PakFile FullDirectoryIndexSize=154
[2022.10.24-09.32.41:344][  0]LogShaderLibrary: Display: ShaderCodeLibraryPakFileMountedCallback: PakFile 'C:/Program Files/Epic Games/UE_4.27/FeaturePacks/TP_SideScrollerBP.upack' (chunk index -1, root 'root:/') mounted
[2022.10.24-09.32.41:344][  0]LogShaderLibrary: Display: ShaderCodeLibraryPakFileMountedCallback: pending pak file info (ChunkID:-1 Root:root:/ File:C:/Program Files/Epic Games/UE_4.27/FeaturePacks/TP_SideScrollerBP.upack)
[2022.10.24-09.32.41:344][  0]LogPakFile: OnPakFileMounted2Time == 0.000032
[2022.10.24-09.32.41:345][  0]LogPakFile: PakFile PrimaryIndexSize=187
[2022.10.24-09.32.41:345][  0]LogPakFile: PakFile PathHashIndexSize=101
[2022.10.24-09.32.41:345][  0]LogPakFile: PakFile FullDirectoryIndexSize=148
[2022.10.24-09.32.41:345][  0]LogShaderLibrary: Display: ShaderCodeLibraryPakFileMountedCallback: PakFile 'C:/Program Files/Epic Games/UE_4.27/FeaturePacks/TP_ThirdPerson.upack' (chunk index -1, root 'root:/') mounted
[2022.10.24-09.32.41:345][  0]LogShaderLibrary: Display: ShaderCodeLibraryPakFileMountedCallback: pending pak file info (ChunkID:-1 Root:root:/ File:C:/Program Files/Epic Games/UE_4.27/FeaturePacks/TP_ThirdPerson.upack)
[2022.10.24-09.32.41:345][  0]LogPakFile: OnPakFileMounted2Time == 0.000031
[2022.10.24-09.32.41:346][  0]LogPakFile: PakFile PrimaryIndexSize=189
[2022.10.24-09.32.41:346][  0]LogPakFile: PakFile PathHashIndexSize=101
[2022.10.24-09.32.41:346][  0]LogPakFile: PakFile FullDirectoryIndexSize=152
[2022.10.24-09.32.41:346][  0]LogShaderLibrary: Display: ShaderCodeLibraryPakFileMountedCallback: PakFile 'C:/Program Files/Epic Games/UE_4.27/FeaturePacks/TP_ThirdPersonBP.upack' (chunk index -1, root 'root:/') mounted
[2022.10.24-09.32.41:346][  0]LogShaderLibrary: Display: ShaderCodeLibraryPakFileMountedCallback: pending pak file info (ChunkID:-1 Root:root:/ File:C:/Program Files/Epic Games/UE_4.27/FeaturePacks/TP_ThirdPersonBP.upack)
[2022.10.24-09.32.41:346][  0]LogPakFile: OnPakFileMounted2Time == 0.000031
[2022.10.24-09.32.41:346][  0]LogPakFile: PakFile PrimaryIndexSize=183
[2022.10.24-09.32.41:346][  0]LogPakFile: PakFile PathHashIndexSize=101
[2022.10.24-09.32.41:346][  0]LogPakFile: PakFile FullDirectoryIndexSize=140
[2022.10.24-09.32.41:346][  0]LogShaderLibrary: Display: ShaderCodeLibraryPakFileMountedCallback: PakFile 'C:/Program Files/Epic Games/UE_4.27/FeaturePacks/TP_TopDown.upack' (chunk index -1, root 'root:/') mounted
[2022.10.24-09.32.41:346][  0]LogShaderLibrary: Display: ShaderCodeLibraryPakFileMountedCallback: pending pak file info (ChunkID:-1 Root:root:/ File:C:/Program Files/Epic Games/UE_4.27/FeaturePacks/TP_TopDown.upack)
[2022.10.24-09.32.41:346][  0]LogPakFile: OnPakFileMounted2Time == 0.000038
[2022.10.24-09.32.41:347][  0]LogPakFile: PakFile PrimaryIndexSize=185
[2022.10.24-09.32.41:347][  0]LogPakFile: PakFile PathHashIndexSize=101
[2022.10.24-09.32.41:347][  0]LogPakFile: PakFile FullDirectoryIndexSize=144
[2022.10.24-09.32.41:347][  0]LogShaderLibrary: Display: ShaderCodeLibraryPakFileMountedCallback: PakFile 'C:/Program Files/Epic Games/UE_4.27/FeaturePacks/TP_TopDownBP.upack' (chunk index -1, root 'root:/') mounted
[2022.10.24-09.32.41:347][  0]LogShaderLibrary: Display: ShaderCodeLibraryPakFileMountedCallback: pending pak file info (ChunkID:-1 Root:root:/ File:C:/Program Files/Epic Games/UE_4.27/FeaturePacks/TP_TopDownBP.upack)
[2022.10.24-09.32.41:347][  0]LogPakFile: OnPakFileMounted2Time == 0.000031
[2022.10.24-09.32.41:348][  0]LogPakFile: PakFile PrimaryIndexSize=185
[2022.10.24-09.32.41:348][  0]LogPakFile: PakFile PathHashIndexSize=101
[2022.10.24-09.32.41:348][  0]LogPakFile: PakFile FullDirectoryIndexSize=144
[2022.10.24-09.32.41:348][  0]LogShaderLibrary: Display: ShaderCodeLibraryPakFileMountedCallback: PakFile 'C:/Program Files/Epic Games/UE_4.27/FeaturePacks/TP_TwinStick.upack' (chunk index -1, root 'root:/') mounted
[2022.10.24-09.32.41:348][  0]LogShaderLibrary: Display: ShaderCodeLibraryPakFileMountedCallback: pending pak file info (ChunkID:-1 Root:root:/ File:C:/Program Files/Epic Games/UE_4.27/FeaturePacks/TP_TwinStick.upack)
[2022.10.24-09.32.41:348][  0]LogPakFile: OnPakFileMounted2Time == 0.000031
[2022.10.24-09.32.41:348][  0]LogPakFile: PakFile PrimaryIndexSize=187
[2022.10.24-09.32.41:348][  0]LogPakFile: PakFile PathHashIndexSize=101
[2022.10.24-09.32.41:348][  0]LogPakFile: PakFile FullDirectoryIndexSize=148
[2022.10.24-09.32.41:348][  0]LogShaderLibrary: Display: ShaderCodeLibraryPakFileMountedCallback: PakFile 'C:/Program Files/Epic Games/UE_4.27/FeaturePacks/TP_TwinStickBP.upack' (chunk index -1, root 'root:/') mounted
[2022.10.24-09.32.41:348][  0]LogShaderLibrary: Display: ShaderCodeLibraryPakFileMountedCallback: pending pak file info (ChunkID:-1 Root:root:/ File:C:/Program Files/Epic Games/UE_4.27/FeaturePacks/TP_TwinStickBP.upack)
[2022.10.24-09.32.41:348][  0]LogPakFile: OnPakFileMounted2Time == 0.000031
[2022.10.24-09.32.41:349][  0]LogPakFile: PakFile PrimaryIndexSize=183
[2022.10.24-09.32.41:349][  0]LogPakFile: PakFile PathHashIndexSize=101
[2022.10.24-09.32.41:349][  0]LogPakFile: PakFile FullDirectoryIndexSize=140
[2022.10.24-09.32.41:349][  0]LogShaderLibrary: Display: ShaderCodeLibraryPakFileMountedCallback: PakFile 'C:/Program Files/Epic Games/UE_4.27/FeaturePacks/TP_Vehicle.upack' (chunk index -1, root 'root:/') mounted
[2022.10.24-09.32.41:349][  0]LogShaderLibrary: Display: ShaderCodeLibraryPakFileMountedCallback: pending pak file info (ChunkID:-1 Root:root:/ File:C:/Program Files/Epic Games/UE_4.27/FeaturePacks/TP_Vehicle.upack)
[2022.10.24-09.32.41:349][  0]LogPakFile: OnPakFileMounted2Time == 0.000035
[2022.10.24-09.32.41:350][  0]LogPakFile: PakFile PrimaryIndexSize=186
[2022.10.24-09.32.41:350][  0]LogPakFile: PakFile PathHashIndexSize=101
[2022.10.24-09.32.41:350][  0]LogPakFile: PakFile FullDirectoryIndexSize=146
[2022.10.24-09.32.41:350][  0]LogShaderLibrary: Display: ShaderCodeLibraryPakFileMountedCallback: PakFile 'C:/Program Files/Epic Games/UE_4.27/FeaturePacks/TP_VehicleAdv.upack' (chunk index -1, root 'root:/') mounted
[2022.10.24-09.32.41:350][  0]LogShaderLibrary: Display: ShaderCodeLibraryPakFileMountedCallback: pending pak file info (ChunkID:-1 Root:root:/ File:C:/Program Files/Epic Games/UE_4.27/FeaturePacks/TP_VehicleAdv.upack)
[2022.10.24-09.32.41:350][  0]LogPakFile: OnPakFileMounted2Time == 0.000031
[2022.10.24-09.32.41:350][  0]LogPakFile: PakFile PrimaryIndexSize=188
[2022.10.24-09.32.41:350][  0]LogPakFile: PakFile PathHashIndexSize=101
[2022.10.24-09.32.41:350][  0]LogPakFile: PakFile FullDirectoryIndexSize=150
[2022.10.24-09.32.41:350][  0]LogShaderLibrary: Display: ShaderCodeLibraryPakFileMountedCallback: PakFile 'C:/Program Files/Epic Games/UE_4.27/FeaturePacks/TP_VehicleAdvBP.upack' (chunk index -1, root 'root:/') mounted
[2022.10.24-09.32.41:350][  0]LogShaderLibrary: Display: ShaderCodeLibraryPakFileMountedCallback: pending pak file info (ChunkID:-1 Root:root:/ File:C:/Program Files/Epic Games/UE_4.27/FeaturePacks/TP_VehicleAdvBP.upack)
[2022.10.24-09.32.41:350][  0]LogPakFile: OnPakFileMounted2Time == 0.000038
[2022.10.24-09.32.41:351][  0]LogPakFile: PakFile PrimaryIndexSize=185
[2022.10.24-09.32.41:351][  0]LogPakFile: PakFile PathHashIndexSize=101
[2022.10.24-09.32.41:351][  0]LogPakFile: PakFile FullDirectoryIndexSize=144
[2022.10.24-09.32.41:351][  0]LogShaderLibrary: Display: ShaderCodeLibraryPakFileMountedCallback: PakFile 'C:/Program Files/Epic Games/UE_4.27/FeaturePacks/TP_VehicleBP.upack' (chunk index -1, root 'root:/') mounted
[2022.10.24-09.32.41:351][  0]LogShaderLibrary: Display: ShaderCodeLibraryPakFileMountedCallback: pending pak file info (ChunkID:-1 Root:root:/ File:C:/Program Files/Epic Games/UE_4.27/FeaturePacks/TP_VehicleBP.upack)
[2022.10.24-09.32.41:351][  0]LogPakFile: OnPakFileMounted2Time == 0.000031
[2022.10.24-09.32.41:352][  0]LogPakFile: PakFile PrimaryIndexSize=192
[2022.10.24-09.32.41:352][  0]LogPakFile: PakFile PathHashIndexSize=101
[2022.10.24-09.32.41:352][  0]LogPakFile: PakFile FullDirectoryIndexSize=158
[2022.10.24-09.32.41:352][  0]LogShaderLibrary: Display: ShaderCodeLibraryPakFileMountedCallback: PakFile 'C:/Program Files/Epic Games/UE_4.27/FeaturePacks/TP_VirtualRealityBP.upack' (chunk index -1, root 'root:/') mounted
[2022.10.24-09.32.41:352][  0]LogShaderLibrary: Display: ShaderCodeLibraryPakFileMountedCallback: pending pak file info (ChunkID:-1 Root:root:/ File:C:/Program Files/Epic Games/UE_4.27/FeaturePacks/TP_VirtualRealityBP.upack)
[2022.10.24-09.32.41:352][  0]LogPakFile: OnPakFileMounted2Time == 0.000032
[2022.10.24-09.32.41:415][  0]LogNativeClassHierarchy: Verbose: Native class hierarchy updated for 'AddContentDialog' in 0.0003 seconds. Added 0 classes and 0 folders.
[2022.10.24-09.32.41:417][  0]LogNativeClassHierarchy: Verbose: Native class hierarchy updated for 'SceneOutliner' in 0.0003 seconds. Added 2 classes and 0 folders.
[2022.10.24-09.32.41:454][  0]LogNativeClassHierarchy: Verbose: Native class hierarchy updated for 'HierarchicalLODOutliner' in 0.0003 seconds. Added 0 classes and 0 folders.
[2022.10.24-09.32.41:454][  0]LogInput: Warning: Action SetDestination uses invalid key OculusGo_Left_Trigger_Click.
[2022.10.24-09.32.41:454][  0]LogInput: Warning: Action ResetVR uses invalid key OculusGo_Left_Back_Click.
[2022.10.24-09.32.41:454][  0]LogInput: Warning: Use -RemoveInvalidKeys to remove instances of these keys from the action mapping.
[2022.10.24-09.32.41:454][  0]LogLoad: (Engine Initialization) Total time: 9.85 seconds
[2022.10.24-09.32.41:454][  0]LogLoad: (Engine Initialization) Total Blueprint compile time: 0.00 seconds
[2022.10.24-09.32.41:496][  0]LogAssetRegistry: Asset discovery search completed in 4.8845 seconds
[2022.10.24-09.32.41:502][  0]LogCollectionManager: Fixed up redirectors for 0 collections in 0.000003 seconds (updated 0 objects)
[2022.10.24-09.32.41:502][  0]LogDirectoryWatcher: Display: A directory notification failed for 'U:/Beta-Arcade/BAT9/Content/' because it was empty or there was a buffer overflow. Attemping another request...
[2022.10.24-09.32.41:502][  0]LogDirectoryWatcher: Display: A directory notification failed, and we were unable to create a new request. GetLastError code [87] Handle [00000000000007DC], Path [U:/Beta-Arcade/BAT9/Content/] 
[2022.10.24-09.32.41:502][  0]LogDirectoryWatcher: Display: A directory notification failed for 'U:/Beta-Arcade/BAT9/Content/' because it was empty or there was a buffer overflow. Attemping another request...
[2022.10.24-09.32.41:502][  0]LogDirectoryWatcher: Display: A directory notification failed, and we were unable to create a new request. GetLastError code [87] Handle [0000000000000EB4], Path [U:/Beta-Arcade/BAT9/Content/] 
[2022.10.24-09.32.41:503][  0]LogDirectoryWatcher: Display: A directory notification failed for 'U:/Beta-Arcade/BAT9/Saved/Collections/' because it was empty or there was a buffer overflow. Attemping another request...
[2022.10.24-09.32.41:503][  0]LogDirectoryWatcher: Display: A directory notification failed for 'U:/Beta-Arcade/BAT9/Content/Developers/v8071865/Collections/' because it was empty or there was a buffer overflow. Attemping another request...
[2022.10.24-09.32.41:503][  0]LogDirectoryWatcher: Display: A directory notification failed for 'U:/Beta-Arcade/BAT9/Content/Collections/' because it was empty or there was a buffer overflow. Attemping another request...
[2022.10.24-09.32.41:504][  0]LogDirectoryWatcher: Display: A directory notification failed for 'U:/Beta-Arcade/BAT9/Saved/Collections/' because it was empty or there was a buffer overflow. Attemping another request...
[2022.10.24-09.32.41:504][  0]LogDirectoryWatcher: Display: A directory notification failed, and we were unable to create a new request. GetLastError code [87] Handle [0000000000001414], Path [U:/Beta-Arcade/BAT9/Saved/Collections/] 
[2022.10.24-09.32.41:505][  0]LogDirectoryWatcher: Display: A directory notification failed for 'U:/Beta-Arcade/BAT9/Content/Collections/' because it was empty or there was a buffer overflow. Attemping another request...
[2022.10.24-09.32.41:505][  0]LogDirectoryWatcher: Display: A directory notification failed, and we were unable to create a new request. GetLastError code [87] Handle [000000000000142C], Path [U:/Beta-Arcade/BAT9/Content/Collections/] 
[2022.10.24-09.32.41:505][  0]LogDirectoryWatcher: Display: A directory notification failed for 'U:/Beta-Arcade/BAT9/Content/Developers/v8071865/Collections/' because it was empty or there was a buffer overflow. Attemping another request...
[2022.10.24-09.32.41:505][  0]LogDirectoryWatcher: Display: A directory notification failed, and we were unable to create a new request. GetLastError code [87] Handle [0000000000001428], Path [U:/Beta-Arcade/BAT9/Content/Developers/v8071865/Collections/] 
[2022.10.24-09.32.41:507][  0]LogContentStreaming: Texture pool size now 1000 MB
[2022.10.24-09.32.41:514][  0]LogSlate: Took 0.000305 seconds to synchronously load lazily loaded font '../../../Engine/Content/Slate/Fonts/Roboto-Regular.ttf' (155K)
[2022.10.24-09.32.41:515][  0]LogSlate: Took 0.000213 seconds to synchronously load lazily loaded font '../../../Engine/Content/Editor/Slate/Fonts/FontAwesome.ttf' (139K)
[2022.10.24-09.32.41:516][  0]LogSlate: Took 0.000181 seconds to synchronously load lazily loaded font '../../../Engine/Content/Slate/Fonts/Roboto-Bold.ttf' (160K)
[2022.10.24-09.32.41:596][  0]LogSlate: Took 0.000278 seconds to synchronously load lazily loaded font '../../../Engine/Content/Slate/Fonts/Roboto-Light.ttf' (167K)
[2022.10.24-09.32.41:625][  1]LogRenderer: Reallocating scene render targets to support 804x360 Format 10 NumSamples 1 (Frame:1).
[2022.10.24-09.33.10:153][351]LogUObjectHash: Compacting FUObjectHashTables data took   0.98ms
[2022.10.24-09.33.10:159][351]LogSlate: Took 0.000268 seconds to synchronously load lazily loaded font '../../../Engine/Content/Slate/Fonts/Roboto-Light.ttf' (167K)
[2022.10.24-09.33.10:204][351]LogTexture: Display: Building textures: DeprecatedTextureEB9CBE3C423008B5E8E130901E171C89 (BGRA8, 128X128)
[2022.10.24-09.33.10:209][351]LogAssetEditorSubsystem: Opening Asset editor for World /Game/BAT_9/Levels/IceAge.IceAge
[2022.10.24-09.33.10:209][351]Cmd: MAP LOAD FILE="U:/Beta-Arcade/BAT9/Content/BAT_9/Levels/IceAge.umap" TEMPLATE=0 SHOWPROGRESS=1 FEATURELEVEL=3
[2022.10.24-09.33.10:209][351]LightingResults: New page: Lighting Build
[2022.10.24-09.33.10:209][351]LoadErrors: New page: Loading map: IceAge.umap
[2022.10.24-09.33.10:240][351]LogWorld: UWorld::CleanupWorld for TopDownExampleMap, bSessionEnded=true, bCleanupResources=true
[2022.10.24-09.33.10:240][351]LogSlate: InvalidateAllWidgets triggered.  All widgets were invalidated
[2022.10.24-09.33.10:241][351]MapCheck: New page: Map Check
[2022.10.24-09.33.10:241][351]LightingResults: New page: Lighting Build
[2022.10.24-09.33.10:245][351]LogAudio: Display: Audio Device unregistered from world 'None'.
[2022.10.24-09.33.10:248][351]LogUObjectHash: Compacting FUObjectHashTables data took   1.38ms
[2022.10.24-09.33.10:249][351]LogAudio: Display: Audio Device (ID: 1) registered with world 'IceAge'.
[2022.10.24-09.33.10:252][351]LogEditorServer: Finished looking for orphan Actors (0.000 secs)
[2022.10.24-09.33.10:252][351]LogAIModule: Creating AISystem for world IceAge
[2022.10.24-09.33.10:259][351]LogUObjectHash: Compacting FUObjectHashTables data took   1.02ms
[2022.10.24-09.33.10:272][351]Cmd: MAP CHECKDEP NOCLEARLOG
[2022.10.24-09.33.10:272][351]MapCheck: Map check complete: 0 Error(s), 0 Warning(s), took 0.171ms to complete.
[2022.10.24-09.33.10:272][351]LogFileHelpers: Loading map 'IceAge' took 0.062
[2022.10.24-09.35.59:903][820]LogSlate: Took 0.001001 seconds to synchronously load lazily loaded font '../../../Engine/Content/Slate/Fonts/Roboto-Italic.ttf' (157K)
[2022.10.24-09.36.00:647][824]LogRenderer: Reallocating scene render targets to support 1208x572 Format 10 NumSamples 1 (Frame:12218).
