Log file open, 01/08/23 02:27:51
LogWindows: Failed to load 'aqProf.dll' (GetLastError=126)
LogWindows: File 'aqProf.dll' does not exist
LogWindows: Failed to load 'VtuneApi.dll' (GetLastError=126)
LogWindows: File 'VtuneApi.dll' does not exist
LogWindows: Failed to load 'VtuneApi32e.dll' (GetLastError=126)
LogWindows: File 'VtuneApi32e.dll' does not exist
LogConsoleResponse: Display: Failed to find resolution value strings in scalability ini. Falling back to default.
LogConsoleResponse: Display: Failed to find resolution value strings in scalability ini. Falling back to default.
LogInit: Display: Running engine for game: BAT9
LogPlatformFile: Not using cached read wrapper
LogTaskGraph: Started task graph with 5 named threads and 35 total threads with 3 sets of task threads.
LogStats: Stats thread started at 0.235148
LogICUInternationalization: ICU TimeZone Detection - Raw Offset: +0:00, Platform Override: ''
LogInit: Display: Loading text-based GConfig....
LogPluginManager: Mounting plugin MeshPainting
LogPluginManager: Mounting plugin XGEController
LogPluginManager: Mounting plugin Paper2D
LogPluginManager: Mounting plugin LightPropagationVolume
LogPluginManager: Mounting plugin EnvironmentQueryEditor
LogPluginManager: Mounting plugin AISupport
LogPluginManager: Mounting plugin LiveLink
LogPluginManager: Mounting plugin CameraShakePreviewer
LogPluginManager: Mounting plugin AnimationSharing
LogPluginManager: Mounting plugin GameplayCameras
LogPluginManager: Mounting plugin CLionSourceCodeAccess
LogPluginManager: Mounting plugin CodeLiteSourceCodeAccess
LogPluginManager: Mounting plugin GitSourceControl
LogPluginManager: Mounting plugin AssetManagerEditor
LogPluginManager: Mounting plugin KDevelopSourceCodeAccess
LogPluginManager: Mounting plugin NullSourceCodeAccess
LogPluginManager: Mounting plugin PerforceSourceControl
LogPluginManager: Mounting plugin PixWinPlugin
LogPluginManager: Mounting plugin PlasticSourceControl
LogPluginManager: Mounting plugin PluginUtils
LogPluginManager: Mounting plugin PropertyAccessNode
LogPluginManager: Mounting plugin RiderSourceCodeAccess
LogPluginManager: Mounting plugin CryptoKeys
LogPluginManager: Mounting plugin TextureFormatOodle
LogPluginManager: Mounting plugin CurveEditorTools
LogPluginManager: Mounting plugin UObjectPlugin
LogPluginManager: Mounting plugin DataValidation
LogPluginManager: Mounting plugin GameplayTagsEditor
LogPluginManager: Mounting plugin FacialAnimation
LogPluginManager: Mounting plugin GeometryMode
LogPluginManager: Mounting plugin MacGraphicsSwitching
LogPluginManager: Mounting plugin MaterialAnalyzer
LogPluginManager: Mounting plugin SubversionSourceControl
LogPluginManager: Mounting plugin MobileLauncherProfileWizard
LogPluginManager: Mounting plugin PluginBrowser
LogPluginManager: Mounting plugin SpeedTreeImporter
LogPluginManager: Mounting plugin VisualStudioSourceCodeAccess
LogPluginManager: Mounting plugin VisualStudioCodeSourceCodeAccess
LogPluginManager: Mounting plugin XCodeSourceCodeAccess
LogPluginManager: Mounting plugin OodleData
LogPluginManager: Mounting plugin OodleNetwork
LogPluginManager: Mounting plugin DatasmithContent
LogPluginManager: Mounting plugin VariantManagerContent
LogPluginManager: Mounting plugin Niagara
LogPluginManager: Mounting plugin AndroidMedia
LogPluginManager: Mounting plugin AvfMedia
LogPluginManager: Mounting plugin ImgMedia
LogPluginManager: Mounting plugin MediaCompositing
LogPluginManager: Mounting plugin MediaPlayerEditor
LogPluginManager: Mounting plugin LuminPlatformFeatures
LogPluginManager: Mounting plugin WebMMedia
LogPluginManager: Mounting plugin MagicLeap
LogPluginManager: Mounting plugin WmfMedia
LogPluginManager: Mounting plugin AlembicImporter
LogPluginManager: Mounting plugin MagicLeapLightEstimation
LogPluginManager: Mounting plugin MagicLeapMedia
LogPluginManager: Mounting plugin AutomationUtils
LogPluginManager: Mounting plugin BackChannel
LogPluginManager: Mounting plugin ChaosClothEditor
LogPluginManager: Mounting plugin ChaosEditor
LogPluginManager: Mounting plugin ChaosNiagara
LogPluginManager: Mounting plugin ChaosCloth
LogPluginManager: Mounting plugin ChaosSolverPlugin
LogPluginManager: Mounting plugin CharacterAI
LogPluginManager: Mounting plugin MLSDK
LogPluginManager: Mounting plugin MagicLeapPassableWorld
LogPluginManager: Mounting plugin GeometryCache
LogPluginManager: Mounting plugin GeometryCollectionPlugin
LogPluginManager: Mounting plugin GeometryProcessing
LogPluginManager: Mounting plugin MotoSynth
LogPluginManager: Mounting plugin OpenImageDenoise
LogPluginManager: Mounting plugin PlanarCut
LogPluginManager: Mounting plugin PlatformCrypto
LogPluginManager: Mounting plugin ProxyLODPlugin
LogPluginManager: Mounting plugin PythonScriptPlugin
LogPluginManager: Mounting plugin SkeletalReduction
LogPluginManager: Mounting plugin TcpMessaging
LogPluginManager: Mounting plugin UdpMessaging
LogPluginManager: Mounting plugin ActorSequence
LogPluginManager: Mounting plugin LevelSequenceEditor
LogPluginManager: Mounting plugin MatineeToLevelSequence
LogPluginManager: Mounting plugin TemplateSequence
LogPluginManager: Mounting plugin OnlineSubsystem
LogPluginManager: Mounting plugin OnlineSubsystemNull
LogPluginManager: Mounting plugin OnlineSubsystemUtils
LogPluginManager: Mounting plugin ActorLayerUtilities
LogPluginManager: Mounting plugin LauncherChunkInstaller
LogPluginManager: Mounting plugin AndroidDeviceProfileSelector
LogPluginManager: Mounting plugin AndroidMoviePlayer
LogPluginManager: Mounting plugin AndroidPermission
LogPluginManager: Mounting plugin AppleImageUtils
LogPluginManager: Mounting plugin ApexDestruction
LogPluginManager: Mounting plugin AppleMoviePlayer
LogPluginManager: Mounting plugin AssetTags
LogPluginManager: Mounting plugin AudioCapture
LogPluginManager: Mounting plugin ArchVisCharacter
LogPluginManager: Mounting plugin ChunkDownloader
LogPluginManager: Mounting plugin AudioSynesthesia
LogPluginManager: Mounting plugin CableComponent
LogPluginManager: Mounting plugin CustomMeshComponent
LogPluginManager: Mounting plugin EditableMesh
LogPluginManager: Mounting plugin ExampleDeviceProfileSelector
LogPluginManager: Mounting plugin GoogleCloudMessaging
LogPluginManager: Mounting plugin GooglePAD
LogPluginManager: Mounting plugin IOSDeviceProfileSelector
LogPluginManager: Mounting plugin LinuxDeviceProfileSelector
LogPluginManager: Mounting plugin LocationServicesBPLibrary
LogPluginManager: Mounting plugin MobilePatchingUtils
LogPluginManager: Mounting plugin OpenXR
LogPluginManager: Mounting plugin OpenXREyeTracker
LogPluginManager: Mounting plugin OpenXRHandTracking
LogPluginManager: Mounting plugin PhysXVehicles
LogPluginManager: Mounting plugin PostSplashScreen
LogPluginManager: Mounting plugin PropertyAccessEditor
LogPluginManager: Mounting plugin ProceduralMeshComponent
LogPluginManager: Mounting plugin RuntimePhysXCooking
LogPluginManager: Mounting plugin SignificanceManager
LogPluginManager: Mounting plugin SoundFields
LogPluginManager: Mounting plugin Synthesis
LogPluginManager: Mounting plugin WebMMoviePlayer
LogPluginManager: Mounting plugin WindowsMoviePlayer
LogPluginManager: Mounting plugin ScreenshotTools
LogPluginManager: Mounting plugin Takes
LogPluginManager: Mounting plugin ContentBrowserAssetDataSource
LogPluginManager: Mounting plugin ContentBrowserClassDataSource
LogPluginManager: Mounting plugin ContentBrowserFileDataSource
LogPluginManager: Mounting plugin OnlineSubsystemGooglePlay
LogPluginManager: Mounting plugin OnlineSubsystemIOS
LogPluginManager: Mounting plugin OculusVR
LogPluginManager: Mounting plugin SteamVR
PixWinPlugin: PIX capture plugin failed to initialize! Check that the process is launched from PIX.
LogInit: Using libcurl 7.55.1-DEV
LogInit:  - built for x86_64-pc-win32
LogInit:  - supports SSL with OpenSSL/1.1.1
LogInit:  - supports HTTP deflate (compression) using libz 1.2.8
LogInit:  - other features:
LogInit:      CURL_VERSION_SSL
LogInit:      CURL_VERSION_LIBZ
LogInit:      CURL_VERSION_IPV6
LogInit:      CURL_VERSION_ASYNCHDNS
LogInit:      CURL_VERSION_LARGEFILE
LogInit:      CURL_VERSION_IDN
LogInit:  CurlRequestOptions (configurable via config and command line):
LogInit:  - bVerifyPeer = true  - Libcurl will verify peer certificate
LogInit:  - bUseHttpProxy = false  - Libcurl will NOT use HTTP proxy
LogInit:  - bDontReuseConnections = false  - Libcurl will reuse connections
LogInit:  - MaxHostConnections = 16  - Libcurl will limit the number of connections to a host
LogInit:  - LocalHostAddr = Default
LogInit:  - BufferSize = 65536
LogOnline: OSS: Creating online subsystem instance for: NULL
LogInit: WinSock: version 1.1 (2.2), MaxSocks=32767, MaxUdp=65467
LogOnline: OSS: TryLoadSubsystemAndSetDefault: Loaded subsystem for module [NULL]
LogOculusPluginWrapper: OculusPlugin initialized successfully
LogHMD: Failed initializing OVRPlugin 1.59.0
LogInit: Build: ++UE4+Release-4.27-CL-18319896
LogInit: Engine Version: 4.27.2-18319896+++UE4+Release-4.27
LogInit: Compatible Engine Version: 4.27.0-17155196+++UE4+Release-4.27
LogInit: Net CL: 17155196
LogInit: OS: Windows 10 (Release 2009) (), CPU: Intel(R) Core(TM) i7-10750H CPU @ 2.60GHz, GPU: NVIDIA GeForce RTX 2060
LogInit: Compiled (64-bit): Nov 30 2021 07:12:08
LogInit: Compiled with Visual C++: 19.24.28315.00
LogInit: Build Configuration: Development
LogInit: Branch Name: ++UE4+Release-4.27
LogInit: Command Line:  /Game/BAT_9/Levels/Mesa_Final -game -PIEVIACONSOLE -Multiprocess GameUserSettingsINI=C:/Users/r4ndo/Documents/GitHub/Beta-Arcade/BAT9/Saved/Config/Windows/PIEGameUserSettings0.ini -MultiprocessSaveConfig -forcepassthrough -messaging -SessionName="Play in Standalone Game" -windowed -WinX=-17 -WinY=56 SAVEWINPOS=1 -ResX=1831 -ResY=998
LogInit: Base Directory: C:/Program Files/Epic Games/UE_4.27/Engine/Binaries/Win64/
LogInit: Allocator: TBB
LogInit: Installed Engine Build: 1
LogDevObjectVersion: Number of dev versions registered: 29
LogDevObjectVersion:   Dev-Blueprints (B0D832E4-1F89-4F0D-ACCF-7EB736FD4AA2): 10
LogDevObjectVersion:   Dev-Build (E1C64328-A22C-4D53-A36C-8E866417BD8C): 0
LogDevObjectVersion:   Dev-Core (375EC13C-06E4-48FB-B500-84F0262A717E): 4
LogDevObjectVersion:   Dev-Editor (E4B068ED-F494-42E9-A231-DA0B2E46BB41): 40
LogDevObjectVersion:   Dev-Framework (CFFC743F-43B0-4480-9391-14DF171D2073): 37
LogDevObjectVersion:   Dev-Mobile (B02B49B5-BB20-44E9-A304-32B752E40360): 3
LogDevObjectVersion:   Dev-Networking (A4E4105C-59A1-49B5-A7C5-40C4547EDFEE): 0
LogDevObjectVersion:   Dev-Online (39C831C9-5AE6-47DC-9A44-9C173E1C8E7C): 0
LogDevObjectVersion:   Dev-Physics (78F01B33-EBEA-4F98-B9B4-84EACCB95AA2): 14
LogDevObjectVersion:   Dev-Platform (6631380F-2D4D-43E0-8009-CF276956A95A): 0
LogDevObjectVersion:   Dev-Rendering (12F88B9F-8875-4AFC-A67C-D90C383ABD29): 45
LogDevObjectVersion:   Dev-Sequencer (7B5AE74C-D270-4C10-A958-57980B212A5A): 13
LogDevObjectVersion:   Dev-VR (D7296918-1DD6-4BDD-9DE2-64A83CC13884): 3
LogDevObjectVersion:   Dev-LoadTimes (C2A15278-BFE7-4AFE-6C17-90FF531DF755): 1
LogDevObjectVersion:   Private-Geometry (6EACA3D4-40EC-4CC1-B786-8BED09428FC5): 3
LogDevObjectVersion:   Dev-AnimPhys (29E575DD-E0A3-4627-9D10-D276232CDCEA): 17
LogDevObjectVersion:   Dev-Anim (AF43A65D-7FD3-4947-9873-3E8ED9C1BB05): 15
LogDevObjectVersion:   Dev-ReflectionCapture (6B266CEC-1EC7-4B8F-A30B-E4D90942FC07): 1
LogDevObjectVersion:   Dev-Automation (0DF73D61-A23F-47EA-B727-89E90C41499A): 1
LogDevObjectVersion:   FortniteMain (601D1886-AC64-4F84-AA16-D3DE0DEAC7D6): 47
LogDevObjectVersion:   FortniteRelease (E7086368-6B23-4C58-8439-1B7016265E91): 1
LogDevObjectVersion:   Dev-Enterprise (9DFFBCD6-494F-0158-E221-12823C92A888): 10
LogDevObjectVersion:   Dev-Niagara (F2AED0AC-9AFE-416F-8664-AA7FFA26D6FC): 1
LogDevObjectVersion:   Dev-Destruction (174F1F0B-B4C6-45A5-B13F-2EE8D0FB917D): 10
LogDevObjectVersion:   Dev-Physics-Ext (35F94A83-E258-406C-A318-09F59610247C): 41
LogDevObjectVersion:   Dev-PhysicsMaterial-Chaos (B68FC16E-8B1B-42E2-B453-215C058844FE): 1
LogDevObjectVersion:   Dev-CineCamera (B2E18506-4273-CFC2-A54E-F4BB758BBA07): 1
LogDevObjectVersion:   Dev-VirtualProduction (64F58936-FD1B-42BA-BA96-7289D5D0FA4E): 1
LogDevObjectVersion:   Dev-MediaFramework (6F0ED827-A609-4895-9C91-998D90180EA4): 2
LogInit: Presizing for max 25165824 objects, including 0 objects not considered by GC, pre-allocating 0 bytes for permanent pool.
LogConfig: Applying CVar settings from Section [/Script/Engine.StreamingSettings] File [C:/Users/r4ndo/Documents/GitHub/Beta-Arcade/BAT9/Saved/Config/Windows/Engine.ini]
LogConfig: Setting CVar [[s.MinBulkDataSizeForAsyncLoading:131072]]
LogConfig: Setting CVar [[s.AsyncLoadingThreadEnabled:0]]
LogConfig: Setting CVar [[s.EventDrivenLoaderEnabled:1]]
LogConfig: Setting CVar [[s.WarnIfTimeLimitExceeded:0]]
LogConfig: Setting CVar [[s.TimeLimitExceededMultiplier:1.5]]
LogConfig: Setting CVar [[s.TimeLimitExceededMinTime:0.005]]
LogConfig: Setting CVar [[s.UseBackgroundLevelStreaming:1]]
LogConfig: Setting CVar [[s.PriorityAsyncLoadingExtraTime:15.0]]
LogConfig: Setting CVar [[s.LevelStreamingActorsUpdateTimeLimit:5.0]]
LogConfig: Setting CVar [[s.PriorityLevelStreamingActorsUpdateExtraTime:5.0]]
LogConfig: Setting CVar [[s.LevelStreamingComponentsRegistrationGranularity:10]]
LogConfig: Setting CVar [[s.UnregisterComponentsTimeLimit:1.0]]
LogConfig: Setting CVar [[s.LevelStreamingComponentsUnregistrationGranularity:5]]
LogConfig: Setting CVar [[s.FlushStreamingOnExit:1]]
LogInit: Object subsystem initialized
LogConfig: Setting CVar [[con.DebugEarlyDefault:1]]
LogConfig: Setting CVar [[r.setres:1280x720]]
[2023.01.08-02.27.51:986][  0]LogConfig: Setting CVar [[con.DebugEarlyDefault:1]]
[2023.01.08-02.27.51:986][  0]LogConfig: Setting CVar [[r.setres:1280x720]]
[2023.01.08-02.27.51:986][  0]LogConfig: Applying CVar settings from Section [/Script/Engine.RendererSettings] File [C:/Users/r4ndo/Documents/GitHub/Beta-Arcade/BAT9/Saved/Config/Windows/Engine.ini]
[2023.01.08-02.27.51:986][  0]LogConfig: Setting CVar [[r.GPUCrashDebugging:0]]
[2023.01.08-02.27.51:986][  0]LogConfig: Applying CVar settings from Section [/Script/Engine.RendererOverrideSettings] File [C:/Users/r4ndo/Documents/GitHub/Beta-Arcade/BAT9/Saved/Config/Windows/Engine.ini]
[2023.01.08-02.27.51:986][  0]LogConfig: Applying CVar settings from Section [/Script/Engine.StreamingSettings] File [C:/Users/r4ndo/Documents/GitHub/Beta-Arcade/BAT9/Saved/Config/Windows/Engine.ini]
[2023.01.08-02.27.51:986][  0]LogConfig: Setting CVar [[s.MinBulkDataSizeForAsyncLoading:131072]]
[2023.01.08-02.27.51:986][  0]LogConfig: Setting CVar [[s.AsyncLoadingThreadEnabled:0]]
[2023.01.08-02.27.51:986][  0]LogConfig: Setting CVar [[s.EventDrivenLoaderEnabled:1]]
[2023.01.08-02.27.51:986][  0]LogConfig: Setting CVar [[s.WarnIfTimeLimitExceeded:0]]
[2023.01.08-02.27.51:986][  0]LogConfig: Setting CVar [[s.TimeLimitExceededMultiplier:1.5]]
[2023.01.08-02.27.51:986][  0]LogConfig: Setting CVar [[s.TimeLimitExceededMinTime:0.005]]
[2023.01.08-02.27.51:986][  0]LogConfig: Setting CVar [[s.UseBackgroundLevelStreaming:1]]
[2023.01.08-02.27.51:986][  0]LogConfig: Setting CVar [[s.PriorityAsyncLoadingExtraTime:15.0]]
[2023.01.08-02.27.51:986][  0]LogConfig: Setting CVar [[s.LevelStreamingActorsUpdateTimeLimit:5.0]]
[2023.01.08-02.27.51:986][  0]LogConfig: Setting CVar [[s.PriorityLevelStreamingActorsUpdateExtraTime:5.0]]
[2023.01.08-02.27.51:986][  0]LogConfig: Setting CVar [[s.LevelStreamingComponentsRegistrationGranularity:10]]
[2023.01.08-02.27.51:986][  0]LogConfig: Setting CVar [[s.UnregisterComponentsTimeLimit:1.0]]
[2023.01.08-02.27.51:986][  0]LogConfig: Setting CVar [[s.LevelStreamingComponentsUnregistrationGranularity:5]]
[2023.01.08-02.27.51:986][  0]LogConfig: Setting CVar [[s.FlushStreamingOnExit:1]]
[2023.01.08-02.27.51:986][  0]LogConfig: Applying CVar settings from Section [/Script/Engine.GarbageCollectionSettings] File [C:/Users/r4ndo/Documents/GitHub/Beta-Arcade/BAT9/Saved/Config/Windows/Engine.ini]
[2023.01.08-02.27.51:986][  0]LogConfig: Setting CVar [[gc.MaxObjectsNotConsideredByGC:1]]
[2023.01.08-02.27.51:986][  0]LogConfig: Setting CVar [[gc.SizeOfPermanentObjectPool:0]]
[2023.01.08-02.27.51:986][  0]LogConfig: Setting CVar [[gc.FlushStreamingOnGC:0]]
[2023.01.08-02.27.51:986][  0]LogConfig: Setting CVar [[gc.NumRetriesBeforeForcingGC:10]]
[2023.01.08-02.27.51:986][  0]LogConfig: Setting CVar [[gc.AllowParallelGC:1]]
[2023.01.08-02.27.51:986][  0]LogConfig: Setting CVar [[gc.TimeBetweenPurgingPendingKillObjects:61.1]]
[2023.01.08-02.27.51:986][  0]LogConfig: Setting CVar [[gc.MaxObjectsInEditor:25165824]]
[2023.01.08-02.27.51:986][  0]LogConfig: Setting CVar [[gc.IncrementalBeginDestroyEnabled:1]]
[2023.01.08-02.27.51:986][  0]LogConfig: Setting CVar [[gc.CreateGCClusters:1]]
[2023.01.08-02.27.51:986][  0]LogConfig: Setting CVar [[gc.MinGCClusterSize:5]]
[2023.01.08-02.27.51:986][  0]LogConfig: Setting CVar [[gc.ActorClusteringEnabled:0]]
[2023.01.08-02.27.51:986][  0]LogConfig: Setting CVar [[gc.BlueprintClusteringEnabled:0]]
[2023.01.08-02.27.51:986][  0]LogConfig: Setting CVar [[gc.UseDisregardForGCOnDedicatedServers:0]]
[2023.01.08-02.27.51:986][  0]LogConfig: Setting CVar [[gc.MultithreadedDestructionEnabled:1]]
[2023.01.08-02.27.51:986][  0]LogConfig: Applying CVar settings from Section [/Script/Engine.NetworkSettings] File [C:/Users/r4ndo/Documents/GitHub/Beta-Arcade/BAT9/Saved/Config/Windows/Engine.ini]
[2023.01.08-02.27.51:986][  0]LogConfig: Applying CVar settings from Section [/Script/UnrealEd.CookerSettings] File [C:/Users/r4ndo/Documents/GitHub/Beta-Arcade/BAT9/Saved/Config/Windows/Engine.ini]
[2023.01.08-02.27.51:991][  0]LogConfig: Applying CVar settings from Section [ViewDistanceQuality@3] File [C:/Users/r4ndo/Documents/GitHub/Beta-Arcade/BAT9/Saved/Config/Windows/Scalability.ini]
[2023.01.08-02.27.51:991][  0]LogConfig: Setting CVar [[r.SkeletalMeshLODBias:0]]
[2023.01.08-02.27.51:991][  0]LogConfig: Setting CVar [[r.ViewDistanceScale:1.0]]
[2023.01.08-02.27.51:991][  0]LogConfig: Applying CVar settings from Section [AntiAliasingQuality@3] File [C:/Users/r4ndo/Documents/GitHub/Beta-Arcade/BAT9/Saved/Config/Windows/Scalability.ini]
[2023.01.08-02.27.51:991][  0]LogConfig: Setting CVar [[r.PostProcessAAQuality:4]]
[2023.01.08-02.27.51:991][  0]LogConfig: Applying CVar settings from Section [ShadowQuality@3] File [C:/Users/r4ndo/Documents/GitHub/Beta-Arcade/BAT9/Saved/Config/Windows/Scalability.ini]
[2023.01.08-02.27.51:991][  0]LogConfig: Setting CVar [[r.LightFunctionQuality:1]]
[2023.01.08-02.27.51:991][  0]LogConfig: Setting CVar [[r.ShadowQuality:5]]
[2023.01.08-02.27.51:991][  0]LogConfig: Setting CVar [[r.Shadow.CSM.MaxCascades:10]]
[2023.01.08-02.27.51:991][  0]LogConfig: Setting CVar [[r.Shadow.MaxResolution:2048]]
[2023.01.08-02.27.51:991][  0]LogConfig: Setting CVar [[r.Shadow.MaxCSMResolution:2048]]
[2023.01.08-02.27.51:991][  0]LogConfig: Setting CVar [[r.Shadow.RadiusThreshold:0.01]]
[2023.01.08-02.27.51:991][  0]LogConfig: Setting CVar [[r.Shadow.DistanceScale:1.0]]
[2023.01.08-02.27.51:991][  0]LogConfig: Setting CVar [[r.Shadow.CSM.TransitionScale:1.0]]
[2023.01.08-02.27.51:991][  0]LogConfig: Setting CVar [[r.Shadow.PreShadowResolutionFactor:1.0]]
[2023.01.08-02.27.51:991][  0]LogConfig: Setting CVar [[r.DistanceFieldShadowing:1]]
[2023.01.08-02.27.51:991][  0]LogConfig: Setting CVar [[r.DistanceFieldAO:1]]
[2023.01.08-02.27.51:991][  0]LogConfig: Setting CVar [[r.AOQuality:2]]
[2023.01.08-02.27.51:991][  0]LogConfig: Setting CVar [[r.VolumetricFog:1]]
[2023.01.08-02.27.51:991][  0]LogConfig: Setting CVar [[r.VolumetricFog.GridPixelSize:8]]
[2023.01.08-02.27.51:991][  0]LogConfig: Setting CVar [[r.VolumetricFog.GridSizeZ:128]]
[2023.01.08-02.27.51:991][  0]LogConfig: Setting CVar [[r.VolumetricFog.HistoryMissSupersampleCount:4]]
[2023.01.08-02.27.51:991][  0]LogConfig: Setting CVar [[r.LightMaxDrawDistanceScale:1]]
[2023.01.08-02.27.51:991][  0]LogConfig: Setting CVar [[r.CapsuleShadows:1]]
[2023.01.08-02.27.51:991][  0]LogConfig: Applying CVar settings from Section [PostProcessQuality@3] File [C:/Users/r4ndo/Documents/GitHub/Beta-Arcade/BAT9/Saved/Config/Windows/Scalability.ini]
[2023.01.08-02.27.51:991][  0]LogConfig: Setting CVar [[r.MotionBlurQuality:4]]
[2023.01.08-02.27.51:991][  0]LogConfig: Setting CVar [[r.AmbientOcclusionMipLevelFactor:0.4]]
[2023.01.08-02.27.51:991][  0]LogConfig: Setting CVar [[r.AmbientOcclusionMaxQuality:100]]
[2023.01.08-02.27.51:991][  0]LogConfig: Setting CVar [[r.AmbientOcclusionLevels:-1]]
[2023.01.08-02.27.51:991][  0]LogConfig: Setting CVar [[r.AmbientOcclusionRadiusScale:1.0]]
[2023.01.08-02.27.51:991][  0]LogConfig: Setting CVar [[r.DepthOfFieldQuality:2]]
[2023.01.08-02.27.51:991][  0]LogConfig: Setting CVar [[r.RenderTargetPoolMin:400]]
[2023.01.08-02.27.51:991][  0]LogConfig: Setting CVar [[r.LensFlareQuality:2]]
[2023.01.08-02.27.51:991][  0]LogConfig: Setting CVar [[r.SceneColorFringeQuality:1]]
[2023.01.08-02.27.51:991][  0]LogConfig: Setting CVar [[r.EyeAdaptationQuality:2]]
[2023.01.08-02.27.51:991][  0]LogConfig: Setting CVar [[r.BloomQuality:5]]
[2023.01.08-02.27.51:992][  0]LogConfig: Setting CVar [[r.FastBlurThreshold:100]]
[2023.01.08-02.27.51:992][  0]LogConfig: Setting CVar [[r.Upscale.Quality:3]]
[2023.01.08-02.27.51:992][  0]LogConfig: Setting CVar [[r.Tonemapper.GrainQuantization:1]]
[2023.01.08-02.27.51:992][  0]LogConfig: Setting CVar [[r.LightShaftQuality:1]]
[2023.01.08-02.27.51:992][  0]LogConfig: Setting CVar [[r.Filter.SizeScale:1]]
[2023.01.08-02.27.51:992][  0]LogConfig: Setting CVar [[r.Tonemapper.Quality:5]]
[2023.01.08-02.27.51:992][  0]LogConfig: Setting CVar [[r.DOF.Gather.AccumulatorQuality:1        ; higher gathering accumulator quality]]
[2023.01.08-02.27.51:992][  0]LogConfig: Setting CVar [[r.DOF.Gather.PostfilterMethod:1          ; Median3x3 postfilering method]]
[2023.01.08-02.27.51:992][  0]LogConfig: Setting CVar [[r.DOF.Gather.EnableBokehSettings:0       ; no bokeh simulation when gathering]]
[2023.01.08-02.27.51:992][  0]LogConfig: Setting CVar [[r.DOF.Gather.RingCount:4                 ; medium number of samples when gathering]]
[2023.01.08-02.27.51:992][  0]LogConfig: Setting CVar [[r.DOF.Scatter.ForegroundCompositing:1    ; additive foreground scattering]]
[2023.01.08-02.27.51:992][  0]LogConfig: Setting CVar [[r.DOF.Scatter.BackgroundCompositing:2    ; additive background scattering]]
[2023.01.08-02.27.51:992][  0]LogConfig: Setting CVar [[r.DOF.Scatter.EnableBokehSettings:1      ; bokeh simulation when scattering]]
[2023.01.08-02.27.51:992][  0]LogConfig: Setting CVar [[r.DOF.Scatter.MaxSpriteRatio:0.1         ; only a maximum of 10% of scattered bokeh]]
[2023.01.08-02.27.51:992][  0]LogConfig: Setting CVar [[r.DOF.Recombine.Quality:1                ; cheap slight out of focus]]
[2023.01.08-02.27.51:992][  0]LogConfig: Setting CVar [[r.DOF.Recombine.EnableBokehSettings:0    ; no bokeh simulation on slight out of focus]]
[2023.01.08-02.27.51:992][  0]LogConfig: Setting CVar [[r.DOF.TemporalAAQuality:1                ; more stable temporal accumulation]]
[2023.01.08-02.27.51:992][  0]LogConfig: Setting CVar [[r.DOF.Kernel.MaxForegroundRadius:0.025]]
[2023.01.08-02.27.51:992][  0]LogConfig: Setting CVar [[r.DOF.Kernel.MaxBackgroundRadius:0.025]]
[2023.01.08-02.27.51:992][  0]LogConfig: Applying CVar settings from Section [TextureQuality@3] File [C:/Users/r4ndo/Documents/GitHub/Beta-Arcade/BAT9/Saved/Config/Windows/Scalability.ini]
[2023.01.08-02.27.51:992][  0]LogConfig: Setting CVar [[r.Streaming.MipBias:0]]
[2023.01.08-02.27.51:992][  0]LogConfig: Setting CVar [[r.Streaming.AmortizeCPUToGPUCopy:0]]
[2023.01.08-02.27.51:992][  0]LogConfig: Setting CVar [[r.Streaming.MaxNumTexturesToStreamPerFrame:0]]
[2023.01.08-02.27.51:992][  0]LogConfig: Setting CVar [[r.Streaming.Boost:1]]
[2023.01.08-02.27.51:992][  0]LogConfig: Setting CVar [[r.MaxAnisotropy:8]]
[2023.01.08-02.27.51:992][  0]LogConfig: Setting CVar [[r.VT.MaxAnisotropy:8]]
[2023.01.08-02.27.51:992][  0]LogConfig: Setting CVar [[r.Streaming.LimitPoolSizeToVRAM:0]]
[2023.01.08-02.27.51:992][  0]LogConfig: Setting CVar [[r.Streaming.PoolSize:1000]]
[2023.01.08-02.27.51:992][  0]LogConfig: Setting CVar [[r.Streaming.MaxEffectiveScreenSize:0]]
[2023.01.08-02.27.51:992][  0]LogConfig: Applying CVar settings from Section [EffectsQuality@3] File [C:/Users/r4ndo/Documents/GitHub/Beta-Arcade/BAT9/Saved/Config/Windows/Scalability.ini]
[2023.01.08-02.27.51:992][  0]LogConfig: Setting CVar [[r.TranslucencyLightingVolumeDim:64]]
[2023.01.08-02.27.51:992][  0]LogConfig: Setting CVar [[r.RefractionQuality:2]]
[2023.01.08-02.27.51:992][  0]LogConfig: Setting CVar [[r.SSR.Quality:3]]
[2023.01.08-02.27.51:992][  0]LogConfig: Setting CVar [[r.SSR.HalfResSceneColor:0]]
[2023.01.08-02.27.51:992][  0]LogConfig: Setting CVar [[r.SceneColorFormat:4]]
[2023.01.08-02.27.51:992][  0]LogConfig: Setting CVar [[r.DetailMode:2]]
[2023.01.08-02.27.51:992][  0]LogConfig: Setting CVar [[r.TranslucencyVolumeBlur:1]]
[2023.01.08-02.27.51:992][  0]LogConfig: Setting CVar [[r.MaterialQualityLevel:1 ; High quality]]
[2023.01.08-02.27.51:992][  0]LogConfig: Setting CVar [[r.AnisotropicMaterials:1]]
[2023.01.08-02.27.51:992][  0]LogConfig: Setting CVar [[r.SSS.Scale:1]]
[2023.01.08-02.27.51:992][  0]LogConfig: Setting CVar [[r.SSS.SampleSet:2]]
[2023.01.08-02.27.51:992][  0]LogConfig: Setting CVar [[r.SSS.Quality:1]]
[2023.01.08-02.27.51:992][  0]LogConfig: Setting CVar [[r.SSS.HalfRes:0]]
[2023.01.08-02.27.51:992][  0]LogConfig: Setting CVar [[r.SSGI.Quality:3]]
[2023.01.08-02.27.51:992][  0]LogConfig: Setting CVar [[r.EmitterSpawnRateScale:1.0]]
[2023.01.08-02.27.51:992][  0]LogConfig: Setting CVar [[r.ParticleLightQuality:2]]
[2023.01.08-02.27.51:992][  0]LogConfig: Setting CVar [[r.SkyAtmosphere.AerialPerspectiveLUT.FastApplyOnOpaque:1 ; Always have FastSkyLUT 1 in this case to avoid wrong sky]]
[2023.01.08-02.27.51:992][  0]LogConfig: Setting CVar [[r.SkyAtmosphere.AerialPerspectiveLUT.SampleCountMaxPerSlice:4]]
[2023.01.08-02.27.51:992][  0]LogConfig: Setting CVar [[r.SkyAtmosphere.AerialPerspectiveLUT.DepthResolution:16.0]]
[2023.01.08-02.27.51:992][  0]LogConfig: Setting CVar [[r.SkyAtmosphere.FastSkyLUT:1]]
[2023.01.08-02.27.51:992][  0]LogConfig: Setting CVar [[r.SkyAtmosphere.FastSkyLUT.SampleCountMin:4.0]]
[2023.01.08-02.27.51:992][  0]LogConfig: Setting CVar [[r.SkyAtmosphere.FastSkyLUT.SampleCountMax:128.0]]
[2023.01.08-02.27.51:992][  0]LogConfig: Setting CVar [[r.SkyAtmosphere.SampleCountMin:4.0]]
[2023.01.08-02.27.51:992][  0]LogConfig: Setting CVar [[r.SkyAtmosphere.SampleCountMax:128.0]]
[2023.01.08-02.27.51:992][  0]LogConfig: Setting CVar [[r.SkyAtmosphere.TransmittanceLUT.UseSmallFormat:0]]
[2023.01.08-02.27.51:992][  0]LogConfig: Setting CVar [[r.SkyAtmosphere.TransmittanceLUT.SampleCount:10.0]]
[2023.01.08-02.27.51:992][  0]LogConfig: Setting CVar [[r.SkyAtmosphere.MultiScatteringLUT.SampleCount:15.0]]
[2023.01.08-02.27.51:992][  0]LogConfig: Setting CVar [[r.SkyLight.RealTimeReflectionCapture:1]]
[2023.01.08-02.27.51:992][  0]LogConfig: Applying CVar settings from Section [FoliageQuality@3] File [C:/Users/r4ndo/Documents/GitHub/Beta-Arcade/BAT9/Saved/Config/Windows/Scalability.ini]
[2023.01.08-02.27.51:992][  0]LogConfig: Setting CVar [[foliage.DensityScale:1.0]]
[2023.01.08-02.27.51:992][  0]LogConfig: Setting CVar [[grass.DensityScale:1.0]]
[2023.01.08-02.27.51:992][  0]LogConfig: Applying CVar settings from Section [ShadingQuality@3] File [C:/Users/r4ndo/Documents/GitHub/Beta-Arcade/BAT9/Saved/Config/Windows/Scalability.ini]
[2023.01.08-02.27.51:992][  0]LogConfig: Setting CVar [[r.HairStrands.SkyLighting.IntegrationType:2]]
[2023.01.08-02.27.51:992][  0]LogConfig: Setting CVar [[r.HairStrands.SkyAO.SampleCount:4]]
[2023.01.08-02.27.51:992][  0]LogConfig: Setting CVar [[r.HairStrands.Visibility.MSAA.SamplePerPixel:4]]
[2023.01.08-02.27.51:992][  0]LogInit: Selected Device Profile: [Windows]
[2023.01.08-02.27.51:992][  0]LogInit: Applying CVar settings loaded from the selected device profile: [Windows]
[2023.01.08-02.27.51:992][  0]LogHAL: Display: Platform has ~ 16 GB [17010782208 / 17179869184 / 16], which maps to Larger [LargestMinGB=32, LargerMinGB=12, DefaultMinGB=8, SmallerMinGB=6, SmallestMinGB=0)
[2023.01.08-02.27.51:992][  0]LogInit: Going up to parent DeviceProfile []
[2023.01.08-02.27.51:992][  0]LogConfig: Applying CVar settings from Section [ViewDistanceQuality@3] File [C:/Users/r4ndo/Documents/GitHub/Beta-Arcade/BAT9/Saved/Config/Windows/Scalability.ini]
[2023.01.08-02.27.51:992][  0]LogConfig: Setting CVar [[r.SkeletalMeshLODBias:0]]
[2023.01.08-02.27.51:992][  0]LogConfig: Setting CVar [[r.ViewDistanceScale:1.0]]
[2023.01.08-02.27.51:992][  0]LogConfig: Applying CVar settings from Section [AntiAliasingQuality@3] File [C:/Users/r4ndo/Documents/GitHub/Beta-Arcade/BAT9/Saved/Config/Windows/Scalability.ini]
[2023.01.08-02.27.51:992][  0]LogConfig: Setting CVar [[r.PostProcessAAQuality:4]]
[2023.01.08-02.27.51:992][  0]LogConfig: Applying CVar settings from Section [ShadowQuality@3] File [C:/Users/r4ndo/Documents/GitHub/Beta-Arcade/BAT9/Saved/Config/Windows/Scalability.ini]
[2023.01.08-02.27.51:992][  0]LogConfig: Setting CVar [[r.LightFunctionQuality:1]]
[2023.01.08-02.27.51:992][  0]LogConfig: Setting CVar [[r.ShadowQuality:5]]
[2023.01.08-02.27.51:992][  0]LogConfig: Setting CVar [[r.Shadow.CSM.MaxCascades:10]]
[2023.01.08-02.27.51:992][  0]LogConfig: Setting CVar [[r.Shadow.MaxResolution:2048]]
[2023.01.08-02.27.51:992][  0]LogConfig: Setting CVar [[r.Shadow.MaxCSMResolution:2048]]
[2023.01.08-02.27.51:992][  0]LogConfig: Setting CVar [[r.Shadow.RadiusThreshold:0.01]]
[2023.01.08-02.27.51:992][  0]LogConfig: Setting CVar [[r.Shadow.DistanceScale:1.0]]
[2023.01.08-02.27.51:992][  0]LogConfig: Setting CVar [[r.Shadow.CSM.TransitionScale:1.0]]
[2023.01.08-02.27.51:992][  0]LogConfig: Setting CVar [[r.Shadow.PreShadowResolutionFactor:1.0]]
[2023.01.08-02.27.51:992][  0]LogConfig: Setting CVar [[r.DistanceFieldShadowing:1]]
[2023.01.08-02.27.51:992][  0]LogConfig: Setting CVar [[r.DistanceFieldAO:1]]
[2023.01.08-02.27.51:992][  0]LogConfig: Setting CVar [[r.AOQuality:2]]
[2023.01.08-02.27.51:992][  0]LogConfig: Setting CVar [[r.VolumetricFog:1]]
[2023.01.08-02.27.51:992][  0]LogConfig: Setting CVar [[r.VolumetricFog.GridPixelSize:8]]
[2023.01.08-02.27.51:992][  0]LogConfig: Setting CVar [[r.VolumetricFog.GridSizeZ:128]]
[2023.01.08-02.27.51:992][  0]LogConfig: Setting CVar [[r.VolumetricFog.HistoryMissSupersampleCount:4]]
[2023.01.08-02.27.51:992][  0]LogConfig: Setting CVar [[r.LightMaxDrawDistanceScale:1]]
[2023.01.08-02.27.51:992][  0]LogConfig: Setting CVar [[r.CapsuleShadows:1]]
[2023.01.08-02.27.51:992][  0]LogConfig: Applying CVar settings from Section [PostProcessQuality@3] File [C:/Users/r4ndo/Documents/GitHub/Beta-Arcade/BAT9/Saved/Config/Windows/Scalability.ini]
[2023.01.08-02.27.51:992][  0]LogConfig: Setting CVar [[r.MotionBlurQuality:4]]
[2023.01.08-02.27.51:993][  0]LogConfig: Setting CVar [[r.AmbientOcclusionMipLevelFactor:0.4]]
[2023.01.08-02.27.51:993][  0]LogConfig: Setting CVar [[r.AmbientOcclusionMaxQuality:100]]
[2023.01.08-02.27.51:993][  0]LogConfig: Setting CVar [[r.AmbientOcclusionLevels:-1]]
[2023.01.08-02.27.51:993][  0]LogConfig: Setting CVar [[r.AmbientOcclusionRadiusScale:1.0]]
[2023.01.08-02.27.51:993][  0]LogConfig: Setting CVar [[r.DepthOfFieldQuality:2]]
[2023.01.08-02.27.51:993][  0]LogConfig: Setting CVar [[r.RenderTargetPoolMin:400]]
[2023.01.08-02.27.51:993][  0]LogConfig: Setting CVar [[r.LensFlareQuality:2]]
[2023.01.08-02.27.51:993][  0]LogConfig: Setting CVar [[r.SceneColorFringeQuality:1]]
[2023.01.08-02.27.51:993][  0]LogConfig: Setting CVar [[r.EyeAdaptationQuality:2]]
[2023.01.08-02.27.51:993][  0]LogConfig: Setting CVar [[r.BloomQuality:5]]
[2023.01.08-02.27.51:993][  0]LogConfig: Setting CVar [[r.FastBlurThreshold:100]]
[2023.01.08-02.27.51:993][  0]LogConfig: Setting CVar [[r.Upscale.Quality:3]]
[2023.01.08-02.27.51:993][  0]LogConfig: Setting CVar [[r.Tonemapper.GrainQuantization:1]]
[2023.01.08-02.27.51:993][  0]LogConfig: Setting CVar [[r.LightShaftQuality:1]]
[2023.01.08-02.27.51:993][  0]LogConfig: Setting CVar [[r.Filter.SizeScale:1]]
[2023.01.08-02.27.51:993][  0]LogConfig: Setting CVar [[r.Tonemapper.Quality:5]]
[2023.01.08-02.27.51:993][  0]LogConfig: Setting CVar [[r.DOF.Gather.AccumulatorQuality:1        ; higher gathering accumulator quality]]
[2023.01.08-02.27.51:993][  0]LogConfig: Setting CVar [[r.DOF.Gather.PostfilterMethod:1          ; Median3x3 postfilering method]]
[2023.01.08-02.27.51:993][  0]LogConfig: Setting CVar [[r.DOF.Gather.EnableBokehSettings:0       ; no bokeh simulation when gathering]]
[2023.01.08-02.27.51:993][  0]LogConfig: Setting CVar [[r.DOF.Gather.RingCount:4                 ; medium number of samples when gathering]]
[2023.01.08-02.27.51:993][  0]LogConfig: Setting CVar [[r.DOF.Scatter.ForegroundCompositing:1    ; additive foreground scattering]]
[2023.01.08-02.27.51:993][  0]LogConfig: Setting CVar [[r.DOF.Scatter.BackgroundCompositing:2    ; additive background scattering]]
[2023.01.08-02.27.51:993][  0]LogConfig: Setting CVar [[r.DOF.Scatter.EnableBokehSettings:1      ; bokeh simulation when scattering]]
[2023.01.08-02.27.51:993][  0]LogConfig: Setting CVar [[r.DOF.Scatter.MaxSpriteRatio:0.1         ; only a maximum of 10% of scattered bokeh]]
[2023.01.08-02.27.51:993][  0]LogConfig: Setting CVar [[r.DOF.Recombine.Quality:1                ; cheap slight out of focus]]
[2023.01.08-02.27.51:993][  0]LogConfig: Setting CVar [[r.DOF.Recombine.EnableBokehSettings:0    ; no bokeh simulation on slight out of focus]]
[2023.01.08-02.27.51:993][  0]LogConfig: Setting CVar [[r.DOF.TemporalAAQuality:1                ; more stable temporal accumulation]]
[2023.01.08-02.27.51:993][  0]LogConfig: Setting CVar [[r.DOF.Kernel.MaxForegroundRadius:0.025]]
[2023.01.08-02.27.51:993][  0]LogConfig: Setting CVar [[r.DOF.Kernel.MaxBackgroundRadius:0.025]]
[2023.01.08-02.27.51:993][  0]LogConfig: Applying CVar settings from Section [TextureQuality@3] File [C:/Users/r4ndo/Documents/GitHub/Beta-Arcade/BAT9/Saved/Config/Windows/Scalability.ini]
[2023.01.08-02.27.51:993][  0]LogConfig: Setting CVar [[r.Streaming.MipBias:0]]
[2023.01.08-02.27.51:993][  0]LogConfig: Setting CVar [[r.Streaming.AmortizeCPUToGPUCopy:0]]
[2023.01.08-02.27.51:993][  0]LogConfig: Setting CVar [[r.Streaming.MaxNumTexturesToStreamPerFrame:0]]
[2023.01.08-02.27.51:993][  0]LogConfig: Setting CVar [[r.Streaming.Boost:1]]
[2023.01.08-02.27.51:993][  0]LogConfig: Setting CVar [[r.MaxAnisotropy:8]]
[2023.01.08-02.27.51:993][  0]LogConfig: Setting CVar [[r.VT.MaxAnisotropy:8]]
[2023.01.08-02.27.51:993][  0]LogConfig: Setting CVar [[r.Streaming.LimitPoolSizeToVRAM:0]]
[2023.01.08-02.27.51:993][  0]LogConfig: Setting CVar [[r.Streaming.PoolSize:1000]]
[2023.01.08-02.27.51:993][  0]LogConfig: Setting CVar [[r.Streaming.MaxEffectiveScreenSize:0]]
[2023.01.08-02.27.51:993][  0]LogConfig: Applying CVar settings from Section [EffectsQuality@3] File [C:/Users/r4ndo/Documents/GitHub/Beta-Arcade/BAT9/Saved/Config/Windows/Scalability.ini]
[2023.01.08-02.27.51:993][  0]LogConfig: Setting CVar [[r.TranslucencyLightingVolumeDim:64]]
[2023.01.08-02.27.51:993][  0]LogConfig: Setting CVar [[r.RefractionQuality:2]]
[2023.01.08-02.27.51:993][  0]LogConfig: Setting CVar [[r.SSR.Quality:3]]
[2023.01.08-02.27.51:993][  0]LogConfig: Setting CVar [[r.SSR.HalfResSceneColor:0]]
[2023.01.08-02.27.51:993][  0]LogConfig: Setting CVar [[r.SceneColorFormat:4]]
[2023.01.08-02.27.51:993][  0]LogConfig: Setting CVar [[r.DetailMode:2]]
[2023.01.08-02.27.51:993][  0]LogConfig: Setting CVar [[r.TranslucencyVolumeBlur:1]]
[2023.01.08-02.27.51:993][  0]LogConfig: Setting CVar [[r.MaterialQualityLevel:1 ; High quality]]
[2023.01.08-02.27.51:993][  0]LogConfig: Setting CVar [[r.AnisotropicMaterials:1]]
[2023.01.08-02.27.51:993][  0]LogConfig: Setting CVar [[r.SSS.Scale:1]]
[2023.01.08-02.27.51:993][  0]LogConfig: Setting CVar [[r.SSS.SampleSet:2]]
[2023.01.08-02.27.51:993][  0]LogConfig: Setting CVar [[r.SSS.Quality:1]]
[2023.01.08-02.27.51:993][  0]LogConfig: Setting CVar [[r.SSS.HalfRes:0]]
[2023.01.08-02.27.51:993][  0]LogConfig: Setting CVar [[r.SSGI.Quality:3]]
[2023.01.08-02.27.51:993][  0]LogConfig: Setting CVar [[r.EmitterSpawnRateScale:1.0]]
[2023.01.08-02.27.51:993][  0]LogConfig: Setting CVar [[r.ParticleLightQuality:2]]
[2023.01.08-02.27.51:993][  0]LogConfig: Setting CVar [[r.SkyAtmosphere.AerialPerspectiveLUT.FastApplyOnOpaque:1 ; Always have FastSkyLUT 1 in this case to avoid wrong sky]]
[2023.01.08-02.27.51:993][  0]LogConfig: Setting CVar [[r.SkyAtmosphere.AerialPerspectiveLUT.SampleCountMaxPerSlice:4]]
[2023.01.08-02.27.51:993][  0]LogConfig: Setting CVar [[r.SkyAtmosphere.AerialPerspectiveLUT.DepthResolution:16.0]]
[2023.01.08-02.27.51:993][  0]LogConfig: Setting CVar [[r.SkyAtmosphere.FastSkyLUT:1]]
[2023.01.08-02.27.51:993][  0]LogConfig: Setting CVar [[r.SkyAtmosphere.FastSkyLUT.SampleCountMin:4.0]]
[2023.01.08-02.27.51:993][  0]LogConfig: Setting CVar [[r.SkyAtmosphere.FastSkyLUT.SampleCountMax:128.0]]
[2023.01.08-02.27.51:993][  0]LogConfig: Setting CVar [[r.SkyAtmosphere.SampleCountMin:4.0]]
[2023.01.08-02.27.51:993][  0]LogConfig: Setting CVar [[r.SkyAtmosphere.SampleCountMax:128.0]]
[2023.01.08-02.27.51:993][  0]LogConfig: Setting CVar [[r.SkyAtmosphere.TransmittanceLUT.UseSmallFormat:0]]
[2023.01.08-02.27.51:993][  0]LogConfig: Setting CVar [[r.SkyAtmosphere.TransmittanceLUT.SampleCount:10.0]]
[2023.01.08-02.27.51:993][  0]LogConfig: Setting CVar [[r.SkyAtmosphere.MultiScatteringLUT.SampleCount:15.0]]
[2023.01.08-02.27.51:993][  0]LogConfig: Setting CVar [[r.SkyLight.RealTimeReflectionCapture:1]]
[2023.01.08-02.27.51:993][  0]LogConfig: Applying CVar settings from Section [FoliageQuality@3] File [C:/Users/r4ndo/Documents/GitHub/Beta-Arcade/BAT9/Saved/Config/Windows/Scalability.ini]
[2023.01.08-02.27.51:993][  0]LogConfig: Setting CVar [[foliage.DensityScale:1.0]]
[2023.01.08-02.27.51:993][  0]LogConfig: Setting CVar [[grass.DensityScale:1.0]]
[2023.01.08-02.27.51:993][  0]LogConfig: Applying CVar settings from Section [ShadingQuality@3] File [C:/Users/r4ndo/Documents/GitHub/Beta-Arcade/BAT9/Saved/Config/Windows/Scalability.ini]
[2023.01.08-02.27.51:993][  0]LogConfig: Setting CVar [[r.HairStrands.SkyLighting.IntegrationType:2]]
[2023.01.08-02.27.51:993][  0]LogConfig: Setting CVar [[r.HairStrands.SkyAO.SampleCount:4]]
[2023.01.08-02.27.51:993][  0]LogConfig: Setting CVar [[r.HairStrands.Visibility.MSAA.SamplePerPixel:4]]
[2023.01.08-02.27.51:993][  0]LogConfig: Applying CVar settings from Section [Startup] File [../../../Engine/Config/ConsoleVariables.ini]
[2023.01.08-02.27.51:994][  0]LogConfig: Setting CVar [[net.UseAdaptiveNetUpdateFrequency:0]]
[2023.01.08-02.27.51:994][  0]LogConfig: Setting CVar [[p.chaos.AllowCreatePhysxBodies:1]]
[2023.01.08-02.27.51:994][  0]LogConfig: Setting CVar [[fx.SkipVectorVMBackendOptimizations:1]]
[2023.01.08-02.27.51:994][  0]LogConfig: Applying CVar settings from Section [ConsoleVariables] File [C:/Users/r4ndo/Documents/GitHub/Beta-Arcade/BAT9/Saved/Config/Windows/Engine.ini]
[2023.01.08-02.27.51:994][  0]LogConfig: Applying CVar settings from Section [ConsoleVariables] File [C:/Users/r4ndo/Documents/GitHub/Beta-Arcade/BAT9/Saved/Config/Windows/Editor.ini]
[2023.01.08-02.27.51:994][  0]LogInit: Computer: LAPTOP-159QQ16G
[2023.01.08-02.27.51:994][  0]LogInit: User: r4ndo
[2023.01.08-02.27.51:994][  0]LogInit: CPU Page size=4096, Cores=6
[2023.01.08-02.27.51:994][  0]LogInit: High frequency timer resolution =10.000000 MHz
[2023.01.08-02.27.51:994][  0]LogMemory: Memory total: Physical=15.8GB (16GB approx)
[2023.01.08-02.27.51:994][  0]LogMemory: Platform Memory Stats for Windows
[2023.01.08-02.27.51:994][  0]LogMemory: Process Physical Memory: 148.93 MB used, 148.94 MB peak
[2023.01.08-02.27.51:994][  0]LogMemory: Process Virtual Memory: 134.05 MB used, 134.05 MB peak
[2023.01.08-02.27.51:994][  0]LogMemory: Physical Memory: 12855.80 MB used,  3366.94 MB free, 16222.75 MB total
[2023.01.08-02.27.51:994][  0]LogMemory: Virtual Memory: 134212520.00 MB used,  5208.59 MB free, 134217728.00 MB total
[2023.01.08-02.27.51:998][  0]LogWindows: WindowsPlatformFeatures enabled
[2023.01.08-02.27.52:031][  0]LogInit: Physics initialised using underlying interface: PhysX
[2023.01.08-02.27.52:031][  0]LogInit: Using OS detected language (en-GB).
[2023.01.08-02.27.52:031][  0]LogInit: Using OS detected locale (en-GB).
[2023.01.08-02.27.52:036][  0]LogTextLocalizationManager: No specific localization for 'en-GB' exists, so the 'en' localization will be used.
[2023.01.08-02.27.52:209][  0]LogWindowsTextInputMethodSystem: Display: IME system deactivated.
[2023.01.08-02.27.52:231][  0]LogSlate: New Slate User Created.  User Index 0, Is Virtual User: 0
[2023.01.08-02.27.52:231][  0]LogSlate: Slate User Registered.  User Index 0, Is Virtual User: 0
[2023.01.08-02.27.52:244][  0]LogD3D11RHI: Loaded GFSDK_Aftermath_Lib.x64.dll
[2023.01.08-02.27.52:246][  0]LogHMD: Failed to initialize OpenVR with code 110
[2023.01.08-02.27.52:246][  0]LogD3D11RHI: D3D11 min allowed feature level: 11_0
[2023.01.08-02.27.52:246][  0]LogD3D11RHI: D3D11 max allowed feature level: 11_0
[2023.01.08-02.27.52:246][  0]LogD3D11RHI: D3D11 adapters:
[2023.01.08-02.27.52:329][  0]LogD3D11RHI:    0. 'NVIDIA GeForce RTX 2060' (Feature Level 11_0)
[2023.01.08-02.27.52:329][  0]LogD3D11RHI:       5980/0/8111 MB DedicatedVideo/DedicatedSystem/SharedSystem, Outputs:1, VendorId:0x10de
[2023.01.08-02.27.52:331][  0]LogD3D11RHI:    1. 'Microsoft Basic Render Driver' (Feature Level 11_0)
[2023.01.08-02.27.52:331][  0]LogD3D11RHI:       0/0/8111 MB DedicatedVideo/DedicatedSystem/SharedSystem, Outputs:0, VendorId:0x1414
[2023.01.08-02.27.52:331][  0]LogD3D11RHI: Chosen D3D11 Adapter:
[2023.01.08-02.27.52:331][  0]LogD3D11RHI:     Description : NVIDIA GeForce RTX 2060
[2023.01.08-02.27.52:331][  0]LogD3D11RHI:     VendorId    : 10de
[2023.01.08-02.27.52:331][  0]LogD3D11RHI:     DeviceId    : 1f15
[2023.01.08-02.27.52:331][  0]LogD3D11RHI:     SubSysId    : 8746103c
[2023.01.08-02.27.52:331][  0]LogD3D11RHI:     Revision    : 00a1
[2023.01.08-02.27.52:331][  0]LogD3D11RHI:     DedicatedVideoMemory : 6270484480 bytes
[2023.01.08-02.27.52:331][  0]LogD3D11RHI:     DedicatedSystemMemory : 0 bytes
[2023.01.08-02.27.52:331][  0]LogD3D11RHI:     SharedSystemMemory : 8505391104 bytes
[2023.01.08-02.27.52:331][  0]LogD3D11RHI:     AdapterLuid : 0 66751
[2023.01.08-02.27.52:336][  0]LogD3D11RHI: Creating new Direct3DDevice
[2023.01.08-02.27.52:336][  0]LogD3D11RHI:     GPU DeviceId: 0x1f15 (for the marketing name, search the web for "GPU Device Id")
[2023.01.08-02.27.52:336][  0]LogWindows: EnumDisplayDevices:
[2023.01.08-02.27.52:336][  0]LogWindows:    0. 'NVIDIA GeForce RTX 2060' (P:1 D:1)
[2023.01.08-02.27.52:336][  0]LogWindows:    1. 'NVIDIA GeForce RTX 2060' (P:0 D:0)
[2023.01.08-02.27.52:336][  0]LogWindows:    2. 'NVIDIA GeForce RTX 2060' (P:0 D:0)
[2023.01.08-02.27.52:336][  0]LogWindows:    3. 'NVIDIA GeForce RTX 2060' (P:0 D:0)
[2023.01.08-02.27.52:337][  0]LogWindows: DebugString: FoundDriverCount:4 
[2023.01.08-02.27.52:337][  0]LogD3D11RHI:     Adapter Name: NVIDIA GeForce RTX 2060
[2023.01.08-02.27.52:337][  0]LogD3D11RHI:   Driver Version: 512.78 (internal:30.0.15.1278, unified:512.78)
[2023.01.08-02.27.52:337][  0]LogD3D11RHI:      Driver Date: 5-5-2022
[2023.01.08-02.27.52:337][  0]LogRHI: Texture pool is 4186 MB (70% of 5980 MB)
[2023.01.08-02.27.52:337][  0]LogD3D11RHI: Creating D3DDevice using adapter:
[2023.01.08-02.27.52:337][  0]LogD3D11RHI:     Description : NVIDIA GeForce RTX 2060
[2023.01.08-02.27.52:337][  0]LogD3D11RHI:     VendorId    : 10de
[2023.01.08-02.27.52:337][  0]LogD3D11RHI:     DeviceId    : 1f15
[2023.01.08-02.27.52:337][  0]LogD3D11RHI:     SubSysId    : 8746103c
[2023.01.08-02.27.52:337][  0]LogD3D11RHI:     Revision    : 00a1
[2023.01.08-02.27.52:337][  0]LogD3D11RHI:     DedicatedVideoMemory : 6270484480 bytes
[2023.01.08-02.27.52:337][  0]LogD3D11RHI:     DedicatedSystemMemory : 0 bytes
[2023.01.08-02.27.52:337][  0]LogD3D11RHI:     SharedSystemMemory : 8505391104 bytes
[2023.01.08-02.27.52:337][  0]LogD3D11RHI:     AdapterLuid : 0 66751
[2023.01.08-02.27.52:392][  0]LogD3D11RHI: RHI has support for 64 bit atomics
[2023.01.08-02.27.52:392][  0]LogD3D11RHI: Async texture creation enabled
[2023.01.08-02.27.52:392][  0]LogD3D11RHI: Array index from any shader is supported
[2023.01.08-02.27.52:411][  0]LogD3D11RHI: GPU Timing Frequency: 1000.000000 (Debug: 2 2)
[2023.01.08-02.27.52:443][  0]LogRHI: GeForceNow SDK initialized: 1
[2023.01.08-02.27.52:698][  0]LogTargetPlatformManager: Display: Loaded TargetPlatform 'WindowsNoEditor'
[2023.01.08-02.27.52:703][  0]LogTargetPlatformManager: Display: Loaded TargetPlatform 'Windows'
[2023.01.08-02.27.52:707][  0]LogTargetPlatformManager: Display: Loaded TargetPlatform 'WindowsClient'
[2023.01.08-02.27.52:710][  0]LogTargetPlatformManager: Display: Loaded TargetPlatform 'WindowsServer'
[2023.01.08-02.27.52:710][  0]LogTargetPlatformManager: Display: Building Assets For Windows
[2023.01.08-02.27.52:716][  0]LogAudioDebug: Display: Lib vorbis DLL was dynamically loaded.
[2023.01.08-02.27.52:744][  0]LogTextureFormatOodle: Display: Oodle Texture 2.9.0 init RDO Off
[2023.01.08-02.27.52:768][  0]LogRendererCore: Ray tracing is disabled. Reason: r.RayTracing=0.
[2023.01.08-02.27.52:768][  0]LogShaderCompilers: Guid format shader working directory is -18 characters bigger than the processId version (../../../../../../Users/r4ndo/Documents/GitHub/Beta-Arcade/BAT9/Intermediate/Shaders/WorkingDirectory/26764/).
[2023.01.08-02.27.52:768][  0]LogShaderCompilers: Cleaned the shader compiler working directory 'C:/Users/r4ndo/AppData/Local/Temp/UnrealShaderWorkingDir/7D3474CA45CE976B904D40B016B5A60A/'.
[2023.01.08-02.27.52:768][  0]LogXGEController: Cannot use XGE Controller as Incredibuild is not installed on this machine.
[2023.01.08-02.27.52:768][  0]LogShaderCompilers: Cannot use XGE Shader Compiler as Incredibuild is not installed on this machine.
[2023.01.08-02.27.52:768][  0]LogShaderCompilers: Display: Using Local Shader Compiler.
[2023.01.08-02.27.53:478][  0]LogDerivedDataCache: Display: Max Cache Size: 512 MB
[2023.01.08-02.27.53:536][  0]LogDerivedDataCache: Loaded boot cache 0.06s 97MB C:/Users/r4ndo/AppData/Local/UnrealEngine/4.27/DerivedDataCache/Boot.ddc.
[2023.01.08-02.27.53:536][  0]LogDerivedDataCache: Display: Loaded Boot cache: C:/Users/r4ndo/AppData/Local/UnrealEngine/4.27/DerivedDataCache/Boot.ddc
[2023.01.08-02.27.53:536][  0]LogDerivedDataCache: FDerivedDataBackendGraph:  Pak pak cache file ../../../../../../Users/r4ndo/Documents/GitHub/Beta-Arcade/BAT9/DerivedDataCache/DDC.ddp not found, will not use a pak cache.
[2023.01.08-02.27.53:536][  0]LogDerivedDataCache: Unable to find inner node Pak for hierarchical cache Hierarchy.
[2023.01.08-02.27.53:536][  0]LogDerivedDataCache: FDerivedDataBackendGraph:  CompressedPak pak cache file ../../../../../../Users/r4ndo/Documents/GitHub/Beta-Arcade/BAT9/DerivedDataCache/Compressed.ddp not found, will not use a pak cache.
[2023.01.08-02.27.53:536][  0]LogDerivedDataCache: Unable to find inner node CompressedPak for hierarchical cache Hierarchy.
[2023.01.08-02.27.53:551][  0]LogDerivedDataCache: Display: Pak cache opened for reading ../../../Engine/DerivedDataCache/Compressed.ddp.
[2023.01.08-02.27.53:551][  0]LogDerivedDataCache: FDerivedDataBackendGraph:  EnterprisePak pak cache file ../../../Enterprise/DerivedDataCache/Compressed.ddp not found, will not use a pak cache.
[2023.01.08-02.27.53:551][  0]LogDerivedDataCache: Unable to find inner node EnterprisePak for hierarchical cache Hierarchy.
[2023.01.08-02.27.53:560][  0]LogDerivedDataCache: Speed tests for C:/Users/r4ndo/AppData/Local/UnrealEngine/Common/DerivedDataCache took 0.01 seconds
[2023.01.08-02.27.53:560][  0]LogDerivedDataCache: Display: Performance to C:/Users/r4ndo/AppData/Local/UnrealEngine/Common/DerivedDataCache: Latency=0.03ms. RandomReadSpeed=291.01MBs, RandomWriteSpeed=194.97MBs. Assigned SpeedClass 'Local'
[2023.01.08-02.27.53:561][  0]LogDerivedDataCache: Using Local data cache path C:/Users/r4ndo/AppData/Local/UnrealEngine/Common/DerivedDataCache: Writable
[2023.01.08-02.27.53:561][  0]LogDerivedDataCache: Shared data cache path not found in *engine.ini, will not use an Shared cache.
[2023.01.08-02.27.53:561][  0]LogDerivedDataCache: Unable to find inner node Shared for hierarchical cache Hierarchy.
[2023.01.08-02.27.53:602][  0]LogSlate: Using FreeType 2.10.0
[2023.01.08-02.27.53:602][  0]LogSlate: SlateFontServices - WITH_FREETYPE: 1, WITH_HARFBUZZ: 1
[2023.01.08-02.27.53:670][  0]LogInit: Using OS detected language (en-GB).
[2023.01.08-02.27.53:670][  0]LogInit: Using OS detected locale (en-GB).
[2023.01.08-02.27.53:670][  0]LogTextLocalizationManager: No localization for 'en-GB' exists, so 'en' will be used for the language.
[2023.01.08-02.27.53:670][  0]LogTextLocalizationManager: No localization for 'en-GB' exists, so 'en' will be used for the locale.
[2023.01.08-02.27.53:670][  0]LogSlate: FontCache flush requested. Reason: Culture for localization was changed
[2023.01.08-02.27.53:670][  0]LogSlate: FontCache flush requested. Reason: Culture for localization was changed
[2023.01.08-02.27.53:673][  0]LogTextLocalizationManager: Compacting localization data took   0.00ms
[2023.01.08-02.27.53:673][  0]LogAssetRegistry: FAssetRegistry took 0.0017 seconds to start up
[2023.01.08-02.27.53:816][  0]LogPackageLocalizationCache: Processed 27 localized package path(s) for 1 prioritized culture(s) in 0.001016 seconds
[2023.01.08-02.27.53:874][  0]LogInit: Selected Device Profile: [Windows]
[2023.01.08-02.27.53:874][  0]LogInit: Active device profile: [00000224CCD8D400][00000224C39B0F40 49] Windows
[2023.01.08-02.27.53:874][  0]LogInit: Profiles: [00000224CCD8D400][00000224C39B0F40 49] Windows, [00000224CDD4EA00][00000224C39B90C0 49] WindowsNoEditor, [00000224CCD8ED00][00000224C39BD240 49] WindowsServer, [00000224CDD4DB00][00000224C39C13C0 49] WindowsClient, [00000224CCD8E100][00000224C39C5540 49] IOS, [00000224CDD4D100][00000224C39C96C0 49] iPadAir, [00000224CCD8D700][00000224C39B5800 49] iPadAir2, [00000224CDCFD000][00000224C39D1A40 49] IPadPro, [00000224CDCFD100][00000224C39CDA80 49] iPadAir3, [00000224CDD4C200][00000224C39D9C00 49] iPadAir4, [00000224CDCFFA00][00000224C39DC200 49] iPadMini2, [00000224CCDDC100][00000224C31D0380 49] iPadMini3, [00000224CDCFFF00][00000224C31D4500 49] iPadMini4, [00000224CCD8FF00][00000224C31D8680 49] iPadMini5, [00000224CDCEFF00][00000224C31E0940 49] iPhone6, [00000224CDCEFE00][00000224C31DC980 49] iPodTouch6, [00000224CCD8BC00][00000224C31E8C40 49] iPhone7, [00000224CCD8BD00][00000224C31E4C80 49] iPodTouch7, [00000224CDD4E700][00000224C31ECE00 49] iPhone5S, [00000224CDCEC100][00000224C31F0F80 49] iPhone6Plus, [00000224CCD88200][00000224C31F5100 49] iPhone6S, [00000224CDCEE000][00000224C31F9280 49] iPhone6SPlus, [00000224CCD8A100][00000224C31FD400 49] iPhone7Plus, [00000224CDD4D900][00000224C3201580 49] iPhoneSE, [00000224CCD89600][00000224C3205700 49] iPhone8, [00000224CDD4F700][00000224C3209880 49] iPhone8Plus, [00000224CCD8B500][00000224C39D59C0 49] iPhoneX, [00000224CDD4C500][00000224C320DB00 49] iPhoneXS, [00000224CCD89C00][00000224C32100C0 49] iPhoneXSMax, [00000224CDD4C900][00000224C3218240 49] iPhoneXR, [00000224CCD8AF00][00000224C321C3C0 49] iPhone11, [00000224CDD4C600][00000224C3220540 49] iPhone11Pro, [00000224CCD8B200][00000224C32246C0 49] iPhone11ProMax, [00000224CDD4D200][00000224C3228840 49] iPhoneSE2, [00000224CCD89900][00000224C322C9C0 49] iPhone12Mini, [00000224CDD4D600][00000224C3230B40 49] iPhone12, [00000224CCD8B400][00000224C3234CC0 49] iPhone12Pro, [00000224CDD4D800][00000224C3238E40 49] iPhone12ProMax, [00000224CCD8B700][00000224C323CFC0 49] iPadPro105, [00000224CDD4F300][00000224C3241140 49] iPadPro129, [00000224CCD88C00][00000224C32452C0 49] iPadPro97, [00000224CDD4EE00][00000224C3249440 49] iPadPro2_129, [00000224CCD8A500][00000224C324D5C0 49] iPad5, [00000224CDD4F200][00000224C3251740 49] iPad6, [00000224CCD89400][00000224C32558C0 49] iPad7, [00000224CDD4E600][00000224C3259A40 49] iPad8, [00000224CCD89800][00000224C3215B80 49] iPadPro11, [00000224CDD4CA00][00000224C325C140 49] iPadPro2_11, [00000224CCD8B000][00000224C3260280 49] iPadPro3_129, [00000224CDD4DA00][00000224C32643C0 49] iPadPro4_129, [00000224CCD88500][00000224C326C540 49] AppleTV, [00000224CDD4F000][00000224C32706C0 49] AppleTV4K, [00000224CCD89700][00000224C3274840 49] TVOS, [00000224CDD4CE00][00000224C32789C0 49] Mac, [00000224CCD8A200][00000224C327CB40 49] MacClient, [00000224CDD4C800][00000224C3280CC0 49] MacNoEditor, [00000224CCD8A000][00000224C3284E40 49] MacServer, [00000224CDD4C100][00000224C3288FC0 49] Linux, [00000224CCD88100][00000224C328D140 49] LinuxAArch64, [00000224CDD4FE00][00000224C32912C0 49] LinuxNoEditor, [00000224CCD88900][00000224C3295440 49] LinuxAArch64NoEditor, [00000224CDD4CF00][00000224C32995C0 49] LinuxClient, [00000224CCD8B800][00000224C329D740 49] LinuxAArch64Client, [00000224CDD4F500][00000224C32A18C0 49] LinuxServer, [00000224CCD88300][00000224C32A5A40 49] LinuxAArch64Server, [00000224CDD4C700][00000224C32A9BC0 49] Android, [00000224CCD88800][00000224C3268180 49] Android_Low, [00000224CDD4E400][00000224C32AC2C0 49] Android_Mid, [00000224CCD89500][00000224C32B0400 49] Android_High, [00000224CDD4DD00][00000224C32B4540 49] Android_Default, [00000224CDCFF900][00000224C32BC6C0 49] Android_Adreno4xx, [00000224CDCEE600][00000224C32C0840 49] Android_Adreno5xx_Low, [00000224CDCFFB00][00000224C32C49C0 49] Android_Adreno5xx, [00000224CDCED300][00000224C32C8B40 49] Android_Adreno6xx, [00000224CDCFE100][00000224C32CCCC0 49] Android_Adreno6xx_Vulkan, [00000224CDCED100][00000224C32D0E40 49] Android_Mali_T6xx, [00000224CDCFF800][00000224C32D4FC0 49] Android_Mali_T7xx, [00000224CDCEFD00][00000224C32D9140 49] Android_Mali_T8xx, [00000224CDCFDF00][00000224C32DD2C0 49] Android_Mali_G71, [00000224CDCEC300][00000224C32E1440 49] Android_Mali_G72, [00000224CDCFD300][00000224C32E55C0 49] Android_Mali_G72_Vulkan, [00000224CDCEE800][00000224C32E9740 49] Android_Mali_G76, [00000224CDCFC100][00000224C32ED8C0 49] Android_Mali_G76_Vulkan, [00000224CDCED900][00000224C32F1A40 49] Android_Mali_G77, [00000224CDCFEA00][00000224C32F5BC0 49] Android_Mali_G77_Vulkan, [00000224CDCEEE00][00000224C32F81C0 49] Android_Mali_G78, [00000224CDCFE300][00000224C32FC340 49] Android_Mali_G78_Vulkan, [00000224CDCEEF00][00000224C32B8480 49] Android_Mali_G710, [00000224CDCFDD00][00000224C33005C0 49] Android_Mali_G710_Vulkan, [00000224CDCEDC00][00000224C3304700 49] Android_Vulkan_SM5, [00000224CDCFC300][00000224C330C880 49] Android_PowerVR_G6xxx, [00000224CDCEDB00][00000224C3310A00 49] Android_PowerVR_GT7xxx, [00000224CDCFC600][00000224C3314B80 49] Android_PowerVR_GE8xxx, [00000224CDCEEB00][00000224C3318D00 49] Android_PowerVR_GM9xxx, [00000224CDCFC900][00000224C2AECE80 49] Android_PowerVR_GM9xxx_Vulkan, [00000224CDCEF900][00000224C2AF1000 49] Android_TegraK1, [00000224CDCFD700][00000224C2AF5180 49] Android_Unknown_Vulkan, [00000224CDCECF00][00000224C2AF9300 49] Lumin, [00000224CDD4E000][00000224C2AFD480 49] Lumin_Desktop, [00000224CDCEE100][00000224C2B01600 49] HoloLens, 
[2023.01.08-02.27.53:905][  0]LogMeshReduction: Using QuadricMeshReduction for automatic static mesh reduction
[2023.01.08-02.27.53:905][  0]LogMeshReduction: Using SimplygonMeshReduction for automatic skeletal mesh reduction
[2023.01.08-02.27.53:905][  0]LogMeshReduction: Using ProxyLODMeshReduction for automatic mesh merging
[2023.01.08-02.27.53:905][  0]LogMeshReduction: No distributed automatic mesh merging module available
[2023.01.08-02.27.53:905][  0]LogMeshMerging: No distributed automatic mesh merging module available
[2023.01.08-02.27.53:996][  0]LogNetVersion: BAT9 1.0.0, NetCL: 17155196, EngineNetVer: 17, GameNetVer: 0 (Checksum: 2784987450)
[2023.01.08-02.27.54:183][  0]LogTexture: Default maximum texture size for cubemaps generated from long-lat sources has been changed from 512 to unlimited. In order to preserve old behaiour for '/Engine/MapTemplates/Sky/DaylightAmbientCubemap.DaylightAmbientCubemap', its maximum texture size has been explicitly set to 512.
[2023.01.08-02.27.54:230][  0]LogHMD: PokeAHoleMaterial loaded successfully
[2023.01.08-02.27.54:312][  0]LogMoviePlayer: Initializing movie player
[2023.01.08-02.27.54:413][  0]LogNiagaraDebuggerClient: Niagara Debugger Client Initialized | Session: 6A8182224B5F00091D29109BCA8C651A | Instance: FE3EBBE44964CAE0E47D419547542A2F (LAPTOP-159QQ16G-26764).
[2023.01.08-02.27.54:429][  0]LogCollectionManager: Loaded 0 collections in 0.001807 seconds
[2023.01.08-02.27.54:431][  0]LogFileCache: Scanning file cache for directory 'C:/Users/r4ndo/Documents/GitHub/Beta-Arcade/BAT9/Saved/Collections/' took 0.00s
[2023.01.08-02.27.54:431][  0]LogFileCache: Scanning file cache for directory 'C:/Users/r4ndo/Documents/GitHub/Beta-Arcade/BAT9/Content/Developers/r4ndo/Collections/' took 0.00s
[2023.01.08-02.27.54:431][  0]LogFileCache: Scanning file cache for directory 'C:/Users/r4ndo/Documents/GitHub/Beta-Arcade/BAT9/Content/Collections/' took 0.00s
[2023.01.08-02.27.54:431][  0]LogCollectionManager: Fixed up redirectors for 0 collections in 0.000002 seconds (updated 0 objects)
[2023.01.08-02.27.54:516][  0]LogPython: Using Python 3.7.7
[2023.01.08-02.27.54:921][  0]LogTcpMessaging: Initializing TcpMessaging bridge
[2023.01.08-02.27.54:924][  0]LogUdpMessaging: Initializing bridge on interface 0.0.0.0:0 to multicast group 230.0.0.1:6666.
[2023.01.08-02.27.55:010][  0]SourceControl: Source control is disabled
[2023.01.08-02.27.55:010][  0]SourceControl: Source control is disabled
[2023.01.08-02.27.55:015][  0]SourceControl: Source control is disabled
[2023.01.08-02.27.55:020][  0]LogUProjectInfo: Found projects:
[2023.01.08-02.27.55:106][  0]LogOpenImageDenoise: OIDN starting up
[2023.01.08-02.27.55:112][  0]LogAndroidPermission: UAndroidPermissionCallbackProxy::GetInstance
[2023.01.08-02.27.55:126][  0]LogAudioCaptureCore: Display: No Audio Capture implementations found. Audio input will be silent.
[2023.01.08-02.27.55:126][  0]LogAudioCaptureCore: Display: No Audio Capture implementations found. Audio input will be silent.
[2023.01.08-02.27.55:194][  0]LogOcInput: OculusInput pre-init called
[2023.01.08-02.27.55:202][  0]LogUObjectArray: 22167 objects as part of root set at end of initial load.
[2023.01.08-02.27.55:202][  0]LogUObjectAllocator: 5995280 out of 0 bytes used by permanent object pool.
[2023.01.08-02.27.55:202][  0]LogUObjectArray: CloseDisregardForGC: 0/0 objects in disregard for GC pool
[2023.01.08-02.27.55:243][  0]LogEngine: Initializing Engine...
[2023.01.08-02.27.55:245][  0]LogHMD: Failed to enumerate extensions. Please check that you have a valid OpenXR runtime installed.
[2023.01.08-02.27.55:246][  0]LogHMD: Failed to initialize OpenVR with code 110
[2023.01.08-02.27.55:246][  0]LogMagicLeap: Warning: VR disabled because ZI is not enabled.  To enable, in the editor, Edit -> Project Settings -> Plugins -> Magic Leap Plugin -> Enable Zero Iteration
[2023.01.08-02.27.55:247][  0]LogStats: UGameplayTagsManager::InitializeManager -  0.000 s
[2023.01.08-02.27.55:339][  0]LogInit: Initializing FReadOnlyCVARCache
[2023.01.08-02.27.55:339][  0]LogAudio: Display: Initializing Audio Device Manager...
[2023.01.08-02.27.55:342][  0]LogAudio: Display: Loading Default Audio Settings Objects...
[2023.01.08-02.27.55:342][  0]LogAudio: Display: No default SoundConcurrencyObject specified (or failed to load).
[2023.01.08-02.27.55:343][  0]LogAudio: Display: Audio Device Manager Initialized
[2023.01.08-02.27.55:343][  0]LogAudio: Display: Creating Audio Device:                 Id: 1, Scope: Shared, Realtime: True
[2023.01.08-02.27.55:343][  0]LogAudioMixer: Display: Audio Mixer Platform Settings:
[2023.01.08-02.27.55:343][  0]LogAudioMixer: Display: 	Sample Rate:						  48000
[2023.01.08-02.27.55:343][  0]LogAudioMixer: Display: 	Callback Buffer Frame Size Requested: 1024
[2023.01.08-02.27.55:343][  0]LogAudioMixer: Display: 	Callback Buffer Frame Size To Use:	  1024
[2023.01.08-02.27.55:343][  0]LogAudioMixer: Display: 	Number of buffers to queue:			  2
[2023.01.08-02.27.55:343][  0]LogAudioMixer: Display: 	Max Channels (voices):				  32
[2023.01.08-02.27.55:343][  0]LogAudioMixer: Display: 	Number of Async Source Workers:		  0
[2023.01.08-02.27.55:343][  0]LogAudio: Display: AudioDevice MaxSources: 32
[2023.01.08-02.27.55:343][  0]LogAudio: Display: Audio Spatialization Plugin: None (built-in).
[2023.01.08-02.27.55:343][  0]LogAudio: Display: Audio Reverb Plugin: None (built-in).
[2023.01.08-02.27.55:343][  0]LogAudio: Display: Audio Occlusion Plugin: None (built-in).
[2023.01.08-02.27.55:343][  0]LogAudioMixer: Display: Initializing audio mixer.
[2023.01.08-02.27.55:362][  0]LogAudioMixer: Display: 0: FrontLeft
[2023.01.08-02.27.55:362][  0]LogAudioMixer: Display: 1: FrontRight
[2023.01.08-02.27.55:377][  0]LogAudioMixer: Display: Using Audio Device Headset Earphone (Wireless Controller)
[2023.01.08-02.27.55:382][  0]LogAudioMixer: Display: Initializing Sound Submixes...
[2023.01.08-02.27.55:384][  0]LogAudioMixer: Display: Creating Master Submix 'MasterSubmixDefault'
[2023.01.08-02.27.55:384][  0]LogAudioMixer: Display: Creating Master Submix 'MasterReverbSubmixDefault'
[2023.01.08-02.27.55:385][  0]LogAudioMixer: Display: Creating Master Submix 'MasterEQSubmixDefault'
[2023.01.08-02.27.55:385][  0]LogAudioMixer: FMixerPlatformXAudio2::StartAudioStream() called
[2023.01.08-02.27.55:385][  0]LogAudioMixer: Display: Output buffers initialized: Frames=1024, Channels=2, Samples=2048
[2023.01.08-02.27.55:385][  0]LogAudioMixer: Display: Starting AudioMixerPlatformInterface::RunInternal()
[2023.01.08-02.27.55:385][  0]LogAudioMixer: Display: FMixerPlatformXAudio2::SubmitBuffer() called for the first time
[2023.01.08-02.27.55:385][  0]LogInit: FAudioDevice initialized.
[2023.01.08-02.27.55:387][  0]LogNetVersion: Set ProjectVersion to 1.0.0.0. Version Checksum will be recalculated on next use.
[2023.01.08-02.27.55:387][  0]LogInit: Texture streaming: Enabled
[2023.01.08-02.27.55:445][  0]LogAudio: Display: Audio Device (ID: 1) registered with world 'Untitled'.
[2023.01.08-02.27.55:446][  0]LogSlate: Updating window title bar state: overlay mode, drag disabled, window buttons hidden, title bar hidden
[2023.01.08-02.27.55:447][  0]LogInit: Display: Game Engine Initialized.
[2023.01.08-02.27.55:447][  0]LogNiagaraEditor: GEditor isn't valid! Particle reset commands will not work for Niagara components!
[2023.01.08-02.27.55:544][  0]LogInit: Display: Starting Game.
[2023.01.08-02.27.55:544][  0]LogNet: Browse: /Game/BAT_9/Levels/Mesa_Final?Name=Player
[2023.01.08-02.27.55:544][  0]LogLoad: LoadMap: /Game/BAT_9/Levels/Mesa_Final?Name=Player
[2023.01.08-02.27.55:544][  0]LogWorld: BeginTearingDown for /Temp/Untitled_0
[2023.01.08-02.27.55:546][  0]LogWorld: UWorld::CleanupWorld for Untitled, bSessionEnded=true, bCleanupResources=true
[2023.01.08-02.27.55:546][  0]LogSlate: InvalidateAllWidgets triggered.  All widgets were invalidated
[2023.01.08-02.27.55:549][  0]LogAudio: Display: Audio Device unregistered from world 'None'.
[2023.01.08-02.27.55:551][  0]LogUObjectHash: Compacting FUObjectHashTables data took   0.71ms
[2023.01.08-02.27.56:317][  0]LogAudio: Display: Audio Device (ID: 1) registered with world 'Mesa_Final'.
[2023.01.08-02.27.56:322][  0]LogAIModule: Creating AISystem for world Mesa_Final
[2023.01.08-02.27.56:323][  0]LogLoad: Game class is 'TopDownGameMode_C'
[2023.01.08-02.27.56:341][  0]LogWorld: Bringing World /Game/BAT_9/Levels/Mesa_Final.Mesa_Final up for play (max tick rate 0) at 2023.01.08-02.27.56
[2023.01.08-02.27.56:342][  0]LogWorld: Bringing up level for play took: 0.018356
[2023.01.08-02.27.56:343][  0]LogBlueprintUserMessages: [TopDownGameMode_C_0] Processing Player: 0
[2023.01.08-02.27.56:343][  0]LogPlayerManagement: Error: Failed to Create Player: A local player already exists for controller ID 0,
[2023.01.08-02.27.56:345][  0]LogBlueprintUserMessages: [TopDownGameMode_C_0] Player: 0 Added to Array
[2023.01.08-02.27.56:345][  0]LogBlueprintUserMessages: [TopDownGameMode_C_0] Processing Player: 1
[2023.01.08-02.27.56:347][  0]LogBlueprintUserMessages: [TopDownGameMode_C_0] Player: 1 Added to Array
[2023.01.08-02.27.56:347][  0]LogBlueprintUserMessages: [TopDownGameMode_C_0] Processing Player: 2
[2023.01.08-02.27.56:348][  0]LogBlueprintUserMessages: [TopDownGameMode_C_0] Player: 2 Added to Array
[2023.01.08-02.27.56:348][  0]LogBlueprintUserMessages: [TopDownGameMode_C_0] Processing Player: 3
[2023.01.08-02.27.56:349][  0]LogBlueprintUserMessages: [TopDownGameMode_C_0] Player: 3 Added to Array
[2023.01.08-02.27.56:349][  0]LogBlueprintUserMessages: [TopDownGameMode_C_0] Player ID: 0 Added
[2023.01.08-02.27.56:349][  0]LogBlueprintUserMessages: [Mutiplayer_Controller_2] Number of Players: 1
[2023.01.08-02.27.56:350][  0]LogBlueprintUserMessages: [Mutiplayer_Controller_2] Camera setup
[2023.01.08-02.27.56:350][  0]LogBlueprintUserMessages: [Mutiplayer_Controller_2] Camera setup
[2023.01.08-02.27.56:351][  0]LogBlueprintUserMessages: [Mutiplayer_Controller_2] Camera setup
[2023.01.08-02.27.56:351][  0]LogBlueprintUserMessages: [Mutiplayer_Controller_2] Camera setup
[2023.01.08-02.27.56:352][  0]LogLoad: Took 0.807794 seconds to LoadMap(/Game/BAT_9/Levels/Mesa_Final)
[2023.01.08-02.27.56:374][  0]LogSlate: Took 0.000140 seconds to synchronously load lazily loaded font '../../../Engine/Content/Slate/Fonts/Roboto-Regular.ttf' (155K)
[2023.01.08-02.27.56:394][  0]LogRenderer: Reallocating scene render targets to support 1280x720 Format 10 NumSamples 1 (Frame:1).
[2023.01.08-02.27.56:394][  0]LogInit: Display: Engine is initialized. Leaving FEngineLoop::Init()
[2023.01.08-02.27.56:394][  0]LogLoad: (Engine Initialization) Total time: 5.52 seconds
[2023.01.08-02.27.56:394][  0]LogLoad: (Engine Initialization) Total Blueprint compile time: 0.00 seconds
[2023.01.08-02.27.56:400][  0]LogContentStreaming: Texture pool size now 1000 MB
[2023.01.08-02.27.56:401][  0]LogSlate: New Slate User Created.  User Index 1, Is Virtual User: 0
[2023.01.08-02.27.56:401][  0]LogSlate: Slate User Registered.  User Index 1, Is Virtual User: 0
[2023.01.08-02.27.56:401][  0]LogSlate: New Slate User Created.  User Index 2, Is Virtual User: 0
[2023.01.08-02.27.56:401][  0]LogSlate: Slate User Registered.  User Index 2, Is Virtual User: 0
[2023.01.08-02.27.56:401][  0]LogSlate: New Slate User Created.  User Index 3, Is Virtual User: 0
[2023.01.08-02.27.56:401][  0]LogSlate: Slate User Registered.  User Index 3, Is Virtual User: 0
[2023.01.08-02.27.56:404][  0]LogSlate: InvalidateAllWidgets triggered.  All widgets were invalidated
[2023.01.08-02.27.56:546][  1]LogSlate: Took 0.000122 seconds to synchronously load lazily loaded font '../../../Engine/Content/Slate/Fonts/Roboto-Regular.ttf' (155K)
[2023.01.08-02.28.06:007][281]LogSlate: Window 'BAT9 (64-bit Development PCD3D_SM5) ' being destroyed
[2023.01.08-02.28.06:008][281]LogWindowsTextInputMethodSystem: Display: IME system deactivated.
[2023.01.08-02.28.06:011][281]LogWindowsTextInputMethodSystem: Display: IME system deactivated.
[2023.01.08-02.28.06:012][281]LogSlate: Updating window title bar state: overlay mode, drag disabled, window buttons hidden, title bar hidden
[2023.01.08-02.28.06:012][281]LogEngine: All Windows Closed
[2023.01.08-02.28.06:012][281]LogWindows: FPlatformMisc::RequestExit(0)
[2023.01.08-02.28.06:012][281]LogWindows: FPlatformMisc::RequestExitWithStatus(0, 0)
[2023.01.08-02.28.06:012][281]LogCore: Engine exit requested (reason: Win RequestExit)
[2023.01.08-02.28.06:012][282]LogCore: Engine exit requested (reason: EngineExit() was called; note: exit was already requested)
[2023.01.08-02.28.06:012][282]LogInit: Display: PreExit Game.
[2023.01.08-02.28.06:022][282]LogWorld: BeginTearingDown for /Game/BAT_9/Levels/Mesa_Final
[2023.01.08-02.28.06:023][282]LogWorld: UWorld::CleanupWorld for Mesa_Final, bSessionEnded=true, bCleanupResources=true
[2023.01.08-02.28.06:024][282]LogSlate: InvalidateAllWidgets triggered.  All widgets were invalidated
[2023.01.08-02.28.06:253][282]LogAudio: Display: Beginning Audio Device Manager Shutdown (Module: AudioMixerXAudio2)...
[2023.01.08-02.28.06:253][282]LogAudio: Display: Destroying 1 Remaining Audio Device(s)...
[2023.01.08-02.28.06:253][282]LogAudio: Display: Audio Device unregistered from world 'Mesa_Final'.
[2023.01.08-02.28.06:254][282]LogAudioMixer: FMixerPlatformXAudio2::StopAudioStream() called
[2023.01.08-02.28.06:255][282]LogAudioMixer: FMixerPlatformXAudio2::StopAudioStream() called
[2023.01.08-02.28.06:256][282]LogAudio: Display: Audio Device Manager Shutdown
[2023.01.08-02.28.06:260][282]LogExit: Preparing to exit.
[2023.01.08-02.28.06:939][282]LogSlate: Updating window title bar state: overlay mode, drag disabled, window buttons hidden, title bar hidden
[2023.01.08-02.28.06:947][282]LogUObjectHash: Compacting FUObjectHashTables data took   1.52ms
