Log file open, 01/07/23 23:48:58
LogWindows: Failed to load 'aqProf.dll' (GetLastError=126)
LogWindows: File 'aqProf.dll' does not exist
LogWindows: Failed to load 'VtuneApi.dll' (GetLastError=126)
LogWindows: File 'VtuneApi.dll' does not exist
LogWindows: Failed to load 'VtuneApi32e.dll' (GetLastError=126)
LogWindows: File 'VtuneApi32e.dll' does not exist
LogConsoleResponse: Display: Failed to find resolution value strings in scalability ini. Falling back to default.
LogConsoleResponse: Display: Failed to find resolution value strings in scalability ini. Falling back to default.
LogInit: Display: Running engine for game: BAT9
LogPlatformFile: Not using cached read wrapper
LogTaskGraph: Started task graph with 5 named threads and 35 total threads with 3 sets of task threads.
LogStats: Stats thread started at 0.216923
LogICUInternationalization: ICU TimeZone Detection - Raw Offset: +0:00, Platform Override: ''
LogInit: Display: Loading text-based GConfig....
LogPluginManager: Mounting plugin MeshPainting
LogPluginManager: Mounting plugin XGEController
LogPluginManager: Mounting plugin Paper2D
LogPluginManager: Mounting plugin LiveLink
LogPluginManager: Mounting plugin AISupport
LogPluginManager: Mounting plugin EnvironmentQueryEditor
LogPluginManager: Mounting plugin CameraShakePreviewer
LogPluginManager: Mounting plugin LightPropagationVolume
LogPluginManager: Mounting plugin GameplayCameras
LogPluginManager: Mounting plugin CryptoKeys
LogPluginManager: Mounting plugin AssetManagerEditor
LogPluginManager: Mounting plugin DataValidation
LogPluginManager: Mounting plugin FacialAnimation
LogPluginManager: Mounting plugin GameplayTagsEditor
LogPluginManager: Mounting plugin GeometryMode
LogPluginManager: Mounting plugin MaterialAnalyzer
LogPluginManager: Mounting plugin MobileLauncherProfileWizard
LogPluginManager: Mounting plugin CurveEditorTools
LogPluginManager: Mounting plugin PluginBrowser
LogPluginManager: Mounting plugin SpeedTreeImporter
LogPluginManager: Mounting plugin AnimationSharing
LogPluginManager: Mounting plugin OodleData
LogPluginManager: Mounting plugin OodleNetwork
LogPluginManager: Mounting plugin CLionSourceCodeAccess
LogPluginManager: Mounting plugin CodeLiteSourceCodeAccess
LogPluginManager: Mounting plugin GitSourceControl
LogPluginManager: Mounting plugin MacGraphicsSwitching
LogPluginManager: Mounting plugin KDevelopSourceCodeAccess
LogPluginManager: Mounting plugin NullSourceCodeAccess
LogPluginManager: Mounting plugin PerforceSourceControl
LogPluginManager: Mounting plugin PluginUtils
LogPluginManager: Mounting plugin RiderSourceCodeAccess
LogPluginManager: Mounting plugin PlasticSourceControl
LogPluginManager: Mounting plugin SubversionSourceControl
LogPluginManager: Mounting plugin TextureFormatOodle
LogPluginManager: Mounting plugin PixWinPlugin
LogPluginManager: Mounting plugin PropertyAccessNode
LogPluginManager: Mounting plugin VisualStudioCodeSourceCodeAccess
LogPluginManager: Mounting plugin VisualStudioSourceCodeAccess
LogPluginManager: Mounting plugin UObjectPlugin
LogPluginManager: Mounting plugin DatasmithContent
LogPluginManager: Mounting plugin VariantManagerContent
LogPluginManager: Mounting plugin XCodeSourceCodeAccess
LogPluginManager: Mounting plugin Niagara
LogPluginManager: Mounting plugin AlembicImporter
LogPluginManager: Mounting plugin AutomationUtils
LogPluginManager: Mounting plugin BackChannel
LogPluginManager: Mounting plugin ChaosCloth
LogPluginManager: Mounting plugin ChaosClothEditor
LogPluginManager: Mounting plugin ChaosSolverPlugin
LogPluginManager: Mounting plugin ChaosEditor
LogPluginManager: Mounting plugin ChaosNiagara
LogPluginManager: Mounting plugin CharacterAI
LogPluginManager: Mounting plugin GeometryCache
LogPluginManager: Mounting plugin GeometryCollectionPlugin
LogPluginManager: Mounting plugin AndroidMedia
LogPluginManager: Mounting plugin AvfMedia
LogPluginManager: Mounting plugin ImgMedia
LogPluginManager: Mounting plugin MediaCompositing
LogPluginManager: Mounting plugin TcpMessaging
LogPluginManager: Mounting plugin UdpMessaging
LogPluginManager: Mounting plugin MediaPlayerEditor
LogPluginManager: Mounting plugin WebMMedia
LogPluginManager: Mounting plugin WmfMedia
LogPluginManager: Mounting plugin GeometryProcessing
LogPluginManager: Mounting plugin MotoSynth
LogPluginManager: Mounting plugin OpenImageDenoise
LogPluginManager: Mounting plugin PlanarCut
LogPluginManager: Mounting plugin PythonScriptPlugin
LogPluginManager: Mounting plugin PlatformCrypto
LogPluginManager: Mounting plugin ProxyLODPlugin
LogPluginManager: Mounting plugin ActorSequence
LogPluginManager: Mounting plugin MatineeToLevelSequence
LogPluginManager: Mounting plugin LuminPlatformFeatures
LogPluginManager: Mounting plugin MagicLeap
LogPluginManager: Mounting plugin SkeletalReduction
LogPluginManager: Mounting plugin LevelSequenceEditor
LogPluginManager: Mounting plugin MagicLeapLightEstimation
LogPluginManager: Mounting plugin MagicLeapMedia
LogPluginManager: Mounting plugin MagicLeapPassableWorld
LogPluginManager: Mounting plugin TemplateSequence
LogPluginManager: Mounting plugin OnlineSubsystem
LogPluginManager: Mounting plugin OnlineSubsystemNull
LogPluginManager: Mounting plugin OnlineSubsystemUtils
LogPluginManager: Mounting plugin MLSDK
LogPluginManager: Mounting plugin LauncherChunkInstaller
LogPluginManager: Mounting plugin ScreenshotTools
LogPluginManager: Mounting plugin Takes
LogPluginManager: Mounting plugin ActorLayerUtilities
LogPluginManager: Mounting plugin AndroidDeviceProfileSelector
LogPluginManager: Mounting plugin AndroidMoviePlayer
LogPluginManager: Mounting plugin AndroidPermission
LogPluginManager: Mounting plugin ApexDestruction
LogPluginManager: Mounting plugin AppleImageUtils
LogPluginManager: Mounting plugin AppleMoviePlayer
LogPluginManager: Mounting plugin AssetTags
LogPluginManager: Mounting plugin ArchVisCharacter
LogPluginManager: Mounting plugin AudioCapture
LogPluginManager: Mounting plugin AudioSynesthesia
LogPluginManager: Mounting plugin CableComponent
LogPluginManager: Mounting plugin ChunkDownloader
LogPluginManager: Mounting plugin CustomMeshComponent
LogPluginManager: Mounting plugin ExampleDeviceProfileSelector
LogPluginManager: Mounting plugin GoogleCloudMessaging
LogPluginManager: Mounting plugin GooglePAD
LogPluginManager: Mounting plugin IOSDeviceProfileSelector
LogPluginManager: Mounting plugin LinuxDeviceProfileSelector
LogPluginManager: Mounting plugin LocationServicesBPLibrary
LogPluginManager: Mounting plugin EditableMesh
LogPluginManager: Mounting plugin MobilePatchingUtils
LogPluginManager: Mounting plugin OpenXRHandTracking
LogPluginManager: Mounting plugin OpenXREyeTracker
LogPluginManager: Mounting plugin OpenXR
LogPluginManager: Mounting plugin PostSplashScreen
LogPluginManager: Mounting plugin PhysXVehicles
LogPluginManager: Mounting plugin ProceduralMeshComponent
LogPluginManager: Mounting plugin PropertyAccessEditor
LogPluginManager: Mounting plugin SignificanceManager
LogPluginManager: Mounting plugin RuntimePhysXCooking
LogPluginManager: Mounting plugin SoundFields
LogPluginManager: Mounting plugin Synthesis
LogPluginManager: Mounting plugin WebMMoviePlayer
LogPluginManager: Mounting plugin WindowsMoviePlayer
LogPluginManager: Mounting plugin ContentBrowserAssetDataSource
LogPluginManager: Mounting plugin ContentBrowserClassDataSource
LogPluginManager: Mounting plugin ContentBrowserFileDataSource
LogPluginManager: Mounting plugin OnlineSubsystemIOS
LogPluginManager: Mounting plugin OnlineSubsystemGooglePlay
LogPluginManager: Mounting plugin OculusVR
LogPluginManager: Mounting plugin SteamVR
PixWinPlugin: PIX capture plugin failed to initialize! Check that the process is launched from PIX.
LogInit: Using libcurl 7.55.1-DEV
LogInit:  - built for x86_64-pc-win32
LogInit:  - supports SSL with OpenSSL/1.1.1
LogInit:  - supports HTTP deflate (compression) using libz 1.2.8
LogInit:  - other features:
LogInit:      CURL_VERSION_SSL
LogInit:      CURL_VERSION_LIBZ
LogInit:      CURL_VERSION_IPV6
LogInit:      CURL_VERSION_ASYNCHDNS
LogInit:      CURL_VERSION_LARGEFILE
LogInit:      CURL_VERSION_IDN
LogInit:  CurlRequestOptions (configurable via config and command line):
LogInit:  - bVerifyPeer = true  - Libcurl will verify peer certificate
LogInit:  - bUseHttpProxy = false  - Libcurl will NOT use HTTP proxy
LogInit:  - bDontReuseConnections = false  - Libcurl will reuse connections
LogInit:  - MaxHostConnections = 16  - Libcurl will limit the number of connections to a host
LogInit:  - LocalHostAddr = Default
LogInit:  - BufferSize = 65536
LogOnline: OSS: Creating online subsystem instance for: NULL
LogInit: WinSock: version 1.1 (2.2), MaxSocks=32767, MaxUdp=65467
LogOnline: OSS: TryLoadSubsystemAndSetDefault: Loaded subsystem for module [NULL]
LogOculusPluginWrapper: OculusPlugin initialized successfully
LogHMD: Failed initializing OVRPlugin 1.59.0
LogInit: Build: ++UE4+Release-4.27-CL-18319896
LogInit: Engine Version: 4.27.2-18319896+++UE4+Release-4.27
LogInit: Compatible Engine Version: 4.27.0-17155196+++UE4+Release-4.27
LogInit: Net CL: 17155196
LogInit: OS: Windows 10 (Release 2009) (), CPU: Intel(R) Core(TM) i7-10750H CPU @ 2.60GHz, GPU: NVIDIA GeForce RTX 2060
LogInit: Compiled (64-bit): Nov 30 2021 07:12:08
LogInit: Compiled with Visual C++: 19.24.28315.00
LogInit: Build Configuration: Development
LogInit: Branch Name: ++UE4+Release-4.27
LogInit: Command Line:  /Game/Programming/Programming_Sandbox -game -PIEVIACONSOLE -Multiprocess GameUserSettingsINI=C:/Users/r4ndo/Documents/GitHub/Beta-Arcade/BAT9/Saved/Config/Windows/PIEGameUserSettings0.ini -MultiprocessSaveConfig -forcepassthrough -messaging -SessionName="Play in Standalone Game" -windowed -WinX=-17 -WinY=56 SAVEWINPOS=1 -ResX=1831 -ResY=998
LogInit: Base Directory: C:/Program Files/Epic Games/UE_4.27/Engine/Binaries/Win64/
LogInit: Allocator: TBB
LogInit: Installed Engine Build: 1
LogDevObjectVersion: Number of dev versions registered: 29
LogDevObjectVersion:   Dev-Blueprints (B0D832E4-1F89-4F0D-ACCF-7EB736FD4AA2): 10
LogDevObjectVersion:   Dev-Build (E1C64328-A22C-4D53-A36C-8E866417BD8C): 0
LogDevObjectVersion:   Dev-Core (375EC13C-06E4-48FB-B500-84F0262A717E): 4
LogDevObjectVersion:   Dev-Editor (E4B068ED-F494-42E9-A231-DA0B2E46BB41): 40
LogDevObjectVersion:   Dev-Framework (CFFC743F-43B0-4480-9391-14DF171D2073): 37
LogDevObjectVersion:   Dev-Mobile (B02B49B5-BB20-44E9-A304-32B752E40360): 3
LogDevObjectVersion:   Dev-Networking (A4E4105C-59A1-49B5-A7C5-40C4547EDFEE): 0
LogDevObjectVersion:   Dev-Online (39C831C9-5AE6-47DC-9A44-9C173E1C8E7C): 0
LogDevObjectVersion:   Dev-Physics (78F01B33-EBEA-4F98-B9B4-84EACCB95AA2): 14
LogDevObjectVersion:   Dev-Platform (6631380F-2D4D-43E0-8009-CF276956A95A): 0
LogDevObjectVersion:   Dev-Rendering (12F88B9F-8875-4AFC-A67C-D90C383ABD29): 45
LogDevObjectVersion:   Dev-Sequencer (7B5AE74C-D270-4C10-A958-57980B212A5A): 13
LogDevObjectVersion:   Dev-VR (D7296918-1DD6-4BDD-9DE2-64A83CC13884): 3
LogDevObjectVersion:   Dev-LoadTimes (C2A15278-BFE7-4AFE-6C17-90FF531DF755): 1
LogDevObjectVersion:   Private-Geometry (6EACA3D4-40EC-4CC1-B786-8BED09428FC5): 3
LogDevObjectVersion:   Dev-AnimPhys (29E575DD-E0A3-4627-9D10-D276232CDCEA): 17
LogDevObjectVersion:   Dev-Anim (AF43A65D-7FD3-4947-9873-3E8ED9C1BB05): 15
LogDevObjectVersion:   Dev-ReflectionCapture (6B266CEC-1EC7-4B8F-A30B-E4D90942FC07): 1
LogDevObjectVersion:   Dev-Automation (0DF73D61-A23F-47EA-B727-89E90C41499A): 1
LogDevObjectVersion:   FortniteMain (601D1886-AC64-4F84-AA16-D3DE0DEAC7D6): 47
LogDevObjectVersion:   FortniteRelease (E7086368-6B23-4C58-8439-1B7016265E91): 1
LogDevObjectVersion:   Dev-Enterprise (9DFFBCD6-494F-0158-E221-12823C92A888): 10
LogDevObjectVersion:   Dev-Niagara (F2AED0AC-9AFE-416F-8664-AA7FFA26D6FC): 1
LogDevObjectVersion:   Dev-Destruction (174F1F0B-B4C6-45A5-B13F-2EE8D0FB917D): 10
LogDevObjectVersion:   Dev-Physics-Ext (35F94A83-E258-406C-A318-09F59610247C): 41
LogDevObjectVersion:   Dev-PhysicsMaterial-Chaos (B68FC16E-8B1B-42E2-B453-215C058844FE): 1
LogDevObjectVersion:   Dev-CineCamera (B2E18506-4273-CFC2-A54E-F4BB758BBA07): 1
LogDevObjectVersion:   Dev-VirtualProduction (64F58936-FD1B-42BA-BA96-7289D5D0FA4E): 1
LogDevObjectVersion:   Dev-MediaFramework (6F0ED827-A609-4895-9C91-998D90180EA4): 2
LogInit: Presizing for max 25165824 objects, including 0 objects not considered by GC, pre-allocating 0 bytes for permanent pool.
LogConfig: Applying CVar settings from Section [/Script/Engine.StreamingSettings] File [C:/Users/r4ndo/Documents/GitHub/Beta-Arcade/BAT9/Saved/Config/Windows/Engine.ini]
LogConfig: Setting CVar [[s.MinBulkDataSizeForAsyncLoading:131072]]
LogConfig: Setting CVar [[s.AsyncLoadingThreadEnabled:0]]
LogConfig: Setting CVar [[s.EventDrivenLoaderEnabled:1]]
LogConfig: Setting CVar [[s.WarnIfTimeLimitExceeded:0]]
LogConfig: Setting CVar [[s.TimeLimitExceededMultiplier:1.5]]
LogConfig: Setting CVar [[s.TimeLimitExceededMinTime:0.005]]
LogConfig: Setting CVar [[s.UseBackgroundLevelStreaming:1]]
LogConfig: Setting CVar [[s.PriorityAsyncLoadingExtraTime:15.0]]
LogConfig: Setting CVar [[s.LevelStreamingActorsUpdateTimeLimit:5.0]]
LogConfig: Setting CVar [[s.PriorityLevelStreamingActorsUpdateExtraTime:5.0]]
LogConfig: Setting CVar [[s.LevelStreamingComponentsRegistrationGranularity:10]]
LogConfig: Setting CVar [[s.UnregisterComponentsTimeLimit:1.0]]
LogConfig: Setting CVar [[s.LevelStreamingComponentsUnregistrationGranularity:5]]
LogConfig: Setting CVar [[s.FlushStreamingOnExit:1]]
LogInit: Object subsystem initialized
LogConfig: Setting CVar [[con.DebugEarlyDefault:1]]
LogConfig: Setting CVar [[r.setres:1280x720]]
[2023.01.07-23.48.58:828][  0]LogConfig: Setting CVar [[con.DebugEarlyDefault:1]]
[2023.01.07-23.48.58:828][  0]LogConfig: Setting CVar [[r.setres:1280x720]]
[2023.01.07-23.48.58:828][  0]LogConfig: Applying CVar settings from Section [/Script/Engine.RendererSettings] File [C:/Users/r4ndo/Documents/GitHub/Beta-Arcade/BAT9/Saved/Config/Windows/Engine.ini]
[2023.01.07-23.48.58:828][  0]LogConfig: Setting CVar [[r.GPUCrashDebugging:0]]
[2023.01.07-23.48.58:828][  0]LogConfig: Applying CVar settings from Section [/Script/Engine.RendererOverrideSettings] File [C:/Users/r4ndo/Documents/GitHub/Beta-Arcade/BAT9/Saved/Config/Windows/Engine.ini]
[2023.01.07-23.48.58:828][  0]LogConfig: Applying CVar settings from Section [/Script/Engine.StreamingSettings] File [C:/Users/r4ndo/Documents/GitHub/Beta-Arcade/BAT9/Saved/Config/Windows/Engine.ini]
[2023.01.07-23.48.58:828][  0]LogConfig: Setting CVar [[s.MinBulkDataSizeForAsyncLoading:131072]]
[2023.01.07-23.48.58:828][  0]LogConfig: Setting CVar [[s.AsyncLoadingThreadEnabled:0]]
[2023.01.07-23.48.58:828][  0]LogConfig: Setting CVar [[s.EventDrivenLoaderEnabled:1]]
[2023.01.07-23.48.58:828][  0]LogConfig: Setting CVar [[s.WarnIfTimeLimitExceeded:0]]
[2023.01.07-23.48.58:828][  0]LogConfig: Setting CVar [[s.TimeLimitExceededMultiplier:1.5]]
[2023.01.07-23.48.58:828][  0]LogConfig: Setting CVar [[s.TimeLimitExceededMinTime:0.005]]
[2023.01.07-23.48.58:828][  0]LogConfig: Setting CVar [[s.UseBackgroundLevelStreaming:1]]
[2023.01.07-23.48.58:828][  0]LogConfig: Setting CVar [[s.PriorityAsyncLoadingExtraTime:15.0]]
[2023.01.07-23.48.58:828][  0]LogConfig: Setting CVar [[s.LevelStreamingActorsUpdateTimeLimit:5.0]]
[2023.01.07-23.48.58:828][  0]LogConfig: Setting CVar [[s.PriorityLevelStreamingActorsUpdateExtraTime:5.0]]
[2023.01.07-23.48.58:828][  0]LogConfig: Setting CVar [[s.LevelStreamingComponentsRegistrationGranularity:10]]
[2023.01.07-23.48.58:828][  0]LogConfig: Setting CVar [[s.UnregisterComponentsTimeLimit:1.0]]
[2023.01.07-23.48.58:828][  0]LogConfig: Setting CVar [[s.LevelStreamingComponentsUnregistrationGranularity:5]]
[2023.01.07-23.48.58:828][  0]LogConfig: Setting CVar [[s.FlushStreamingOnExit:1]]
[2023.01.07-23.48.58:828][  0]LogConfig: Applying CVar settings from Section [/Script/Engine.GarbageCollectionSettings] File [C:/Users/r4ndo/Documents/GitHub/Beta-Arcade/BAT9/Saved/Config/Windows/Engine.ini]
[2023.01.07-23.48.58:828][  0]LogConfig: Setting CVar [[gc.MaxObjectsNotConsideredByGC:1]]
[2023.01.07-23.48.58:828][  0]LogConfig: Setting CVar [[gc.SizeOfPermanentObjectPool:0]]
[2023.01.07-23.48.58:828][  0]LogConfig: Setting CVar [[gc.FlushStreamingOnGC:0]]
[2023.01.07-23.48.58:828][  0]LogConfig: Setting CVar [[gc.NumRetriesBeforeForcingGC:10]]
[2023.01.07-23.48.58:828][  0]LogConfig: Setting CVar [[gc.AllowParallelGC:1]]
[2023.01.07-23.48.58:828][  0]LogConfig: Setting CVar [[gc.TimeBetweenPurgingPendingKillObjects:61.1]]
[2023.01.07-23.48.58:828][  0]LogConfig: Setting CVar [[gc.MaxObjectsInEditor:25165824]]
[2023.01.07-23.48.58:828][  0]LogConfig: Setting CVar [[gc.IncrementalBeginDestroyEnabled:1]]
[2023.01.07-23.48.58:828][  0]LogConfig: Setting CVar [[gc.CreateGCClusters:1]]
[2023.01.07-23.48.58:828][  0]LogConfig: Setting CVar [[gc.MinGCClusterSize:5]]
[2023.01.07-23.48.58:828][  0]LogConfig: Setting CVar [[gc.ActorClusteringEnabled:0]]
[2023.01.07-23.48.58:828][  0]LogConfig: Setting CVar [[gc.BlueprintClusteringEnabled:0]]
[2023.01.07-23.48.58:828][  0]LogConfig: Setting CVar [[gc.UseDisregardForGCOnDedicatedServers:0]]
[2023.01.07-23.48.58:828][  0]LogConfig: Setting CVar [[gc.MultithreadedDestructionEnabled:1]]
[2023.01.07-23.48.58:828][  0]LogConfig: Applying CVar settings from Section [/Script/Engine.NetworkSettings] File [C:/Users/r4ndo/Documents/GitHub/Beta-Arcade/BAT9/Saved/Config/Windows/Engine.ini]
[2023.01.07-23.48.58:828][  0]LogConfig: Applying CVar settings from Section [/Script/UnrealEd.CookerSettings] File [C:/Users/r4ndo/Documents/GitHub/Beta-Arcade/BAT9/Saved/Config/Windows/Engine.ini]
[2023.01.07-23.48.58:833][  0]LogConfig: Applying CVar settings from Section [ViewDistanceQuality@3] File [C:/Users/r4ndo/Documents/GitHub/Beta-Arcade/BAT9/Saved/Config/Windows/Scalability.ini]
[2023.01.07-23.48.58:833][  0]LogConfig: Setting CVar [[r.SkeletalMeshLODBias:0]]
[2023.01.07-23.48.58:833][  0]LogConfig: Setting CVar [[r.ViewDistanceScale:1.0]]
[2023.01.07-23.48.58:833][  0]LogConfig: Applying CVar settings from Section [AntiAliasingQuality@3] File [C:/Users/r4ndo/Documents/GitHub/Beta-Arcade/BAT9/Saved/Config/Windows/Scalability.ini]
[2023.01.07-23.48.58:833][  0]LogConfig: Setting CVar [[r.PostProcessAAQuality:4]]
[2023.01.07-23.48.58:833][  0]LogConfig: Applying CVar settings from Section [ShadowQuality@3] File [C:/Users/r4ndo/Documents/GitHub/Beta-Arcade/BAT9/Saved/Config/Windows/Scalability.ini]
[2023.01.07-23.48.58:833][  0]LogConfig: Setting CVar [[r.LightFunctionQuality:1]]
[2023.01.07-23.48.58:833][  0]LogConfig: Setting CVar [[r.ShadowQuality:5]]
[2023.01.07-23.48.58:833][  0]LogConfig: Setting CVar [[r.Shadow.CSM.MaxCascades:10]]
[2023.01.07-23.48.58:833][  0]LogConfig: Setting CVar [[r.Shadow.MaxResolution:2048]]
[2023.01.07-23.48.58:833][  0]LogConfig: Setting CVar [[r.Shadow.MaxCSMResolution:2048]]
[2023.01.07-23.48.58:833][  0]LogConfig: Setting CVar [[r.Shadow.RadiusThreshold:0.01]]
[2023.01.07-23.48.58:833][  0]LogConfig: Setting CVar [[r.Shadow.DistanceScale:1.0]]
[2023.01.07-23.48.58:833][  0]LogConfig: Setting CVar [[r.Shadow.CSM.TransitionScale:1.0]]
[2023.01.07-23.48.58:833][  0]LogConfig: Setting CVar [[r.Shadow.PreShadowResolutionFactor:1.0]]
[2023.01.07-23.48.58:833][  0]LogConfig: Setting CVar [[r.DistanceFieldShadowing:1]]
[2023.01.07-23.48.58:833][  0]LogConfig: Setting CVar [[r.DistanceFieldAO:1]]
[2023.01.07-23.48.58:833][  0]LogConfig: Setting CVar [[r.AOQuality:2]]
[2023.01.07-23.48.58:833][  0]LogConfig: Setting CVar [[r.VolumetricFog:1]]
[2023.01.07-23.48.58:833][  0]LogConfig: Setting CVar [[r.VolumetricFog.GridPixelSize:8]]
[2023.01.07-23.48.58:833][  0]LogConfig: Setting CVar [[r.VolumetricFog.GridSizeZ:128]]
[2023.01.07-23.48.58:833][  0]LogConfig: Setting CVar [[r.VolumetricFog.HistoryMissSupersampleCount:4]]
[2023.01.07-23.48.58:833][  0]LogConfig: Setting CVar [[r.LightMaxDrawDistanceScale:1]]
[2023.01.07-23.48.58:833][  0]LogConfig: Setting CVar [[r.CapsuleShadows:1]]
[2023.01.07-23.48.58:833][  0]LogConfig: Applying CVar settings from Section [PostProcessQuality@3] File [C:/Users/r4ndo/Documents/GitHub/Beta-Arcade/BAT9/Saved/Config/Windows/Scalability.ini]
[2023.01.07-23.48.58:833][  0]LogConfig: Setting CVar [[r.MotionBlurQuality:4]]
[2023.01.07-23.48.58:833][  0]LogConfig: Setting CVar [[r.AmbientOcclusionMipLevelFactor:0.4]]
[2023.01.07-23.48.58:833][  0]LogConfig: Setting CVar [[r.AmbientOcclusionMaxQuality:100]]
[2023.01.07-23.48.58:833][  0]LogConfig: Setting CVar [[r.AmbientOcclusionLevels:-1]]
[2023.01.07-23.48.58:833][  0]LogConfig: Setting CVar [[r.AmbientOcclusionRadiusScale:1.0]]
[2023.01.07-23.48.58:833][  0]LogConfig: Setting CVar [[r.DepthOfFieldQuality:2]]
[2023.01.07-23.48.58:833][  0]LogConfig: Setting CVar [[r.RenderTargetPoolMin:400]]
[2023.01.07-23.48.58:833][  0]LogConfig: Setting CVar [[r.LensFlareQuality:2]]
[2023.01.07-23.48.58:833][  0]LogConfig: Setting CVar [[r.SceneColorFringeQuality:1]]
[2023.01.07-23.48.58:833][  0]LogConfig: Setting CVar [[r.EyeAdaptationQuality:2]]
[2023.01.07-23.48.58:833][  0]LogConfig: Setting CVar [[r.BloomQuality:5]]
[2023.01.07-23.48.58:833][  0]LogConfig: Setting CVar [[r.FastBlurThreshold:100]]
[2023.01.07-23.48.58:833][  0]LogConfig: Setting CVar [[r.Upscale.Quality:3]]
[2023.01.07-23.48.58:833][  0]LogConfig: Setting CVar [[r.Tonemapper.GrainQuantization:1]]
[2023.01.07-23.48.58:833][  0]LogConfig: Setting CVar [[r.LightShaftQuality:1]]
[2023.01.07-23.48.58:833][  0]LogConfig: Setting CVar [[r.Filter.SizeScale:1]]
[2023.01.07-23.48.58:833][  0]LogConfig: Setting CVar [[r.Tonemapper.Quality:5]]
[2023.01.07-23.48.58:833][  0]LogConfig: Setting CVar [[r.DOF.Gather.AccumulatorQuality:1        ; higher gathering accumulator quality]]
[2023.01.07-23.48.58:833][  0]LogConfig: Setting CVar [[r.DOF.Gather.PostfilterMethod:1          ; Median3x3 postfilering method]]
[2023.01.07-23.48.58:833][  0]LogConfig: Setting CVar [[r.DOF.Gather.EnableBokehSettings:0       ; no bokeh simulation when gathering]]
[2023.01.07-23.48.58:833][  0]LogConfig: Setting CVar [[r.DOF.Gather.RingCount:4                 ; medium number of samples when gathering]]
[2023.01.07-23.48.58:833][  0]LogConfig: Setting CVar [[r.DOF.Scatter.ForegroundCompositing:1    ; additive foreground scattering]]
[2023.01.07-23.48.58:833][  0]LogConfig: Setting CVar [[r.DOF.Scatter.BackgroundCompositing:2    ; additive background scattering]]
[2023.01.07-23.48.58:833][  0]LogConfig: Setting CVar [[r.DOF.Scatter.EnableBokehSettings:1      ; bokeh simulation when scattering]]
[2023.01.07-23.48.58:833][  0]LogConfig: Setting CVar [[r.DOF.Scatter.MaxSpriteRatio:0.1         ; only a maximum of 10% of scattered bokeh]]
[2023.01.07-23.48.58:833][  0]LogConfig: Setting CVar [[r.DOF.Recombine.Quality:1                ; cheap slight out of focus]]
[2023.01.07-23.48.58:833][  0]LogConfig: Setting CVar [[r.DOF.Recombine.EnableBokehSettings:0    ; no bokeh simulation on slight out of focus]]
[2023.01.07-23.48.58:833][  0]LogConfig: Setting CVar [[r.DOF.TemporalAAQuality:1                ; more stable temporal accumulation]]
[2023.01.07-23.48.58:833][  0]LogConfig: Setting CVar [[r.DOF.Kernel.MaxForegroundRadius:0.025]]
[2023.01.07-23.48.58:834][  0]LogConfig: Setting CVar [[r.DOF.Kernel.MaxBackgroundRadius:0.025]]
[2023.01.07-23.48.58:834][  0]LogConfig: Applying CVar settings from Section [TextureQuality@3] File [C:/Users/r4ndo/Documents/GitHub/Beta-Arcade/BAT9/Saved/Config/Windows/Scalability.ini]
[2023.01.07-23.48.58:834][  0]LogConfig: Setting CVar [[r.Streaming.MipBias:0]]
[2023.01.07-23.48.58:834][  0]LogConfig: Setting CVar [[r.Streaming.AmortizeCPUToGPUCopy:0]]
[2023.01.07-23.48.58:834][  0]LogConfig: Setting CVar [[r.Streaming.MaxNumTexturesToStreamPerFrame:0]]
[2023.01.07-23.48.58:834][  0]LogConfig: Setting CVar [[r.Streaming.Boost:1]]
[2023.01.07-23.48.58:834][  0]LogConfig: Setting CVar [[r.MaxAnisotropy:8]]
[2023.01.07-23.48.58:834][  0]LogConfig: Setting CVar [[r.VT.MaxAnisotropy:8]]
[2023.01.07-23.48.58:834][  0]LogConfig: Setting CVar [[r.Streaming.LimitPoolSizeToVRAM:0]]
[2023.01.07-23.48.58:834][  0]LogConfig: Setting CVar [[r.Streaming.PoolSize:1000]]
[2023.01.07-23.48.58:834][  0]LogConfig: Setting CVar [[r.Streaming.MaxEffectiveScreenSize:0]]
[2023.01.07-23.48.58:834][  0]LogConfig: Applying CVar settings from Section [EffectsQuality@3] File [C:/Users/r4ndo/Documents/GitHub/Beta-Arcade/BAT9/Saved/Config/Windows/Scalability.ini]
[2023.01.07-23.48.58:834][  0]LogConfig: Setting CVar [[r.TranslucencyLightingVolumeDim:64]]
[2023.01.07-23.48.58:834][  0]LogConfig: Setting CVar [[r.RefractionQuality:2]]
[2023.01.07-23.48.58:834][  0]LogConfig: Setting CVar [[r.SSR.Quality:3]]
[2023.01.07-23.48.58:834][  0]LogConfig: Setting CVar [[r.SSR.HalfResSceneColor:0]]
[2023.01.07-23.48.58:834][  0]LogConfig: Setting CVar [[r.SceneColorFormat:4]]
[2023.01.07-23.48.58:834][  0]LogConfig: Setting CVar [[r.DetailMode:2]]
[2023.01.07-23.48.58:834][  0]LogConfig: Setting CVar [[r.TranslucencyVolumeBlur:1]]
[2023.01.07-23.48.58:834][  0]LogConfig: Setting CVar [[r.MaterialQualityLevel:1 ; High quality]]
[2023.01.07-23.48.58:834][  0]LogConfig: Setting CVar [[r.AnisotropicMaterials:1]]
[2023.01.07-23.48.58:834][  0]LogConfig: Setting CVar [[r.SSS.Scale:1]]
[2023.01.07-23.48.58:834][  0]LogConfig: Setting CVar [[r.SSS.SampleSet:2]]
[2023.01.07-23.48.58:834][  0]LogConfig: Setting CVar [[r.SSS.Quality:1]]
[2023.01.07-23.48.58:834][  0]LogConfig: Setting CVar [[r.SSS.HalfRes:0]]
[2023.01.07-23.48.58:834][  0]LogConfig: Setting CVar [[r.SSGI.Quality:3]]
[2023.01.07-23.48.58:834][  0]LogConfig: Setting CVar [[r.EmitterSpawnRateScale:1.0]]
[2023.01.07-23.48.58:834][  0]LogConfig: Setting CVar [[r.ParticleLightQuality:2]]
[2023.01.07-23.48.58:834][  0]LogConfig: Setting CVar [[r.SkyAtmosphere.AerialPerspectiveLUT.FastApplyOnOpaque:1 ; Always have FastSkyLUT 1 in this case to avoid wrong sky]]
[2023.01.07-23.48.58:834][  0]LogConfig: Setting CVar [[r.SkyAtmosphere.AerialPerspectiveLUT.SampleCountMaxPerSlice:4]]
[2023.01.07-23.48.58:834][  0]LogConfig: Setting CVar [[r.SkyAtmosphere.AerialPerspectiveLUT.DepthResolution:16.0]]
[2023.01.07-23.48.58:834][  0]LogConfig: Setting CVar [[r.SkyAtmosphere.FastSkyLUT:1]]
[2023.01.07-23.48.58:834][  0]LogConfig: Setting CVar [[r.SkyAtmosphere.FastSkyLUT.SampleCountMin:4.0]]
[2023.01.07-23.48.58:834][  0]LogConfig: Setting CVar [[r.SkyAtmosphere.FastSkyLUT.SampleCountMax:128.0]]
[2023.01.07-23.48.58:834][  0]LogConfig: Setting CVar [[r.SkyAtmosphere.SampleCountMin:4.0]]
[2023.01.07-23.48.58:834][  0]LogConfig: Setting CVar [[r.SkyAtmosphere.SampleCountMax:128.0]]
[2023.01.07-23.48.58:834][  0]LogConfig: Setting CVar [[r.SkyAtmosphere.TransmittanceLUT.UseSmallFormat:0]]
[2023.01.07-23.48.58:834][  0]LogConfig: Setting CVar [[r.SkyAtmosphere.TransmittanceLUT.SampleCount:10.0]]
[2023.01.07-23.48.58:834][  0]LogConfig: Setting CVar [[r.SkyAtmosphere.MultiScatteringLUT.SampleCount:15.0]]
[2023.01.07-23.48.58:834][  0]LogConfig: Setting CVar [[r.SkyLight.RealTimeReflectionCapture:1]]
[2023.01.07-23.48.58:834][  0]LogConfig: Applying CVar settings from Section [FoliageQuality@3] File [C:/Users/r4ndo/Documents/GitHub/Beta-Arcade/BAT9/Saved/Config/Windows/Scalability.ini]
[2023.01.07-23.48.58:834][  0]LogConfig: Setting CVar [[foliage.DensityScale:1.0]]
[2023.01.07-23.48.58:834][  0]LogConfig: Setting CVar [[grass.DensityScale:1.0]]
[2023.01.07-23.48.58:834][  0]LogConfig: Applying CVar settings from Section [ShadingQuality@3] File [C:/Users/r4ndo/Documents/GitHub/Beta-Arcade/BAT9/Saved/Config/Windows/Scalability.ini]
[2023.01.07-23.48.58:834][  0]LogConfig: Setting CVar [[r.HairStrands.SkyLighting.IntegrationType:2]]
[2023.01.07-23.48.58:834][  0]LogConfig: Setting CVar [[r.HairStrands.SkyAO.SampleCount:4]]
[2023.01.07-23.48.58:834][  0]LogConfig: Setting CVar [[r.HairStrands.Visibility.MSAA.SamplePerPixel:4]]
[2023.01.07-23.48.58:834][  0]LogInit: Selected Device Profile: [Windows]
[2023.01.07-23.48.58:834][  0]LogInit: Applying CVar settings loaded from the selected device profile: [Windows]
[2023.01.07-23.48.58:834][  0]LogHAL: Display: Platform has ~ 16 GB [17010782208 / 17179869184 / 16], which maps to Larger [LargestMinGB=32, LargerMinGB=12, DefaultMinGB=8, SmallerMinGB=6, SmallestMinGB=0)
[2023.01.07-23.48.58:834][  0]LogInit: Going up to parent DeviceProfile []
[2023.01.07-23.48.58:834][  0]LogConfig: Applying CVar settings from Section [ViewDistanceQuality@3] File [C:/Users/r4ndo/Documents/GitHub/Beta-Arcade/BAT9/Saved/Config/Windows/Scalability.ini]
[2023.01.07-23.48.58:834][  0]LogConfig: Setting CVar [[r.SkeletalMeshLODBias:0]]
[2023.01.07-23.48.58:834][  0]LogConfig: Setting CVar [[r.ViewDistanceScale:1.0]]
[2023.01.07-23.48.58:834][  0]LogConfig: Applying CVar settings from Section [AntiAliasingQuality@3] File [C:/Users/r4ndo/Documents/GitHub/Beta-Arcade/BAT9/Saved/Config/Windows/Scalability.ini]
[2023.01.07-23.48.58:834][  0]LogConfig: Setting CVar [[r.PostProcessAAQuality:4]]
[2023.01.07-23.48.58:834][  0]LogConfig: Applying CVar settings from Section [ShadowQuality@3] File [C:/Users/r4ndo/Documents/GitHub/Beta-Arcade/BAT9/Saved/Config/Windows/Scalability.ini]
[2023.01.07-23.48.58:834][  0]LogConfig: Setting CVar [[r.LightFunctionQuality:1]]
[2023.01.07-23.48.58:834][  0]LogConfig: Setting CVar [[r.ShadowQuality:5]]
[2023.01.07-23.48.58:834][  0]LogConfig: Setting CVar [[r.Shadow.CSM.MaxCascades:10]]
[2023.01.07-23.48.58:834][  0]LogConfig: Setting CVar [[r.Shadow.MaxResolution:2048]]
[2023.01.07-23.48.58:834][  0]LogConfig: Setting CVar [[r.Shadow.MaxCSMResolution:2048]]
[2023.01.07-23.48.58:834][  0]LogConfig: Setting CVar [[r.Shadow.RadiusThreshold:0.01]]
[2023.01.07-23.48.58:834][  0]LogConfig: Setting CVar [[r.Shadow.DistanceScale:1.0]]
[2023.01.07-23.48.58:834][  0]LogConfig: Setting CVar [[r.Shadow.CSM.TransitionScale:1.0]]
[2023.01.07-23.48.58:834][  0]LogConfig: Setting CVar [[r.Shadow.PreShadowResolutionFactor:1.0]]
[2023.01.07-23.48.58:834][  0]LogConfig: Setting CVar [[r.DistanceFieldShadowing:1]]
[2023.01.07-23.48.58:834][  0]LogConfig: Setting CVar [[r.DistanceFieldAO:1]]
[2023.01.07-23.48.58:834][  0]LogConfig: Setting CVar [[r.AOQuality:2]]
[2023.01.07-23.48.58:834][  0]LogConfig: Setting CVar [[r.VolumetricFog:1]]
[2023.01.07-23.48.58:834][  0]LogConfig: Setting CVar [[r.VolumetricFog.GridPixelSize:8]]
[2023.01.07-23.48.58:834][  0]LogConfig: Setting CVar [[r.VolumetricFog.GridSizeZ:128]]
[2023.01.07-23.48.58:834][  0]LogConfig: Setting CVar [[r.VolumetricFog.HistoryMissSupersampleCount:4]]
[2023.01.07-23.48.58:834][  0]LogConfig: Setting CVar [[r.LightMaxDrawDistanceScale:1]]
[2023.01.07-23.48.58:834][  0]LogConfig: Setting CVar [[r.CapsuleShadows:1]]
[2023.01.07-23.48.58:834][  0]LogConfig: Applying CVar settings from Section [PostProcessQuality@3] File [C:/Users/r4ndo/Documents/GitHub/Beta-Arcade/BAT9/Saved/Config/Windows/Scalability.ini]
[2023.01.07-23.48.58:834][  0]LogConfig: Setting CVar [[r.MotionBlurQuality:4]]
[2023.01.07-23.48.58:834][  0]LogConfig: Setting CVar [[r.AmbientOcclusionMipLevelFactor:0.4]]
[2023.01.07-23.48.58:834][  0]LogConfig: Setting CVar [[r.AmbientOcclusionMaxQuality:100]]
[2023.01.07-23.48.58:834][  0]LogConfig: Setting CVar [[r.AmbientOcclusionLevels:-1]]
[2023.01.07-23.48.58:834][  0]LogConfig: Setting CVar [[r.AmbientOcclusionRadiusScale:1.0]]
[2023.01.07-23.48.58:834][  0]LogConfig: Setting CVar [[r.DepthOfFieldQuality:2]]
[2023.01.07-23.48.58:834][  0]LogConfig: Setting CVar [[r.RenderTargetPoolMin:400]]
[2023.01.07-23.48.58:834][  0]LogConfig: Setting CVar [[r.LensFlareQuality:2]]
[2023.01.07-23.48.58:834][  0]LogConfig: Setting CVar [[r.SceneColorFringeQuality:1]]
[2023.01.07-23.48.58:834][  0]LogConfig: Setting CVar [[r.EyeAdaptationQuality:2]]
[2023.01.07-23.48.58:834][  0]LogConfig: Setting CVar [[r.BloomQuality:5]]
[2023.01.07-23.48.58:834][  0]LogConfig: Setting CVar [[r.FastBlurThreshold:100]]
[2023.01.07-23.48.58:834][  0]LogConfig: Setting CVar [[r.Upscale.Quality:3]]
[2023.01.07-23.48.58:834][  0]LogConfig: Setting CVar [[r.Tonemapper.GrainQuantization:1]]
[2023.01.07-23.48.58:834][  0]LogConfig: Setting CVar [[r.LightShaftQuality:1]]
[2023.01.07-23.48.58:834][  0]LogConfig: Setting CVar [[r.Filter.SizeScale:1]]
[2023.01.07-23.48.58:834][  0]LogConfig: Setting CVar [[r.Tonemapper.Quality:5]]
[2023.01.07-23.48.58:834][  0]LogConfig: Setting CVar [[r.DOF.Gather.AccumulatorQuality:1        ; higher gathering accumulator quality]]
[2023.01.07-23.48.58:834][  0]LogConfig: Setting CVar [[r.DOF.Gather.PostfilterMethod:1          ; Median3x3 postfilering method]]
[2023.01.07-23.48.58:834][  0]LogConfig: Setting CVar [[r.DOF.Gather.EnableBokehSettings:0       ; no bokeh simulation when gathering]]
[2023.01.07-23.48.58:835][  0]LogConfig: Setting CVar [[r.DOF.Gather.RingCount:4                 ; medium number of samples when gathering]]
[2023.01.07-23.48.58:835][  0]LogConfig: Setting CVar [[r.DOF.Scatter.ForegroundCompositing:1    ; additive foreground scattering]]
[2023.01.07-23.48.58:835][  0]LogConfig: Setting CVar [[r.DOF.Scatter.BackgroundCompositing:2    ; additive background scattering]]
[2023.01.07-23.48.58:835][  0]LogConfig: Setting CVar [[r.DOF.Scatter.EnableBokehSettings:1      ; bokeh simulation when scattering]]
[2023.01.07-23.48.58:835][  0]LogConfig: Setting CVar [[r.DOF.Scatter.MaxSpriteRatio:0.1         ; only a maximum of 10% of scattered bokeh]]
[2023.01.07-23.48.58:835][  0]LogConfig: Setting CVar [[r.DOF.Recombine.Quality:1                ; cheap slight out of focus]]
[2023.01.07-23.48.58:835][  0]LogConfig: Setting CVar [[r.DOF.Recombine.EnableBokehSettings:0    ; no bokeh simulation on slight out of focus]]
[2023.01.07-23.48.58:835][  0]LogConfig: Setting CVar [[r.DOF.TemporalAAQuality:1                ; more stable temporal accumulation]]
[2023.01.07-23.48.58:835][  0]LogConfig: Setting CVar [[r.DOF.Kernel.MaxForegroundRadius:0.025]]
[2023.01.07-23.48.58:835][  0]LogConfig: Setting CVar [[r.DOF.Kernel.MaxBackgroundRadius:0.025]]
[2023.01.07-23.48.58:835][  0]LogConfig: Applying CVar settings from Section [TextureQuality@3] File [C:/Users/r4ndo/Documents/GitHub/Beta-Arcade/BAT9/Saved/Config/Windows/Scalability.ini]
[2023.01.07-23.48.58:835][  0]LogConfig: Setting CVar [[r.Streaming.MipBias:0]]
[2023.01.07-23.48.58:835][  0]LogConfig: Setting CVar [[r.Streaming.AmortizeCPUToGPUCopy:0]]
[2023.01.07-23.48.58:835][  0]LogConfig: Setting CVar [[r.Streaming.MaxNumTexturesToStreamPerFrame:0]]
[2023.01.07-23.48.58:835][  0]LogConfig: Setting CVar [[r.Streaming.Boost:1]]
[2023.01.07-23.48.58:835][  0]LogConfig: Setting CVar [[r.MaxAnisotropy:8]]
[2023.01.07-23.48.58:835][  0]LogConfig: Setting CVar [[r.VT.MaxAnisotropy:8]]
[2023.01.07-23.48.58:835][  0]LogConfig: Setting CVar [[r.Streaming.LimitPoolSizeToVRAM:0]]
[2023.01.07-23.48.58:835][  0]LogConfig: Setting CVar [[r.Streaming.PoolSize:1000]]
[2023.01.07-23.48.58:835][  0]LogConfig: Setting CVar [[r.Streaming.MaxEffectiveScreenSize:0]]
[2023.01.07-23.48.58:835][  0]LogConfig: Applying CVar settings from Section [EffectsQuality@3] File [C:/Users/r4ndo/Documents/GitHub/Beta-Arcade/BAT9/Saved/Config/Windows/Scalability.ini]
[2023.01.07-23.48.58:835][  0]LogConfig: Setting CVar [[r.TranslucencyLightingVolumeDim:64]]
[2023.01.07-23.48.58:835][  0]LogConfig: Setting CVar [[r.RefractionQuality:2]]
[2023.01.07-23.48.58:835][  0]LogConfig: Setting CVar [[r.SSR.Quality:3]]
[2023.01.07-23.48.58:835][  0]LogConfig: Setting CVar [[r.SSR.HalfResSceneColor:0]]
[2023.01.07-23.48.58:835][  0]LogConfig: Setting CVar [[r.SceneColorFormat:4]]
[2023.01.07-23.48.58:835][  0]LogConfig: Setting CVar [[r.DetailMode:2]]
[2023.01.07-23.48.58:835][  0]LogConfig: Setting CVar [[r.TranslucencyVolumeBlur:1]]
[2023.01.07-23.48.58:835][  0]LogConfig: Setting CVar [[r.MaterialQualityLevel:1 ; High quality]]
[2023.01.07-23.48.58:835][  0]LogConfig: Setting CVar [[r.AnisotropicMaterials:1]]
[2023.01.07-23.48.58:835][  0]LogConfig: Setting CVar [[r.SSS.Scale:1]]
[2023.01.07-23.48.58:835][  0]LogConfig: Setting CVar [[r.SSS.SampleSet:2]]
[2023.01.07-23.48.58:835][  0]LogConfig: Setting CVar [[r.SSS.Quality:1]]
[2023.01.07-23.48.58:835][  0]LogConfig: Setting CVar [[r.SSS.HalfRes:0]]
[2023.01.07-23.48.58:835][  0]LogConfig: Setting CVar [[r.SSGI.Quality:3]]
[2023.01.07-23.48.58:835][  0]LogConfig: Setting CVar [[r.EmitterSpawnRateScale:1.0]]
[2023.01.07-23.48.58:835][  0]LogConfig: Setting CVar [[r.ParticleLightQuality:2]]
[2023.01.07-23.48.58:835][  0]LogConfig: Setting CVar [[r.SkyAtmosphere.AerialPerspectiveLUT.FastApplyOnOpaque:1 ; Always have FastSkyLUT 1 in this case to avoid wrong sky]]
[2023.01.07-23.48.58:835][  0]LogConfig: Setting CVar [[r.SkyAtmosphere.AerialPerspectiveLUT.SampleCountMaxPerSlice:4]]
[2023.01.07-23.48.58:835][  0]LogConfig: Setting CVar [[r.SkyAtmosphere.AerialPerspectiveLUT.DepthResolution:16.0]]
[2023.01.07-23.48.58:835][  0]LogConfig: Setting CVar [[r.SkyAtmosphere.FastSkyLUT:1]]
[2023.01.07-23.48.58:835][  0]LogConfig: Setting CVar [[r.SkyAtmosphere.FastSkyLUT.SampleCountMin:4.0]]
[2023.01.07-23.48.58:835][  0]LogConfig: Setting CVar [[r.SkyAtmosphere.FastSkyLUT.SampleCountMax:128.0]]
[2023.01.07-23.48.58:835][  0]LogConfig: Setting CVar [[r.SkyAtmosphere.SampleCountMin:4.0]]
[2023.01.07-23.48.58:835][  0]LogConfig: Setting CVar [[r.SkyAtmosphere.SampleCountMax:128.0]]
[2023.01.07-23.48.58:835][  0]LogConfig: Setting CVar [[r.SkyAtmosphere.TransmittanceLUT.UseSmallFormat:0]]
[2023.01.07-23.48.58:835][  0]LogConfig: Setting CVar [[r.SkyAtmosphere.TransmittanceLUT.SampleCount:10.0]]
[2023.01.07-23.48.58:835][  0]LogConfig: Setting CVar [[r.SkyAtmosphere.MultiScatteringLUT.SampleCount:15.0]]
[2023.01.07-23.48.58:835][  0]LogConfig: Setting CVar [[r.SkyLight.RealTimeReflectionCapture:1]]
[2023.01.07-23.48.58:835][  0]LogConfig: Applying CVar settings from Section [FoliageQuality@3] File [C:/Users/r4ndo/Documents/GitHub/Beta-Arcade/BAT9/Saved/Config/Windows/Scalability.ini]
[2023.01.07-23.48.58:835][  0]LogConfig: Setting CVar [[foliage.DensityScale:1.0]]
[2023.01.07-23.48.58:835][  0]LogConfig: Setting CVar [[grass.DensityScale:1.0]]
[2023.01.07-23.48.58:835][  0]LogConfig: Applying CVar settings from Section [ShadingQuality@3] File [C:/Users/r4ndo/Documents/GitHub/Beta-Arcade/BAT9/Saved/Config/Windows/Scalability.ini]
[2023.01.07-23.48.58:835][  0]LogConfig: Setting CVar [[r.HairStrands.SkyLighting.IntegrationType:2]]
[2023.01.07-23.48.58:835][  0]LogConfig: Setting CVar [[r.HairStrands.SkyAO.SampleCount:4]]
[2023.01.07-23.48.58:835][  0]LogConfig: Setting CVar [[r.HairStrands.Visibility.MSAA.SamplePerPixel:4]]
[2023.01.07-23.48.58:835][  0]LogConfig: Applying CVar settings from Section [Startup] File [../../../Engine/Config/ConsoleVariables.ini]
[2023.01.07-23.48.58:836][  0]LogConfig: Setting CVar [[net.UseAdaptiveNetUpdateFrequency:0]]
[2023.01.07-23.48.58:836][  0]LogConfig: Setting CVar [[p.chaos.AllowCreatePhysxBodies:1]]
[2023.01.07-23.48.58:836][  0]LogConfig: Setting CVar [[fx.SkipVectorVMBackendOptimizations:1]]
[2023.01.07-23.48.58:836][  0]LogConfig: Applying CVar settings from Section [ConsoleVariables] File [C:/Users/r4ndo/Documents/GitHub/Beta-Arcade/BAT9/Saved/Config/Windows/Engine.ini]
[2023.01.07-23.48.58:836][  0]LogConfig: Applying CVar settings from Section [ConsoleVariables] File [C:/Users/r4ndo/Documents/GitHub/Beta-Arcade/BAT9/Saved/Config/Windows/Editor.ini]
[2023.01.07-23.48.58:836][  0]LogInit: Computer: LAPTOP-159QQ16G
[2023.01.07-23.48.58:836][  0]LogInit: User: r4ndo
[2023.01.07-23.48.58:836][  0]LogInit: CPU Page size=4096, Cores=6
[2023.01.07-23.48.58:836][  0]LogInit: High frequency timer resolution =10.000000 MHz
[2023.01.07-23.48.58:836][  0]LogMemory: Memory total: Physical=15.8GB (16GB approx)
[2023.01.07-23.48.58:836][  0]LogMemory: Platform Memory Stats for Windows
[2023.01.07-23.48.58:836][  0]LogMemory: Process Physical Memory: 148.52 MB used, 148.53 MB peak
[2023.01.07-23.48.58:836][  0]LogMemory: Process Virtual Memory: 131.95 MB used, 131.95 MB peak
[2023.01.07-23.48.58:836][  0]LogMemory: Physical Memory: 11366.89 MB used,  4855.86 MB free, 16222.75 MB total
[2023.01.07-23.48.58:836][  0]LogMemory: Virtual Memory: 134212896.00 MB used,  4830.81 MB free, 134217728.00 MB total
[2023.01.07-23.48.58:841][  0]LogWindows: WindowsPlatformFeatures enabled
[2023.01.07-23.48.58:873][  0]LogInit: Physics initialised using underlying interface: PhysX
[2023.01.07-23.48.58:873][  0]LogInit: Using OS detected language (en-GB).
[2023.01.07-23.48.58:873][  0]LogInit: Using OS detected locale (en-GB).
[2023.01.07-23.48.58:878][  0]LogTextLocalizationManager: No specific localization for 'en-GB' exists, so the 'en' localization will be used.
[2023.01.07-23.48.59:054][  0]LogWindowsTextInputMethodSystem: Display: IME system deactivated.
[2023.01.07-23.48.59:080][  0]LogSlate: New Slate User Created.  User Index 0, Is Virtual User: 0
[2023.01.07-23.48.59:080][  0]LogSlate: Slate User Registered.  User Index 0, Is Virtual User: 0
[2023.01.07-23.48.59:093][  0]LogD3D11RHI: Loaded GFSDK_Aftermath_Lib.x64.dll
[2023.01.07-23.48.59:095][  0]LogHMD: Failed to initialize OpenVR with code 110
[2023.01.07-23.48.59:095][  0]LogD3D11RHI: D3D11 min allowed feature level: 11_0
[2023.01.07-23.48.59:095][  0]LogD3D11RHI: D3D11 max allowed feature level: 11_0
[2023.01.07-23.48.59:095][  0]LogD3D11RHI: D3D11 adapters:
[2023.01.07-23.48.59:185][  0]LogD3D11RHI:    0. 'NVIDIA GeForce RTX 2060' (Feature Level 11_0)
[2023.01.07-23.48.59:185][  0]LogD3D11RHI:       5980/0/8111 MB DedicatedVideo/DedicatedSystem/SharedSystem, Outputs:1, VendorId:0x10de
[2023.01.07-23.48.59:187][  0]LogD3D11RHI:    1. 'Microsoft Basic Render Driver' (Feature Level 11_0)
[2023.01.07-23.48.59:187][  0]LogD3D11RHI:       0/0/8111 MB DedicatedVideo/DedicatedSystem/SharedSystem, Outputs:0, VendorId:0x1414
[2023.01.07-23.48.59:187][  0]LogD3D11RHI: Chosen D3D11 Adapter:
[2023.01.07-23.48.59:187][  0]LogD3D11RHI:     Description : NVIDIA GeForce RTX 2060
[2023.01.07-23.48.59:187][  0]LogD3D11RHI:     VendorId    : 10de
[2023.01.07-23.48.59:187][  0]LogD3D11RHI:     DeviceId    : 1f15
[2023.01.07-23.48.59:187][  0]LogD3D11RHI:     SubSysId    : 8746103c
[2023.01.07-23.48.59:187][  0]LogD3D11RHI:     Revision    : 00a1
[2023.01.07-23.48.59:187][  0]LogD3D11RHI:     DedicatedVideoMemory : 6270484480 bytes
[2023.01.07-23.48.59:187][  0]LogD3D11RHI:     DedicatedSystemMemory : 0 bytes
[2023.01.07-23.48.59:187][  0]LogD3D11RHI:     SharedSystemMemory : 8505391104 bytes
[2023.01.07-23.48.59:187][  0]LogD3D11RHI:     AdapterLuid : 0 66751
[2023.01.07-23.48.59:193][  0]LogD3D11RHI: Creating new Direct3DDevice
[2023.01.07-23.48.59:193][  0]LogD3D11RHI:     GPU DeviceId: 0x1f15 (for the marketing name, search the web for "GPU Device Id")
[2023.01.07-23.48.59:193][  0]LogWindows: EnumDisplayDevices:
[2023.01.07-23.48.59:193][  0]LogWindows:    0. 'NVIDIA GeForce RTX 2060' (P:1 D:1)
[2023.01.07-23.48.59:193][  0]LogWindows:    1. 'NVIDIA GeForce RTX 2060' (P:0 D:0)
[2023.01.07-23.48.59:193][  0]LogWindows:    2. 'NVIDIA GeForce RTX 2060' (P:0 D:0)
[2023.01.07-23.48.59:194][  0]LogWindows:    3. 'NVIDIA GeForce RTX 2060' (P:0 D:0)
[2023.01.07-23.48.59:194][  0]LogWindows: DebugString: FoundDriverCount:4 
[2023.01.07-23.48.59:194][  0]LogD3D11RHI:     Adapter Name: NVIDIA GeForce RTX 2060
[2023.01.07-23.48.59:194][  0]LogD3D11RHI:   Driver Version: 512.78 (internal:30.0.15.1278, unified:512.78)
[2023.01.07-23.48.59:194][  0]LogD3D11RHI:      Driver Date: 5-5-2022
[2023.01.07-23.48.59:194][  0]LogRHI: Texture pool is 4186 MB (70% of 5980 MB)
[2023.01.07-23.48.59:194][  0]LogD3D11RHI: Creating D3DDevice using adapter:
[2023.01.07-23.48.59:194][  0]LogD3D11RHI:     Description : NVIDIA GeForce RTX 2060
[2023.01.07-23.48.59:194][  0]LogD3D11RHI:     VendorId    : 10de
[2023.01.07-23.48.59:194][  0]LogD3D11RHI:     DeviceId    : 1f15
[2023.01.07-23.48.59:194][  0]LogD3D11RHI:     SubSysId    : 8746103c
[2023.01.07-23.48.59:194][  0]LogD3D11RHI:     Revision    : 00a1
[2023.01.07-23.48.59:194][  0]LogD3D11RHI:     DedicatedVideoMemory : 6270484480 bytes
[2023.01.07-23.48.59:194][  0]LogD3D11RHI:     DedicatedSystemMemory : 0 bytes
[2023.01.07-23.48.59:194][  0]LogD3D11RHI:     SharedSystemMemory : 8505391104 bytes
[2023.01.07-23.48.59:194][  0]LogD3D11RHI:     AdapterLuid : 0 66751
[2023.01.07-23.48.59:249][  0]LogD3D11RHI: RHI has support for 64 bit atomics
[2023.01.07-23.48.59:249][  0]LogD3D11RHI: Async texture creation enabled
[2023.01.07-23.48.59:249][  0]LogD3D11RHI: Array index from any shader is supported
[2023.01.07-23.48.59:268][  0]LogD3D11RHI: GPU Timing Frequency: 1000.000000 (Debug: 2 2)
[2023.01.07-23.48.59:300][  0]LogRHI: GeForceNow SDK initialized: 1
[2023.01.07-23.48.59:556][  0]LogTargetPlatformManager: Display: Loaded TargetPlatform 'WindowsNoEditor'
[2023.01.07-23.48.59:559][  0]LogTargetPlatformManager: Display: Loaded TargetPlatform 'Windows'
[2023.01.07-23.48.59:562][  0]LogTargetPlatformManager: Display: Loaded TargetPlatform 'WindowsClient'
[2023.01.07-23.48.59:567][  0]LogTargetPlatformManager: Display: Loaded TargetPlatform 'WindowsServer'
[2023.01.07-23.48.59:567][  0]LogTargetPlatformManager: Display: Building Assets For Windows
[2023.01.07-23.48.59:572][  0]LogAudioDebug: Display: Lib vorbis DLL was dynamically loaded.
[2023.01.07-23.48.59:598][  0]LogTextureFormatOodle: Display: Oodle Texture 2.9.0 init RDO Off
[2023.01.07-23.48.59:623][  0]LogRendererCore: Ray tracing is disabled. Reason: r.RayTracing=0.
[2023.01.07-23.48.59:623][  0]LogShaderCompilers: Guid format shader working directory is -18 characters bigger than the processId version (../../../../../../Users/r4ndo/Documents/GitHub/Beta-Arcade/BAT9/Intermediate/Shaders/WorkingDirectory/17792/).
[2023.01.07-23.48.59:623][  0]LogShaderCompilers: Cleaned the shader compiler working directory 'C:/Users/r4ndo/AppData/Local/Temp/UnrealShaderWorkingDir/670A1B244952F0F46A4405B2485DB8FA/'.
[2023.01.07-23.48.59:623][  0]LogXGEController: Cannot use XGE Controller as Incredibuild is not installed on this machine.
[2023.01.07-23.48.59:623][  0]LogShaderCompilers: Cannot use XGE Shader Compiler as Incredibuild is not installed on this machine.
[2023.01.07-23.48.59:623][  0]LogShaderCompilers: Display: Using Local Shader Compiler.
[2023.01.07-23.49.00:313][  0]LogDerivedDataCache: Display: Max Cache Size: 512 MB
[2023.01.07-23.49.00:362][  0]LogDerivedDataCache: Loaded boot cache 0.05s 94MB C:/Users/r4ndo/AppData/Local/UnrealEngine/4.27/DerivedDataCache/Boot.ddc.
[2023.01.07-23.49.00:363][  0]LogDerivedDataCache: Display: Loaded Boot cache: C:/Users/r4ndo/AppData/Local/UnrealEngine/4.27/DerivedDataCache/Boot.ddc
[2023.01.07-23.49.00:363][  0]LogDerivedDataCache: FDerivedDataBackendGraph:  Pak pak cache file ../../../../../../Users/r4ndo/Documents/GitHub/Beta-Arcade/BAT9/DerivedDataCache/DDC.ddp not found, will not use a pak cache.
[2023.01.07-23.49.00:363][  0]LogDerivedDataCache: Unable to find inner node Pak for hierarchical cache Hierarchy.
[2023.01.07-23.49.00:363][  0]LogDerivedDataCache: FDerivedDataBackendGraph:  CompressedPak pak cache file ../../../../../../Users/r4ndo/Documents/GitHub/Beta-Arcade/BAT9/DerivedDataCache/Compressed.ddp not found, will not use a pak cache.
[2023.01.07-23.49.00:363][  0]LogDerivedDataCache: Unable to find inner node CompressedPak for hierarchical cache Hierarchy.
[2023.01.07-23.49.00:377][  0]LogDerivedDataCache: Display: Pak cache opened for reading ../../../Engine/DerivedDataCache/Compressed.ddp.
[2023.01.07-23.49.00:377][  0]LogDerivedDataCache: FDerivedDataBackendGraph:  EnterprisePak pak cache file ../../../Enterprise/DerivedDataCache/Compressed.ddp not found, will not use a pak cache.
[2023.01.07-23.49.00:377][  0]LogDerivedDataCache: Unable to find inner node EnterprisePak for hierarchical cache Hierarchy.
[2023.01.07-23.49.00:386][  0]LogDerivedDataCache: Speed tests for C:/Users/r4ndo/AppData/Local/UnrealEngine/Common/DerivedDataCache took 0.01 seconds
[2023.01.07-23.49.00:386][  0]LogDerivedDataCache: Display: Performance to C:/Users/r4ndo/AppData/Local/UnrealEngine/Common/DerivedDataCache: Latency=0.03ms. RandomReadSpeed=297.92MBs, RandomWriteSpeed=170.67MBs. Assigned SpeedClass 'Local'
[2023.01.07-23.49.00:387][  0]LogDerivedDataCache: Using Local data cache path C:/Users/r4ndo/AppData/Local/UnrealEngine/Common/DerivedDataCache: Writable
[2023.01.07-23.49.00:387][  0]LogDerivedDataCache: Shared data cache path not found in *engine.ini, will not use an Shared cache.
[2023.01.07-23.49.00:387][  0]LogDerivedDataCache: Unable to find inner node Shared for hierarchical cache Hierarchy.
[2023.01.07-23.49.00:419][  0]LogSlate: Using FreeType 2.10.0
[2023.01.07-23.49.00:419][  0]LogSlate: SlateFontServices - WITH_FREETYPE: 1, WITH_HARFBUZZ: 1
[2023.01.07-23.49.00:487][  0]LogInit: Using OS detected language (en-GB).
[2023.01.07-23.49.00:487][  0]LogInit: Using OS detected locale (en-GB).
[2023.01.07-23.49.00:487][  0]LogTextLocalizationManager: No localization for 'en-GB' exists, so 'en' will be used for the language.
[2023.01.07-23.49.00:487][  0]LogTextLocalizationManager: No localization for 'en-GB' exists, so 'en' will be used for the locale.
[2023.01.07-23.49.00:488][  0]LogSlate: FontCache flush requested. Reason: Culture for localization was changed
[2023.01.07-23.49.00:488][  0]LogSlate: FontCache flush requested. Reason: Culture for localization was changed
[2023.01.07-23.49.00:491][  0]LogTextLocalizationManager: Compacting localization data took   0.00ms
[2023.01.07-23.49.00:491][  0]LogAssetRegistry: FAssetRegistry took 0.0024 seconds to start up
[2023.01.07-23.49.00:627][  0]LogPackageLocalizationCache: Processed 27 localized package path(s) for 1 prioritized culture(s) in 0.001205 seconds
[2023.01.07-23.49.00:686][  0]LogInit: Selected Device Profile: [Windows]
[2023.01.07-23.49.00:686][  0]LogInit: Active device profile: [00000229E2127900][00000229D86BAE40 49] Windows
[2023.01.07-23.49.00:686][  0]LogInit: Profiles: [00000229E2127900][00000229D86BAE40 49] Windows, [00000229E20F0800][00000229D7AE8FC0 49] WindowsNoEditor, [00000229E2124800][00000229D7AED140 49] WindowsServer, [00000229E20F2E00][00000229D7AF12C0 49] WindowsClient, [00000229E2126D00][00000229D7AF5440 49] IOS, [00000229E20F3400][00000229D7AF95C0 49] iPadAir, [00000229E2127300][00000229D7AE5700 49] iPadAir2, [00000229E209B800][00000229D7B01940 49] IPadPro, [00000229E209B900][00000229D7AFD980 49] iPadAir3, [00000229E2126F00][00000229D7B05AC0 49] iPadAir4, [00000229E2098D00][00000229D7B0C0C0 49] iPadMini2, [00000229E2126700][00000229D7B10240 49] iPadMini3, [00000229E209A800][00000229D83D23C0 49] iPadMini4, [00000229E2126900][00000229D83D6540 49] iPadMini5, [00000229E20E3100][00000229D83DE800 49] iPhone6, [00000229E20E3200][00000229D83DA840 49] iPodTouch6, [00000229E209A000][00000229D83E6B00 49] iPhone7, [00000229E209A100][00000229D83E2B40 49] iPodTouch7, [00000229E20E0C00][00000229D83EACC0 49] iPhone5S, [00000229E209BB00][00000229D83EEE40 49] iPhone6Plus, [00000229E20E2900][00000229D83F2FC0 49] iPhone6S, [00000229E209AC00][00000229D83F7140 49] iPhone6SPlus, [00000229E20E2F00][00000229D83FB2C0 49] iPhone7Plus, [00000229E2098800][00000229D83FF440 49] iPhoneSE, [00000229E20E2200][00000229D84035C0 49] iPhone8, [00000229E209A900][00000229D8407740 49] iPhone8Plus, [00000229E20E3500][00000229D840B8C0 49] iPhoneX, [00000229E2099A00][00000229D7B09A00 49] iPhoneXS, [00000229E20E0800][00000229D8599B40 49] iPhoneXSMax, [00000229E209B000][00000229D859C100 49] iPhoneXR, [00000229E20E2A00][00000229D85A4280 49] iPhone11, [00000229E2098900][00000229D85A8400 49] iPhone11Pro, [00000229E20E0200][00000229D85AC580 49] iPhone11ProMax, [00000229E2099D00][00000229D85B0700 49] iPhoneSE2, [00000229E20E2600][00000229D85B4880 49] iPhone12Mini, [00000229E209BF00][00000229D85B8A00 49] iPhone12, [00000229E20E0F00][00000229D85BCB80 49] iPhone12Pro, [00000229E2099100][00000229D85C0D00 49] iPhone12ProMax, [00000229E20E0D00][00000229D85C4E80 49] iPadPro105, [00000229E2098C00][00000229D85C9000 49] iPadPro129, [00000229E20E2C00][00000229D85CD180 49] iPadPro97, [00000229E209A200][00000229D85D1300 49] iPadPro2_129, [00000229E20E1000][00000229D85D5480 49] iPad5, [00000229E2099C00][00000229D85D9600 49] iPad6, [00000229E20E2B00][00000229D85DD780 49] iPad7, [00000229E2098500][00000229D85E1900 49] iPad8, [00000229E20E3600][00000229D7DBFA80 49] iPadPro11, [00000229E2098700][00000229D85A1BC0 49] iPadPro2_11, [00000229E20E1A00][00000229D7DC2180 49] iPadPro3_129, [00000229E209BA00][00000229D7DC62C0 49] iPadPro4_129, [00000229E20E1700][00000229D7DCE440 49] AppleTV, [00000229E2099E00][00000229D7DD25C0 49] AppleTV4K, [00000229E20E1800][00000229D7DD6740 49] TVOS, [00000229E2099900][00000229D7DDA8C0 49] Mac, [00000229E20E0600][00000229D7DDEA40 49] MacClient, [00000229E2099000][00000229D7DE2BC0 49] MacNoEditor, [00000229E20F0D00][00000229D7DE6D40 49] MacServer, [00000229E2169200][00000229D7DEAEC0 49] Linux, [00000229E20F0C00][00000229D7DEF040 49] LinuxAArch64, [00000229E2169C00][00000229D7DF31C0 49] LinuxNoEditor, [00000229E20F2000][00000229D7DF7340 49] LinuxAArch64NoEditor, [00000229E2169800][00000229D7DFB4C0 49] LinuxClient, [00000229E20F1700][00000229D7DFF640 49] LinuxAArch64Client, [00000229E2169B00][00000229D7E037C0 49] LinuxServer, [00000229E20F2800][00000229D7E07940 49] LinuxAArch64Server, [00000229E2169500][00000229D7E0BAC0 49] Android, [00000229E20F2A00][00000229D7E0E0C0 49] Android_Low, [00000229E2169E00][00000229D7DCA200 49] Android_Mid, [00000229E20F3B00][00000229D7E12340 49] Android_High, [00000229E2168E00][00000229D7E16480 49] Android_Default, [00000229E20F0400][00000229D7E1A5C0 49] Android_Adreno4xx, [00000229E2169A00][00000229D7E22740 49] Android_Adreno5xx_Low, [00000229E20F3000][00000229D7E268C0 49] Android_Adreno5xx, [00000229E216A000][00000229D7E2AA40 49] Android_Adreno6xx, [00000229E20F3600][00000229D7E2EBC0 49] Android_Adreno6xx_Vulkan, [00000229E216B000][00000229D7E32D40 49] Android_Mali_T6xx, [00000229E20F0500][00000229D7E36EC0 49] Android_Mali_T7xx, [00000229E2169F00][00000229D7E3B040 49] Android_Mali_T8xx, [00000229E20F2D00][00000229D7E3F1C0 49] Android_Mali_G71, [00000229E216AD00][00000229D7E43340 49] Android_Mali_G72, [00000229E2099200][00000229D7E474C0 49] Android_Mali_G72_Vulkan, [00000229E216A100][00000229D7E4B640 49] Android_Mali_G76, [00000229E209A700][00000229D7E4F7C0 49] Android_Mali_G76_Vulkan, [00000229E216A800][00000229D7E53940 49] Android_Mali_G77, [00000229E2098E00][00000229D7E57AC0 49] Android_Mali_G77_Vulkan, [00000229E2168D00][00000229D7E5A0C0 49] Android_Mali_G78, [00000229E209BE00][00000229D7E5E240 49] Android_Mali_G78_Vulkan, [00000229E216A300][00000229D7E1E380 49] Android_Mali_G710, [00000229E209B500][00000229D7E624C0 49] Android_Mali_G710_Vulkan, [00000229E216A900][00000229D7E66600 49] Android_Vulkan_SM5, [00000229E2098100][00000229D7E6A740 49] Android_PowerVR_G6xxx, [00000229E2169700][00000229D7E728C0 49] Android_PowerVR_GT7xxx, [00000229E2098F00][00000229D7E76A40 49] Android_PowerVR_GE8xxx, [00000229E2168500][00000229D7E7ABC0 49] Android_PowerVR_GM9xxx, [00000229E209B400][00000229D7E7ED40 49] Android_PowerVR_GM9xxx_Vulkan, [00000229E216A500][00000229D7E82EC0 49] Android_TegraK1, [00000229E2099300][00000229D7E87040 49] Android_Unknown_Vulkan, [00000229E2168300][00000229D7E8B1C0 49] Lumin, [00000229E209B700][00000229D7E8F340 49] Lumin_Desktop, [00000229E2169100][00000229D7E934C0 49] HoloLens, 
[2023.01.07-23.49.00:717][  0]LogMeshReduction: Using QuadricMeshReduction for automatic static mesh reduction
[2023.01.07-23.49.00:717][  0]LogMeshReduction: Using SimplygonMeshReduction for automatic skeletal mesh reduction
[2023.01.07-23.49.00:717][  0]LogMeshReduction: Using ProxyLODMeshReduction for automatic mesh merging
[2023.01.07-23.49.00:717][  0]LogMeshReduction: No distributed automatic mesh merging module available
[2023.01.07-23.49.00:717][  0]LogMeshMerging: No distributed automatic mesh merging module available
[2023.01.07-23.49.00:808][  0]LogNetVersion: BAT9 1.0.0, NetCL: 17155196, EngineNetVer: 17, GameNetVer: 0 (Checksum: 2784987450)
[2023.01.07-23.49.01:006][  0]LogTexture: Default maximum texture size for cubemaps generated from long-lat sources has been changed from 512 to unlimited. In order to preserve old behaiour for '/Engine/MapTemplates/Sky/DaylightAmbientCubemap.DaylightAmbientCubemap', its maximum texture size has been explicitly set to 512.
[2023.01.07-23.49.01:052][  0]LogHMD: PokeAHoleMaterial loaded successfully
[2023.01.07-23.49.01:134][  0]LogMoviePlayer: Initializing movie player
[2023.01.07-23.49.01:226][  0]LogNiagaraDebuggerClient: Niagara Debugger Client Initialized | Session: 5389F03A44E4848FBE0363B08C26EC26 | Instance: 8D42CFC1427A03A03ACD1BA3DB2530D1 (LAPTOP-159QQ16G-17792).
[2023.01.07-23.49.01:242][  0]LogCollectionManager: Loaded 0 collections in 0.001860 seconds
[2023.01.07-23.49.01:244][  0]LogFileCache: Scanning file cache for directory 'C:/Users/r4ndo/Documents/GitHub/Beta-Arcade/BAT9/Saved/Collections/' took 0.00s
[2023.01.07-23.49.01:244][  0]LogFileCache: Scanning file cache for directory 'C:/Users/r4ndo/Documents/GitHub/Beta-Arcade/BAT9/Content/Developers/r4ndo/Collections/' took 0.00s
[2023.01.07-23.49.01:244][  0]LogFileCache: Scanning file cache for directory 'C:/Users/r4ndo/Documents/GitHub/Beta-Arcade/BAT9/Content/Collections/' took 0.00s
[2023.01.07-23.49.01:244][  0]LogCollectionManager: Fixed up redirectors for 0 collections in 0.000001 seconds (updated 0 objects)
[2023.01.07-23.49.01:260][  0]LogTcpMessaging: Initializing TcpMessaging bridge
[2023.01.07-23.49.01:263][  0]LogUdpMessaging: Initializing bridge on interface 0.0.0.0:0 to multicast group 230.0.0.1:6666.
[2023.01.07-23.49.01:272][  0]LogPython: Using Python 3.7.7
[2023.01.07-23.49.01:818][  0]SourceControl: Source control is disabled
[2023.01.07-23.49.01:818][  0]SourceControl: Source control is disabled
[2023.01.07-23.49.01:820][  0]SourceControl: Source control is disabled
[2023.01.07-23.49.01:822][  0]LogUProjectInfo: Found projects:
[2023.01.07-23.49.01:900][  0]LogOpenImageDenoise: OIDN starting up
[2023.01.07-23.49.01:915][  0]LogAndroidPermission: UAndroidPermissionCallbackProxy::GetInstance
[2023.01.07-23.49.01:932][  0]LogAudioCaptureCore: Display: No Audio Capture implementations found. Audio input will be silent.
[2023.01.07-23.49.01:932][  0]LogAudioCaptureCore: Display: No Audio Capture implementations found. Audio input will be silent.
[2023.01.07-23.49.01:989][  0]LogOcInput: OculusInput pre-init called
[2023.01.07-23.49.01:997][  0]LogUObjectArray: 22167 objects as part of root set at end of initial load.
[2023.01.07-23.49.01:997][  0]LogUObjectAllocator: 5995280 out of 0 bytes used by permanent object pool.
[2023.01.07-23.49.01:997][  0]LogUObjectArray: CloseDisregardForGC: 0/0 objects in disregard for GC pool
[2023.01.07-23.49.02:037][  0]LogEngine: Initializing Engine...
[2023.01.07-23.49.02:039][  0]LogHMD: Failed to enumerate extensions. Please check that you have a valid OpenXR runtime installed.
[2023.01.07-23.49.02:039][  0]LogHMD: Failed to initialize OpenVR with code 110
[2023.01.07-23.49.02:039][  0]LogMagicLeap: Warning: VR disabled because ZI is not enabled.  To enable, in the editor, Edit -> Project Settings -> Plugins -> Magic Leap Plugin -> Enable Zero Iteration
[2023.01.07-23.49.02:040][  0]LogStats: UGameplayTagsManager::InitializeManager -  0.000 s
[2023.01.07-23.49.02:133][  0]LogInit: Initializing FReadOnlyCVARCache
[2023.01.07-23.49.02:133][  0]LogAudio: Display: Initializing Audio Device Manager...
[2023.01.07-23.49.02:136][  0]LogAudio: Display: Loading Default Audio Settings Objects...
[2023.01.07-23.49.02:137][  0]LogAudio: Display: No default SoundConcurrencyObject specified (or failed to load).
[2023.01.07-23.49.02:137][  0]LogAudio: Display: Audio Device Manager Initialized
[2023.01.07-23.49.02:137][  0]LogAudio: Display: Creating Audio Device:                 Id: 1, Scope: Shared, Realtime: True
[2023.01.07-23.49.02:137][  0]LogAudioMixer: Display: Audio Mixer Platform Settings:
[2023.01.07-23.49.02:137][  0]LogAudioMixer: Display: 	Sample Rate:						  48000
[2023.01.07-23.49.02:137][  0]LogAudioMixer: Display: 	Callback Buffer Frame Size Requested: 1024
[2023.01.07-23.49.02:137][  0]LogAudioMixer: Display: 	Callback Buffer Frame Size To Use:	  1024
[2023.01.07-23.49.02:137][  0]LogAudioMixer: Display: 	Number of buffers to queue:			  2
[2023.01.07-23.49.02:137][  0]LogAudioMixer: Display: 	Max Channels (voices):				  32
[2023.01.07-23.49.02:137][  0]LogAudioMixer: Display: 	Number of Async Source Workers:		  0
[2023.01.07-23.49.02:137][  0]LogAudio: Display: AudioDevice MaxSources: 32
[2023.01.07-23.49.02:138][  0]LogAudio: Display: Audio Spatialization Plugin: None (built-in).
[2023.01.07-23.49.02:138][  0]LogAudio: Display: Audio Reverb Plugin: None (built-in).
[2023.01.07-23.49.02:138][  0]LogAudio: Display: Audio Occlusion Plugin: None (built-in).
[2023.01.07-23.49.02:138][  0]LogAudioMixer: Display: Initializing audio mixer.
[2023.01.07-23.49.02:157][  0]LogAudioMixer: Display: 0: FrontLeft
[2023.01.07-23.49.02:157][  0]LogAudioMixer: Display: 1: FrontRight
[2023.01.07-23.49.02:169][  0]LogAudioMixer: Display: Using Audio Device Headset Earphone (3- CORSAIR HS70 Pro Wireless Gaming Headset)
[2023.01.07-23.49.02:175][  0]LogAudioMixer: Display: Initializing Sound Submixes...
[2023.01.07-23.49.02:176][  0]LogAudioMixer: Display: Creating Master Submix 'MasterSubmixDefault'
[2023.01.07-23.49.02:176][  0]LogAudioMixer: Display: Creating Master Submix 'MasterReverbSubmixDefault'
[2023.01.07-23.49.02:177][  0]LogAudioMixer: Display: Creating Master Submix 'MasterEQSubmixDefault'
[2023.01.07-23.49.02:177][  0]LogAudioMixer: FMixerPlatformXAudio2::StartAudioStream() called
[2023.01.07-23.49.02:177][  0]LogAudioMixer: Display: Output buffers initialized: Frames=1024, Channels=2, Samples=2048
[2023.01.07-23.49.02:178][  0]LogAudioMixer: Display: Starting AudioMixerPlatformInterface::RunInternal()
[2023.01.07-23.49.02:178][  0]LogAudioMixer: Display: FMixerPlatformXAudio2::SubmitBuffer() called for the first time
[2023.01.07-23.49.02:178][  0]LogInit: FAudioDevice initialized.
[2023.01.07-23.49.02:179][  0]LogNetVersion: Set ProjectVersion to 1.0.0.0. Version Checksum will be recalculated on next use.
[2023.01.07-23.49.02:181][  0]LogInit: Texture streaming: Enabled
[2023.01.07-23.49.02:236][  0]LogAudio: Display: Audio Device (ID: 1) registered with world 'Untitled'.
[2023.01.07-23.49.02:236][  0]LogSlate: Updating window title bar state: overlay mode, drag disabled, window buttons hidden, title bar hidden
[2023.01.07-23.49.02:236][  0]LogInit: Display: Game Engine Initialized.
[2023.01.07-23.49.02:237][  0]LogNiagaraEditor: GEditor isn't valid! Particle reset commands will not work for Niagara components!
[2023.01.07-23.49.02:330][  0]LogInit: Display: Starting Game.
[2023.01.07-23.49.02:330][  0]LogNet: Browse: /Game/Programming/Programming_Sandbox?Name=Player
[2023.01.07-23.49.02:330][  0]LogLoad: LoadMap: /Game/Programming/Programming_Sandbox?Name=Player
[2023.01.07-23.49.02:330][  0]LogWorld: BeginTearingDown for /Temp/Untitled_0
[2023.01.07-23.49.02:331][  0]LogWorld: UWorld::CleanupWorld for Untitled, bSessionEnded=true, bCleanupResources=true
[2023.01.07-23.49.02:332][  0]LogSlate: InvalidateAllWidgets triggered.  All widgets were invalidated
[2023.01.07-23.49.02:335][  0]LogAudio: Display: Audio Device unregistered from world 'None'.
[2023.01.07-23.49.02:336][  0]LogUObjectHash: Compacting FUObjectHashTables data took   0.64ms
[2023.01.07-23.49.02:954][  0]LogAudio: Display: Audio Device (ID: 1) registered with world 'Programming_Sandbox'.
[2023.01.07-23.49.02:961][  0]LogAIModule: Creating AISystem for world Programming_Sandbox
[2023.01.07-23.49.02:962][  0]LogLoad: Game class is 'TopDownGameMode_C'
[2023.01.07-23.49.02:964][  0]LogWorld: Bringing World /Game/Programming/Programming_Sandbox.Programming_Sandbox up for play (max tick rate 0) at 2023.01.07-23.49.02
[2023.01.07-23.49.02:964][  0]LogWorld: Bringing up level for play took: 0.002070
[2023.01.07-23.49.02:967][  0]LogBlueprintUserMessages: [TopDownGameMode_C_0] Processing Player: 0
[2023.01.07-23.49.02:967][  0]LogPlayerManagement: Error: Failed to Create Player: A local player already exists for controller ID 0,
[2023.01.07-23.49.02:969][  0]LogBlueprintUserMessages: [TopDownGameMode_C_0] Player: 0 Added to Array
[2023.01.07-23.49.02:969][  0]LogBlueprintUserMessages: [TopDownGameMode_C_0] Player ID: 0 Added
[2023.01.07-23.49.02:969][  0]LogBlueprintUserMessages: [Mutiplayer_Controller_3] Number of Players: 1
[2023.01.07-23.49.02:969][  0]LogBlueprintUserMessages: [Mutiplayer_Controller_3] Camera setup
[2023.01.07-23.49.02:969][  0]LogLoad: Took 0.639287 seconds to LoadMap(/Game/Programming/Programming_Sandbox)
[2023.01.07-23.49.02:990][  0]LogSlate: Took 0.000170 seconds to synchronously load lazily loaded font '../../../Engine/Content/Slate/Fonts/Roboto-Regular.ttf' (155K)
[2023.01.07-23.49.03:009][  0]LogRenderer: Reallocating scene render targets to support 1280x720 Format 10 NumSamples 1 (Frame:1).
[2023.01.07-23.49.03:009][  0]LogInit: Display: Engine is initialized. Leaving FEngineLoop::Init()
[2023.01.07-23.49.03:009][  0]LogLoad: (Engine Initialization) Total time: 5.25 seconds
[2023.01.07-23.49.03:009][  0]LogLoad: (Engine Initialization) Total Blueprint compile time: 0.00 seconds
[2023.01.07-23.49.03:014][  0]LogContentStreaming: Texture pool size now 1000 MB
[2023.01.07-23.49.03:016][  0]LogSlate: InvalidateAllWidgets triggered.  All widgets were invalidated
[2023.01.07-23.49.03:163][  0]LogRenderer: Reallocating scene render targets to support 128x128 Format 10 NumSamples 1 (Frame:1).
[2023.01.07-23.49.03:205][  0]LogRenderer: Reallocating scene render targets to support 1280x720 Format 10 NumSamples 1 (Frame:2).
[2023.01.07-23.49.03:216][  1]LogSlate: Took 0.000114 seconds to synchronously load lazily loaded font '../../../Engine/Content/Slate/Fonts/Roboto-Regular.ttf' (155K)
[2023.01.07-23.49.10:738][139]LogRenderer: Reallocating scene render targets to support 1476x844 Format 10 NumSamples 1 (Frame:2141).
[2023.01.07-23.49.22:658][ 93]LogSlate: Window 'BAT9 (64-bit Development PCD3D_SM5) ' being destroyed
[2023.01.07-23.49.22:658][ 93]LogWindowsTextInputMethodSystem: Display: IME system deactivated.
[2023.01.07-23.49.22:661][ 93]LogWindowsTextInputMethodSystem: Display: IME system deactivated.
[2023.01.07-23.49.22:663][ 93]LogSlate: Updating window title bar state: overlay mode, drag disabled, window buttons hidden, title bar hidden
[2023.01.07-23.49.22:663][ 93]LogEngine: All Windows Closed
[2023.01.07-23.49.22:663][ 93]LogWindows: FPlatformMisc::RequestExit(0)
[2023.01.07-23.49.22:663][ 93]LogWindows: FPlatformMisc::RequestExitWithStatus(0, 0)
[2023.01.07-23.49.22:663][ 93]LogCore: Engine exit requested (reason: Win RequestExit)
[2023.01.07-23.49.22:663][ 94]LogCore: Engine exit requested (reason: EngineExit() was called; note: exit was already requested)
[2023.01.07-23.49.22:663][ 94]LogInit: Display: PreExit Game.
[2023.01.07-23.49.22:663][ 94]LogWorld: BeginTearingDown for /Game/Programming/Programming_Sandbox
[2023.01.07-23.49.22:663][ 94]LogWorld: UWorld::CleanupWorld for Programming_Sandbox, bSessionEnded=true, bCleanupResources=true
[2023.01.07-23.49.22:664][ 94]LogSlate: InvalidateAllWidgets triggered.  All widgets were invalidated
[2023.01.07-23.49.23:052][ 94]LogAudio: Display: Beginning Audio Device Manager Shutdown (Module: AudioMixerXAudio2)...
[2023.01.07-23.49.23:052][ 94]LogAudio: Display: Destroying 1 Remaining Audio Device(s)...
[2023.01.07-23.49.23:052][ 94]LogAudio: Display: Audio Device unregistered from world 'Programming_Sandbox'.
[2023.01.07-23.49.23:081][ 94]LogAudioMixer: FMixerPlatformXAudio2::StopAudioStream() called
[2023.01.07-23.49.23:081][ 94]LogAudioMixer: FMixerPlatformXAudio2::StopAudioStream() called
[2023.01.07-23.49.23:083][ 94]LogAudio: Display: Audio Device Manager Shutdown
[2023.01.07-23.49.23:085][ 94]LogExit: Preparing to exit.
[2023.01.07-23.49.23:094][ 94]LogSlate: Updating window title bar state: overlay mode, drag disabled, window buttons hidden, title bar hidden
[2023.01.07-23.49.23:098][ 94]LogUObjectHash: Compacting FUObjectHashTables data took   0.80ms
[2023.01.07-23.49.23:277][ 94]LogMoviePlayer: Shutting down movie player
[2023.01.07-23.49.23:403][ 94]LogDemo: Cleaned up 0 splitscreen connections with owner deletion
[2023.01.07-23.49.23:404][ 94]LogExit: Game engine shut down
[2023.01.07-23.49.23:436][ 94]LogExit: Object subsystem successfully closed.
[2023.01.07-23.49.23:445][ 94]LogShaderCompilers: Display: === FShaderJobCache stats ===
[2023.01.07-23.49.23:445][ 94]LogShaderCompilers: Display: Total job queries 0, among them cache hits 0 (0.00%)
[2023.01.07-23.49.23:445][ 94]LogShaderCompilers: Display: Tracking 0 distinct input hashes that result in 0 distinct outputs (0.00%)
[2023.01.07-23.49.23:445][ 94]LogShaderCompilers: Display: RAM used: 0.00 MB (0.00 GB) of 819.20 MB (0.80 GB) budget. Usage: 0.00%
[2023.01.07-23.49.23:445][ 94]LogShaderCompilers: Display: ================================================
[2023.01.07-23.49.23:452][ 94]LogShaderCompilers: Display: Shaders left to compile 0
[2023.01.07-23.49.23:469][ 94]LogModuleManager: Shutting down and abandoning module SequenceRecorderSections (564)
[2023.01.07-23.49.23:469][ 94]LogModuleManager: Shutting down and abandoning module SequenceRecorder (562)
[2023.01.07-23.49.23:469][ 94]LogModuleManager: Shutting down and abandoning module AutomationController (560)
[2023.01.07-23.49.23:469][ 94]LogModuleManager: Shutting down and abandoning module AutomationWorker (558)
[2023.01.07-23.49.23:469][ 94]LogModuleManager: Shutting down and abandoning module Voice (556)
[2023.01.07-23.49.23:469][ 94]LogModuleManager: Shutting down and abandoning module AIModule (554)
[2023.01.07-23.49.23:469][ 94]LogModuleManager: Shutting down and abandoning module GameplayDebugger (553)
[2023.01.07-23.49.23:469][ 94]LogModuleManager: Shutting down and abandoning module AITestSuite (551)
[2023.01.07-23.49.23:469][ 94]LogModuleManager: Shutting down and abandoning module NavigationSystem (549)
[2023.01.07-23.49.23:469][ 94]LogModuleManager: Shutting down and abandoning module AnimGraph (546)
[2023.01.07-23.49.23:469][ 94]LogModuleManager: Shutting down and abandoning module SteamVREditor (544)
[2023.01.07-23.49.23:469][ 94]LogModuleManager: Shutting down and abandoning module ToolMenus (543)
[2023.01.07-23.49.23:470][ 94]LogModuleManager: Shutting down and abandoning module OculusMR (540)
[2023.01.07-23.49.23:470][ 94]LogModuleManager: Shutting down and abandoning module OpenXRInput (538)
[2023.01.07-23.49.23:470][ 94]LogModuleManager: Shutting down and abandoning module TakeRecorderSources (536)
[2023.01.07-23.49.23:470][ 94]LogModuleManager: Shutting down and abandoning module TakeRecorder (535)
[2023.01.07-23.49.23:470][ 94]LogModuleManager: Shutting down and abandoning module TakeTrackRecorders (532)
[2023.01.07-23.49.23:470][ 94]LogModuleManager: Shutting down and abandoning module TakesCore (530)
[2023.01.07-23.49.23:470][ 94]LogModuleManager: Shutting down and abandoning module MagicLeapMediaCodecFactory (528)
[2023.01.07-23.49.23:470][ 94]LogModuleManager: Shutting down and abandoning module MagicLeapMediaFactory (526)
[2023.01.07-23.49.23:470][ 94]LogModuleManager: Shutting down and abandoning module PlanarCut (524)
[2023.01.07-23.49.23:470][ 94]LogModuleManager: Shutting down and abandoning module WmfMediaFactory (522)
[2023.01.07-23.49.23:470][ 94]LogModuleManager: Shutting down and abandoning module WebMMediaFactory (520)
[2023.01.07-23.49.23:470][ 94]LogModuleManager: Shutting down and abandoning module WebMMedia (518)
[2023.01.07-23.49.23:470][ 94]LogModuleManager: Shutting down and abandoning module OpenExrWrapper (516)
[2023.01.07-23.49.23:470][ 94]LogModuleManager: Shutting down and abandoning module ImgMediaFactory (514)
[2023.01.07-23.49.23:470][ 94]LogModuleManager: Shutting down and abandoning module AvfMediaFactory (512)
[2023.01.07-23.49.23:470][ 94]LogModuleManager: Shutting down and abandoning module CharacterAI (510)
[2023.01.07-23.49.23:470][ 94]LogModuleManager: Shutting down and abandoning module SessionServices (508)
[2023.01.07-23.49.23:470][ 94]LogModuleManager: Shutting down and abandoning module MovieSceneCapture (506)
[2023.01.07-23.49.23:470][ 94]LogModuleManager: Shutting down and abandoning module LiveCoding (504)
[2023.01.07-23.49.23:470][ 94]LogModuleManager: Shutting down and abandoning module LevelSequence (502)
[2023.01.07-23.49.23:470][ 94]LogModuleManager: Shutting down and abandoning module MovieSceneTracks (500)
[2023.01.07-23.49.23:470][ 94]LogModuleManager: Shutting down and abandoning module MovieScene (498)
[2023.01.07-23.49.23:470][ 94]LogModuleManager: Shutting down and abandoning module StreamingPauseRendering (496)
[2023.01.07-23.49.23:470][ 94]LogModuleManager: Shutting down and abandoning module PortalServices (494)
[2023.01.07-23.49.23:470][ 94]LogModuleManager: Shutting down and abandoning module PortalRpc (492)
[2023.01.07-23.49.23:470][ 94]LogModuleManager: Shutting down and abandoning module MessagingRpc (490)
[2023.01.07-23.49.23:470][ 94]LogModuleManager: Shutting down and abandoning module AudioMixerXAudio2 (488)
[2023.01.07-23.49.23:470][ 94]LogModuleManager: Shutting down and abandoning module AudioMixerCore (487)
[2023.01.07-23.49.23:470][ 94]LogModuleManager: Shutting down and abandoning module ImageWriteQueue (484)
[2023.01.07-23.49.23:472][ 94]LogModuleManager: Shutting down and abandoning module ProfilerService (482)
[2023.01.07-23.49.23:547][ 94]LogModuleManager: Shutting down and abandoning module TaskGraph (480)
[2023.01.07-23.49.23:547][ 94]LogModuleManager: Shutting down and abandoning module OculusInput (478)
[2023.01.07-23.49.23:547][ 94]LogModuleManager: Shutting down and abandoning module Synthesis (476)
[2023.01.07-23.49.23:547][ 94]LogModuleManager: Shutting down and abandoning module ProceduralMeshComponent (474)
[2023.01.07-23.49.23:547][ 94]LogModuleManager: Shutting down and abandoning module MobilePatchingUtils (472)
[2023.01.07-23.49.23:547][ 94]LogModuleManager: Shutting down and abandoning module EditableMesh (470)
[2023.01.07-23.49.23:547][ 94]LogModuleManager: Shutting down and abandoning module GooglePAD (468)
[2023.01.07-23.49.23:547][ 94]LogModuleManager: Shutting down and abandoning module CustomMeshComponent (466)
[2023.01.07-23.49.23:547][ 94]LogModuleManager: Shutting down and abandoning module CableComponent (464)
[2023.01.07-23.49.23:547][ 94]LogModuleManager: Shutting down and abandoning module AudioCapture (462)
[2023.01.07-23.49.23:547][ 94]LogModuleManager: Shutting down and abandoning module AudioCaptureRtAudio (461)
[2023.01.07-23.49.23:547][ 94]LogModuleManager: Shutting down and abandoning module ArchVisCharacter (458)
[2023.01.07-23.49.23:547][ 94]LogModuleManager: Shutting down and abandoning module AssetTags (456)
[2023.01.07-23.49.23:547][ 94]LogModuleManager: Shutting down and abandoning module AppleImageUtilsBlueprintSupport (454)
[2023.01.07-23.49.23:547][ 94]LogModuleManager: Shutting down and abandoning module AppleImageUtils (452)
[2023.01.07-23.49.23:547][ 94]LogModuleManager: Shutting down and abandoning module AndroidPermission (450)
[2023.01.07-23.49.23:547][ 94]LogModuleManager: Shutting down and abandoning module ActorLayerUtilities (448)
[2023.01.07-23.49.23:547][ 94]LogModuleManager: Shutting down and abandoning module TakeMovieScene (446)
[2023.01.07-23.49.23:547][ 94]LogModuleManager: Shutting down and abandoning module TemplateSequence (444)
[2023.01.07-23.49.23:547][ 94]LogModuleManager: Shutting down and abandoning module MagicLeapSharedWorld (442)
[2023.01.07-23.49.23:547][ 94]LogModuleManager: Shutting down and abandoning module MagicLeapLightEstimation (440)
[2023.01.07-23.49.23:547][ 94]LogModuleManager: Shutting down and abandoning module MagicLeapHelperVulkan (438)
[2023.01.07-23.49.23:547][ 94]LogModuleManager: Shutting down and abandoning module MagicLeapHelperOpenGL (436)
[2023.01.07-23.49.23:547][ 94]LogModuleManager: Shutting down and abandoning module MagicLeapAudio (434)
[2023.01.07-23.49.23:548][ 94]LogModuleManager: Shutting down and abandoning module OpenImageDenoise (432)
[2023.01.07-23.49.23:548][ 94]LogOpenImageDenoise: OIDN shutting down
[2023.01.07-23.49.23:548][ 94]LogModuleManager: Shutting down and abandoning module MotoSynth (430)
[2023.01.07-23.49.23:548][ 94]LogModuleManager: Shutting down and abandoning module MeshConversion (428)
[2023.01.07-23.49.23:548][ 94]LogModuleManager: Shutting down and abandoning module DynamicMesh (426)
[2023.01.07-23.49.23:548][ 94]LogModuleManager: Shutting down and abandoning module GeometryAlgorithms (424)
[2023.01.07-23.49.23:548][ 94]LogModuleManager: Shutting down and abandoning module GeometricObjects (422)
[2023.01.07-23.49.23:548][ 94]LogModuleManager: Shutting down and abandoning module MediaCompositing (420)
[2023.01.07-23.49.23:548][ 94]LogModuleManager: Shutting down and abandoning module ImgMedia (418)
[2023.01.07-23.49.23:548][ 94]LogModuleManager: Shutting down and abandoning module GeometryCollectionTracks (416)
[2023.01.07-23.49.23:548][ 94]LogModuleManager: Shutting down and abandoning module GeometryCollectionSequencer (415)
[2023.01.07-23.49.23:548][ 94]LogModuleManager: Shutting down and abandoning module GeometryCacheTracks (412)
[2023.01.07-23.49.23:548][ 94]LogModuleManager: Shutting down and abandoning module GeometryCacheSequencer (411)
[2023.01.07-23.49.23:548][ 94]LogModuleManager: Shutting down and abandoning module GeometryCache (408)
[2023.01.07-23.49.23:548][ 94]LogModuleManager: Shutting down and abandoning module GeometryCacheEd (407)
[2023.01.07-23.49.23:548][ 94]LogModuleManager: Shutting down and abandoning module ChaosNiagara (404)
[2023.01.07-23.49.23:548][ 94]LogModuleManager: Shutting down and abandoning module FieldSystemEngine (403)
[2023.01.07-23.49.23:548][ 94]LogModuleManager: Shutting down and abandoning module BackChannel (400)
[2023.01.07-23.49.23:548][ 94]LogModuleManager: Shutting down and abandoning module AutomationUtils (398)
[2023.01.07-23.49.23:548][ 94]LogModuleManager: Shutting down and abandoning module UObjectPlugin (396)
[2023.01.07-23.49.23:548][ 94]LogModuleManager: Shutting down and abandoning module VisualStudioSourceCodeAccess (394)
[2023.01.07-23.49.23:548][ 94]LogModuleManager: Shutting down and abandoning module HotReload (393)
[2023.01.07-23.49.23:548][ 94]LogModuleManager: Shutting down and abandoning module VisualStudioCodeSourceCodeAccess (390)
[2023.01.07-23.49.23:548][ 94]LogModuleManager: Shutting down and abandoning module SubversionSourceControl (388)
[2023.01.07-23.49.23:548][ 94]LogModuleManager: Shutting down and abandoning module PerforceSourceControl (386)
[2023.01.07-23.49.23:548][ 94]LogModuleManager: Shutting down and abandoning module SourceControl (385)
[2023.01.07-23.49.23:548][ 94]LogModuleManager: Shutting down and abandoning module CLionSourceCodeAccess (382)
[2023.01.07-23.49.23:548][ 94]LogModuleManager: Shutting down and abandoning module OodleNetworkHandlerComponent (380)
[2023.01.07-23.49.23:548][ 94]LogModuleManager: Shutting down and abandoning module LiveLinkSequencer (378)
[2023.01.07-23.49.23:548][ 94]LogModuleManager: Shutting down and abandoning module LiveLinkMovieScene (376)
[2023.01.07-23.49.23:548][ 94]LogModuleManager: Shutting down and abandoning module LiveLinkGraphNode (374)
[2023.01.07-23.49.23:548][ 94]LogModuleManager: Shutting down and abandoning module LiveLinkComponents (372)
[2023.01.07-23.49.23:548][ 94]LogModuleManager: Shutting down and abandoning module LiveLink (370)
[2023.01.07-23.49.23:788][ 94]LogModuleManager: Shutting down and abandoning module SoundFields (368)
[2023.01.07-23.49.23:788][ 94]LogModuleManager: Shutting down and abandoning module RuntimePhysXCooking (366)
[2023.01.07-23.49.23:788][ 94]LogModuleManager: Shutting down and abandoning module SignificanceManager (364)
[2023.01.07-23.49.23:788][ 94]LogModuleManager: Shutting down and abandoning module PropertyAccessEditor (362)
[2023.01.07-23.49.23:788][ 94]LogModuleManager: Shutting down and abandoning module PhysXVehiclesEditor (360)
[2023.01.07-23.49.23:788][ 94]LogModuleManager: Shutting down and abandoning module LocationServicesBPLibrary (356)
[2023.01.07-23.49.23:788][ 94]LogModuleManager: Shutting down and abandoning module AudioSynesthesia (354)
[2023.01.07-23.49.23:788][ 94]LogModuleManager: Shutting down and abandoning module AudioSynesthesiaCore (352)
[2023.01.07-23.49.23:788][ 94]LogModuleManager: Shutting down and abandoning module ApexDestructionEditor (350)
[2023.01.07-23.49.23:788][ 94]LogModuleManager: Shutting down and abandoning module ApexDestruction (348)
[2023.01.07-23.49.23:788][ 94]LogModuleManager: Shutting down and abandoning module MagicLeapARPin (346)
[2023.01.07-23.49.23:788][ 94]LogModuleManager: Shutting down and abandoning module MagicLeapHandMeshing (344)
[2023.01.07-23.49.23:788][ 94]LogModuleManager: Shutting down and abandoning module MagicLeapSecureStorage (342)
[2023.01.07-23.49.23:788][ 94]LogModuleManager: Shutting down and abandoning module MagicLeapPrivileges (340)
[2023.01.07-23.49.23:788][ 94]LogModuleManager: Shutting down and abandoning module MagicLeapPlanes (338)
[2023.01.07-23.49.23:788][ 94]LogMagicLeapPlanes: Planes tracker already destroyed.
[2023.01.07-23.49.23:788][ 94]LogModuleManager: Shutting down and abandoning module MagicLeapImageTracker (336)
[2023.01.07-23.49.23:788][ 94]LogModuleManager: Shutting down and abandoning module MagicLeapIdentity (334)
[2023.01.07-23.49.23:788][ 94]LogModuleManager: Shutting down and abandoning module MagicLeapHandTracking (332)
[2023.01.07-23.49.23:788][ 94]LogModuleManager: Shutting down and abandoning module MagicLeapEyeTracker (330)
[2023.01.07-23.49.23:788][ 94]LogModuleManager: Shutting down and abandoning module MagicLeapController (328)
[2023.01.07-23.49.23:788][ 94]LogModuleManager: Shutting down and abandoning module MagicLeapARPinImpl (326)
[2023.01.07-23.49.23:788][ 94]LogModuleManager: Shutting down and abandoning module MagicLeapAR (324)
[2023.01.07-23.49.23:788][ 94]LogModuleManager: Shutting down and abandoning module ActorSequence (322)
[2023.01.07-23.49.23:788][ 94]LogModuleManager: Shutting down and abandoning module PythonScriptPlugin (320)
[2023.01.07-23.49.23:788][ 94]LogModuleManager: Shutting down and abandoning module UdpMessaging (318)
[2023.01.07-23.49.23:889][ 94]LogModuleManager: Shutting down and abandoning module TcpMessaging (316)
[2023.01.07-23.49.24:274][ 94]LogModuleManager: Shutting down and abandoning module ImgMediaEngine (314)
[2023.01.07-23.49.24:274][ 94]LogModuleManager: Shutting down and abandoning module NiagaraAnimNotifies (312)
[2023.01.07-23.49.24:274][ 94]LogModuleManager: Shutting down and abandoning module Niagara (310)
[2023.01.07-23.49.24:274][ 94]LogModuleManager: Shutting down and abandoning module SignalProcessing (309)
[2023.01.07-23.49.24:274][ 94]LogModuleManager: Shutting down and abandoning module NiagaraEditor (307)
[2023.01.07-23.49.24:274][ 94]LogModuleManager: Shutting down and abandoning module ContentBrowser (306)
[2023.01.07-23.49.24:274][ 94]LogModuleManager: Shutting down and abandoning module CollectionManager (305)
[2023.01.07-23.49.24:275][ 94]LogModuleManager: Shutting down and abandoning module DirectoryWatcher (304)
[2023.01.07-23.49.24:275][ 94]LogModuleManager: Shutting down and abandoning module ContentBrowserData (301)
[2023.01.07-23.49.24:275][ 94]LogModuleManager: Shutting down and abandoning module NiagaraCore (296)
[2023.01.07-23.49.24:275][ 94]LogModuleManager: Shutting down and abandoning module PropertyAccessNode (294)
[2023.01.07-23.49.24:275][ 94]LogModuleManager: Shutting down and abandoning module AnimationSharing (292)
[2023.01.07-23.49.24:275][ 94]LogModuleManager: Shutting down and abandoning module GameplayTagsEditor (290)
[2023.01.07-23.49.24:275][ 94]LogModuleManager: Shutting down and abandoning module FacialAnimation (288)
[2023.01.07-23.49.24:275][ 94]LogModuleManager: Shutting down and abandoning module AssetManagerEditor (286)
[2023.01.07-23.49.24:275][ 94]LogModuleManager: Shutting down and abandoning module TreeMap (285)
[2023.01.07-23.49.24:275][ 94]LogModuleManager: Shutting down and abandoning module GameplayCameras (282)
[2023.01.07-23.49.24:275][ 94]LogModuleManager: Shutting down and abandoning module LightPropagationVolumeRuntime (280)
[2023.01.07-23.49.24:275][ 94]LogModuleManager: Shutting down and abandoning module EnvironmentQueryEditor (278)
[2023.01.07-23.49.24:275][ 94]LogModuleManager: Shutting down and abandoning module Paper2D (276)
[2023.01.07-23.49.24:275][ 94]LogModuleManager: Shutting down and abandoning module WindowsMoviePlayer (274)
[2023.01.07-23.49.24:275][ 94]LogModuleManager: Shutting down and abandoning module WebMMoviePlayer (272)
[2023.01.07-23.49.24:275][ 94]LogModuleManager: Shutting down and abandoning module NetworkReplayStreaming (270)
[2023.01.07-23.49.24:275][ 94]LogModuleManager: Shutting down and abandoning module PacketHandler (268)
[2023.01.07-23.49.24:275][ 94]LogModuleManager: Shutting down and abandoning module ClothingSystemEditor (266)
[2023.01.07-23.49.24:275][ 94]LogModuleManager: Shutting down and abandoning module ClothingSystemRuntimeNv (264)
[2023.01.07-23.49.24:275][ 94]LogModuleManager: Shutting down and abandoning module MediaAssets (262)
[2023.01.07-23.49.24:275][ 94]LogModuleManager: Shutting down and abandoning module Overlay (260)
[2023.01.07-23.49.24:275][ 94]LogModuleManager: Shutting down and abandoning module OverlayEditor (259)
[2023.01.07-23.49.24:275][ 94]LogModuleManager: Shutting down and abandoning module VREditor (256)
[2023.01.07-23.49.24:275][ 94]LogModuleManager: Shutting down and abandoning module StringTableEditor (254)
[2023.01.07-23.49.24:275][ 94]LogModuleManager: Shutting down and abandoning module GameplayTasksEditor (252)
[2023.01.07-23.49.24:275][ 94]LogModuleManager: Shutting down and abandoning module BehaviorTreeEditor (250)
[2023.01.07-23.49.24:275][ 94]LogModuleManager: Shutting down and abandoning module FunctionalTesting (248)
[2023.01.07-23.49.24:275][ 94]LogModuleManager: Shutting down and abandoning module CollisionAnalyzer (246)
[2023.01.07-23.49.24:276][ 94]LogModuleManager: Shutting down and abandoning module WorkspaceMenuStructure (245)
[2023.01.07-23.49.24:276][ 94]LogModuleManager: Shutting down and abandoning module UMG (242)
[2023.01.07-23.49.24:276][ 94]LogModuleManager: Shutting down and abandoning module UMGEditor (241)
[2023.01.07-23.49.24:276][ 94]LogModuleManager: Shutting down and abandoning module Sequencer (240)
[2023.01.07-23.49.24:276][ 94]LogModuleManager: Shutting down and abandoning module MessageLog (237)
[2023.01.07-23.49.24:276][ 94]LogModuleManager: Shutting down and abandoning module SlateReflector (232)
[2023.01.07-23.49.24:276][ 94]LogModuleManager: Shutting down and abandoning module Slate (230)
[2023.01.07-23.49.24:276][ 94]LogModuleManager: Shutting down and abandoning module SlateCore (228)
[2023.01.07-23.49.24:276][ 94]LogModuleManager: Shutting down and abandoning module LandscapeEditorUtilities (226)
[2023.01.07-23.49.24:276][ 94]LogModuleManager: Shutting down and abandoning module UnrealEd (224)
[2023.01.07-23.49.24:276][ 94]LogModuleManager: Shutting down and abandoning module MRMesh (222)
[2023.01.07-23.49.24:276][ 94]LogModuleManager: Shutting down and abandoning module Messaging (220)
[2023.01.07-23.49.24:276][ 94]LogModuleManager: Shutting down and abandoning module SourceCodeAccess (218)
[2023.01.07-23.49.24:277][ 94]LogModuleManager: Shutting down and abandoning module HeadMountedDisplay (216)
[2023.01.07-23.49.24:277][ 94]LogModuleManager: Shutting down and abandoning module XAudio2 (214)
[2023.01.07-23.49.24:277][ 94]LogModuleManager: Shutting down and abandoning module Networking (212)
[2023.01.07-23.49.24:277][ 94]LogModuleManager: Shutting down and abandoning module Core (210)
[2023.01.07-23.49.24:277][ 94]LogModuleManager: Shutting down and abandoning module MaterialEditor (208)
[2023.01.07-23.49.24:277][ 94]LogModuleManager: Shutting down and abandoning module MovieSceneTools (206)
[2023.01.07-23.49.24:277][ 94]LogModuleManager: Shutting down and abandoning module EditorStyle (205)
[2023.01.07-23.49.24:277][ 94]LogModuleManager: Shutting down and abandoning module KismetCompiler (202)
[2023.01.07-23.49.24:277][ 94]LogModuleManager: Shutting down and abandoning module MeshBuilder (200)
[2023.01.07-23.49.24:277][ 94]LogModuleManager: Shutting down and abandoning module MeshUtilities (198)
[2023.01.07-23.49.24:277][ 94]LogModuleManager: Shutting down and abandoning module MeshMergeUtilities (197)
[2023.01.07-23.49.24:277][ 94]LogModuleManager: Shutting down and abandoning module MeshReductionInterface (196)
[2023.01.07-23.49.24:277][ 94]LogModuleManager: Shutting down and abandoning module MeshBoneReduction (195)
[2023.01.07-23.49.24:277][ 94]LogModuleManager: Shutting down and abandoning module SkeletalMeshReduction (193)
[2023.01.07-23.49.24:277][ 94]LogModuleManager: Shutting down and abandoning module ProxyLODMeshReduction (191)
[2023.01.07-23.49.24:277][ 94]LogModuleManager: Shutting down and abandoning module QuadricMeshReduction (189)
[2023.01.07-23.49.24:277][ 94]LogModuleManager: Shutting down and abandoning module MaterialBaking (185)
[2023.01.07-23.49.24:277][ 94]LogModuleManager: Shutting down and abandoning module NullInstallBundleManager (180)
[2023.01.07-23.49.24:277][ 94]LogModuleManager: Shutting down and abandoning module PIEPreviewDeviceProfileSelector (178)
[2023.01.07-23.49.24:277][ 94]LogModuleManager: Shutting down and abandoning module DerivedDataCache (176)
[2023.01.07-23.49.24:277][ 94]LogModuleManager: Shutting down and abandoning module TargetPlatform (174)
[2023.01.07-23.49.24:277][ 94]LogModuleManager: Shutting down and abandoning module VulkanShaderFormat (173)
[2023.01.07-23.49.24:277][ 94]LogModuleManager: Shutting down and abandoning module ShaderFormatVectorVM (171)
[2023.01.07-23.49.24:277][ 94]LogModuleManager: Shutting down and abandoning module ShaderFormatOpenGL (169)
[2023.01.07-23.49.24:277][ 94]LogModuleManager: Shutting down and abandoning module ShaderFormatD3D (167)
[2023.01.07-23.49.24:277][ 94]LogModuleManager: Shutting down and abandoning module MetalShaderFormat (165)
[2023.01.07-23.49.24:277][ 94]LogModuleManager: Shutting down and abandoning module TextureFormatOodle (163)
[2023.01.07-23.49.24:277][ 94]LogModuleManager: Shutting down and abandoning module TextureFormatUncompressed (161)
[2023.01.07-23.49.24:277][ 94]LogModuleManager: Shutting down and abandoning module TextureFormatPVR (159)
[2023.01.07-23.49.24:277][ 94]LogModuleManager: Shutting down and abandoning module TextureFormatETC2 (157)
[2023.01.07-23.49.24:277][ 94]LogModuleManager: Shutting down and abandoning module TextureFormatDXT (155)
[2023.01.07-23.49.24:277][ 94]LogModuleManager: Shutting down and abandoning module TextureFormatIntelISPCTexComp (153)
[2023.01.07-23.49.24:277][ 94]LogModuleManager: Shutting down and abandoning module TextureFormatASTC (151)
[2023.01.07-23.49.24:277][ 94]LogModuleManager: Shutting down and abandoning module ImageWrapper (150)
[2023.01.07-23.49.24:277][ 94]LogModuleManager: Shutting down and abandoning module AudioFormatOpus (147)
[2023.01.07-23.49.24:277][ 94]LogModuleManager: Shutting down and abandoning module AudioFormatOgg (145)
[2023.01.07-23.49.24:277][ 94]LogModuleManager: Shutting down and abandoning module AudioFormatADPCM (143)
[2023.01.07-23.49.24:277][ 94]LogModuleManager: Shutting down and abandoning module WindowsServerTargetPlatform (141)
[2023.01.07-23.49.24:277][ 94]LogModuleManager: Shutting down and abandoning module WindowsClientTargetPlatform (139)
[2023.01.07-23.49.24:277][ 94]LogModuleManager: Shutting down and abandoning module WindowsTargetPlatform (137)
[2023.01.07-23.49.24:277][ 94]LogModuleManager: Shutting down and abandoning module WindowsNoEditorTargetPlatform (135)
[2023.01.07-23.49.24:277][ 94]LogModuleManager: Shutting down and abandoning module D3D11RHI (132)
[2023.01.07-23.49.24:277][ 94]LogModuleManager: Shutting down and abandoning module InputCore (130)
[2023.01.07-23.49.24:277][ 94]LogModuleManager: Shutting down and abandoning module Settings (128)
[2023.01.07-23.49.24:277][ 94]LogModuleManager: Shutting down and abandoning module PhysXCooking (126)
[2023.01.07-23.49.24:277][ 94]LogModuleManager: Shutting down and abandoning module Chaos (124)
[2023.01.07-23.49.24:277][ 94]LogModuleManager: Shutting down and abandoning module WindowsPlatformFeatures (122)
[2023.01.07-23.49.24:277][ 94]LogModuleManager: Shutting down and abandoning module GameplayMediaEncoder (121)
[2023.01.07-23.49.24:277][ 94]LogModuleManager: Shutting down and abandoning module AVEncoder (120)
[2023.01.07-23.49.24:277][ 94]LogModuleManager: Shutting down and abandoning module SteamVRInputDevice (116)
[2023.01.07-23.49.24:277][ 94]LogModuleManager: Shutting down and abandoning module SteamVRInput (114)
[2023.01.07-23.49.24:277][ 94]LogModuleManager: Shutting down and abandoning module SteamVR (112)
[2023.01.07-23.49.24:277][ 94]LogHMD: Freeing OpenVRDLLHandle.
[2023.01.07-23.49.24:277][ 94]LogModuleManager: Shutting down and abandoning module OculusHMD (110)
[2023.01.07-23.49.24:277][ 94]LogModuleManager: Shutting down and abandoning module OpenXRAR (108)
[2023.01.07-23.49.24:277][ 94]LogModuleManager: Shutting down and abandoning module AugmentedReality (107)
[2023.01.07-23.49.24:277][ 94]LogModuleManager: Shutting down and abandoning module OpenXREyeTracker (104)
[2023.01.07-23.49.24:277][ 94]LogModuleManager: Shutting down and abandoning module OpenXRHandTracking (102)
[2023.01.07-23.49.24:277][ 94]LogSlate: Slate User Destroyed.  User Index 0, Is Virtual User: 0
[2023.01.07-23.49.24:277][ 94]LogModuleManager: Shutting down and abandoning module OpenXRHMD (101)
[2023.01.07-23.49.24:277][ 94]LogModuleManager: Shutting down and abandoning module ExampleDeviceProfileSelector (98)
[2023.01.07-23.49.24:277][ 94]LogModuleManager: Shutting down and abandoning module ChunkDownloader (96)
[2023.01.07-23.49.24:277][ 94]LogModuleManager: Shutting down and abandoning module LauncherChunkInstaller (94)
[2023.01.07-23.49.24:277][ 94]LogModuleManager: Shutting down and abandoning module MLSDK (92)
[2023.01.07-23.49.24:277][ 94]LogModuleManager: Shutting down and abandoning module OnlineBlueprintSupport (90)
[2023.01.07-23.49.24:277][ 94]LogModuleManager: Shutting down and abandoning module OnlineSubsystem (86)
[2023.01.07-23.49.24:278][ 94]LogModuleManager: Shutting down and abandoning module XMPP (81)
[2023.01.07-23.49.24:278][ 94]LogModuleManager: Shutting down and abandoning module WebSockets (80)
[2023.01.07-23.49.24:288][ 94]LogModuleManager: Shutting down and abandoning module HTTP (77)
[2023.01.07-23.49.24:288][ 94]LogHttp: Display: cleaning up 0 outstanding Http requests.
[2023.01.07-23.49.24:306][ 94]LogModuleManager: Shutting down and abandoning module SSL (76)
[2023.01.07-23.49.24:307][ 94]LogModuleManager: Shutting down and abandoning module MagicLeap (72)
[2023.01.07-23.49.24:307][ 94]LogModuleManager: Shutting down and abandoning module WmfMedia (70)
[2023.01.07-23.49.24:308][ 94]LogModuleManager: Shutting down and abandoning module Media (69)
[2023.01.07-23.49.24:308][ 94]LogModuleManager: Shutting down and abandoning module MediaInfo (68)
[2023.01.07-23.49.24:308][ 94]LogModuleManager: Shutting down and abandoning module ExrReaderGpu (64)
[2023.01.07-23.49.24:308][ 94]LogModuleManager: Shutting down and abandoning module ChaosCloth (62)
[2023.01.07-23.49.24:308][ 94]LogModuleManager: Shutting down and abandoning module NiagaraVertexFactories (60)
[2023.01.07-23.49.24:308][ 94]LogModuleManager: Shutting down and abandoning module NiagaraShader (58)
[2023.01.07-23.49.24:308][ 94]LogModuleManager: Shutting down and abandoning module VariantManagerContent (56)
[2023.01.07-23.49.24:308][ 94]LogModuleManager: Shutting down and abandoning module DatasmithContent (54)
[2023.01.07-23.49.24:309][ 94]LogModuleManager: Shutting down and abandoning module PixWinPlugin (52)
[2023.01.07-23.49.24:309][ 94]LogModuleManager: Shutting down and abandoning module AISupportModule (50)
[2023.01.07-23.49.24:309][ 94]LogModuleManager: Shutting down and abandoning module DesktopPlatform (48)
[2023.01.07-23.49.24:309][ 94]LogModuleManager: Shutting down and abandoning module PlatformCryptoOpenSSL (46)
[2023.01.07-23.49.24:309][ 94]LogModuleManager: Shutting down and abandoning module PlatformCryptoTypes (44)
[2023.01.07-23.49.24:309][ 94]LogModuleManager: Shutting down and abandoning module PlatformCrypto (42)
[2023.01.07-23.49.24:309][ 94]LogModuleManager: Shutting down and abandoning module PythonScriptPluginPreload (40)
[2023.01.07-23.49.24:309][ 94]LogModuleManager: Shutting down and abandoning module OodleDataCompressionFormat (38)
[2023.01.07-23.49.24:309][ 94]LogModuleManager: Shutting down and abandoning module XGEController (36)
[2023.01.07-23.49.24:309][ 94]LogModuleManager: Shutting down and abandoning module AnimationModifiers (34)
[2023.01.07-23.49.24:309][ 94]LogModuleManager: Shutting down and abandoning module AudioEditor (32)
[2023.01.07-23.49.24:309][ 94]LogModuleManager: Shutting down and abandoning module PropertyEditor (31)
[2023.01.07-23.49.24:309][ 94]LogModuleManager: Shutting down and abandoning module TextureCompressor (28)
[2023.01.07-23.49.24:309][ 94]LogModuleManager: Shutting down and abandoning module RenderCore (26)
[2023.01.07-23.49.24:309][ 94]LogModuleManager: Shutting down and abandoning module Landscape (24)
[2023.01.07-23.49.24:309][ 94]LogModuleManager: Shutting down and abandoning module SlateRHIRenderer (22)
[2023.01.07-23.49.24:309][ 94]LogModuleManager: Shutting down and abandoning module AnimGraphRuntime (20)
[2023.01.07-23.49.24:309][ 94]LogModuleManager: Shutting down and abandoning module Renderer (18)
[2023.01.07-23.49.24:309][ 94]LogModuleManager: Shutting down and abandoning module Engine (16)
[2023.01.07-23.49.24:309][ 94]LogModuleManager: Shutting down and abandoning module CoreUObject (14)
[2023.01.07-23.49.24:309][ 94]LogModuleManager: Shutting down and abandoning module NetworkFile (12)
[2023.01.07-23.49.24:309][ 94]LogModuleManager: Shutting down and abandoning module CookedIterativeFile (10)
[2023.01.07-23.49.24:309][ 94]LogModuleManager: Shutting down and abandoning module StreamingFile (8)
[2023.01.07-23.49.24:309][ 94]LogModuleManager: Shutting down and abandoning module SandboxFile (6)
[2023.01.07-23.49.24:309][ 94]LogModuleManager: Shutting down and abandoning module PakFile (4)
[2023.01.07-23.49.24:309][ 94]LogModuleManager: Shutting down and abandoning module RSA (3)
[2023.01.07-23.49.24:714][ 94]LogContentStreaming: Display: There are 1 unreleased StreamingManagers
[2023.01.07-23.49.24:723][ 94]LogD3D11RHI: Shutdown
[2023.01.07-23.49.24:723][ 94]LogD3D11RHI: CleanupD3DDevice
[2023.01.07-23.49.24:724][ 94]LogExit: Exiting.
[2023.01.07-23.49.24:733][ 94]Log file closed, 01/07/23 23:49:24
